 
****************************************
Report : timing
        -path full
        -delay max
        -max_paths 1
Design : DLX
Version: Z-2007.03-SP1
Date   : Mon Oct 26 02:13:09 2015
****************************************

 # A fanout number of 1000 was used for high fanout net computations.

Operating Conditions: typical   Library: NangateOpenCellLibrary
Wire Load Model Mode: top

  Startpoint: DATAPATH_INST/INST_EXECUTE/ALUCOMP/MULT_INST/PIPE_1_3/FF_6/Q_reg
              (rising edge-triggered flip-flop clocked by CLK)
  Endpoint: DATAPATH_INST/INST_EXECUTE/ALUCOMP/MULT_INST/PIPE_2_1/FF_16/Q_reg
            (rising edge-triggered flip-flop clocked by CLK)
  Path Group: CLK
  Path Type: max

  Des/Clust/Port     Wire Load Model       Library
  ------------------------------------------------
  DLX                0K_hvratio_1_4        NangateOpenCellLibrary

  Point                                                   Incr       Path
  --------------------------------------------------------------------------
  clock CLK (rise edge)                                   0.00       0.00
  clock network delay (ideal)                             0.00       0.00
  DATAPATH_INST/INST_EXECUTE/ALUCOMP/MULT_INST/PIPE_1_3/FF_6/Q_reg/CK (DFF_X1)
                                                          0.00 #     0.00 r
  DATAPATH_INST/INST_EXECUTE/ALUCOMP/MULT_INST/PIPE_1_3/FF_6/Q_reg/QN (DFF_X1)
                                                          0.07       0.07 f
  DATAPATH_INST/INST_EXECUTE/ALUCOMP/MULT_INST/PIPE_1_3/FF_6/U3/ZN (INV_X2)
                                                          0.02       0.09 r
  DATAPATH_INST/INST_EXECUTE/ALUCOMP/MULT_INST/PIPE_1_3/FF_6/Q (FD_101)
                                                          0.00       0.09 r
  DATAPATH_INST/INST_EXECUTE/ALUCOMP/MULT_INST/PIPE_1_3/Q[6] (REG_N16_5)
                                                          0.00       0.09 r
  DATAPATH_INST/INST_EXECUTE/ALUCOMP/MULT_INST/COMP_2/B[6] (BOOTHMUL_COMP_2)
                                                          0.00       0.09 r
  DATAPATH_INST/INST_EXECUTE/ALUCOMP/MULT_INST/COMP_2/ENCODERS_3/TO_ENC[1] (BOOTH_ENCODER_5)
                                                          0.00       0.09 r
  DATAPATH_INST/INST_EXECUTE/ALUCOMP/MULT_INST/COMP_2/ENCODERS_3/U4/ZN (NAND2_X2)
                                                          0.02       0.10 f
  DATAPATH_INST/INST_EXECUTE/ALUCOMP/MULT_INST/COMP_2/ENCODERS_3/U3/ZN (INV_X2)
                                                          0.01       0.12 r
  DATAPATH_INST/INST_EXECUTE/ALUCOMP/MULT_INST/COMP_2/ENCODERS_3/U2/ZN (NAND2_X2)
                                                          0.01       0.13 f
  DATAPATH_INST/INST_EXECUTE/ALUCOMP/MULT_INST/COMP_2/ENCODERS_3/U5/ZN (NAND2_X2)
                                                          0.02       0.15 r
  DATAPATH_INST/INST_EXECUTE/ALUCOMP/MULT_INST/COMP_2/ENCODERS_3/ENC[1] (BOOTH_ENCODER_5)
                                                          0.00       0.15 r
  DATAPATH_INST/INST_EXECUTE/ALUCOMP/MULT_INST/COMP_2/MUX_INST_0/SEL[1] (MUX51_GEN_N19_5)
                                                          0.00       0.15 r
  DATAPATH_INST/INST_EXECUTE/ALUCOMP/MULT_INST/COMP_2/MUX_INST_0/U33/ZN (AND2_X4)
                                                          0.03       0.18 r
  DATAPATH_INST/INST_EXECUTE/ALUCOMP/MULT_INST/COMP_2/MUX_INST_0/U3/ZN (NAND2_X1)
                                                          0.01       0.19 f
  DATAPATH_INST/INST_EXECUTE/ALUCOMP/MULT_INST/COMP_2/MUX_INST_0/U6/ZN (AND2_X2)
                                                          0.03       0.22 f
  DATAPATH_INST/INST_EXECUTE/ALUCOMP/MULT_INST/COMP_2/MUX_INST_0/U11/ZN (AND2_X4)
                                                          0.03       0.25 f
  DATAPATH_INST/INST_EXECUTE/ALUCOMP/MULT_INST/COMP_2/MUX_INST_0/U20/ZN (NAND2_X4)
                                                          0.01       0.26 r
  DATAPATH_INST/INST_EXECUTE/ALUCOMP/MULT_INST/COMP_2/MUX_INST_0/U19/ZN (NAND4_X4)
                                                          0.02       0.28 f
  DATAPATH_INST/INST_EXECUTE/ALUCOMP/MULT_INST/COMP_2/MUX_INST_0/Y[1] (MUX51_GEN_N19_5)
                                                          0.00       0.28 f
  DATAPATH_INST/INST_EXECUTE/ALUCOMP/MULT_INST/COMP_2/RCA_INST_1_0/B[1] (RCA_GEN_NO_C_N19_5)
                                                          0.00       0.28 f
  DATAPATH_INST/INST_EXECUTE/ALUCOMP/MULT_INST/COMP_2/RCA_INST_1_0/FAI_0/B (FA_154)
                                                          0.00       0.28 f
  DATAPATH_INST/INST_EXECUTE/ALUCOMP/MULT_INST/COMP_2/RCA_INST_1_0/FAI_0/XOR_GATE_1/B (XOR_GATE_1_312)
                                                          0.00       0.28 f
  DATAPATH_INST/INST_EXECUTE/ALUCOMP/MULT_INST/COMP_2/RCA_INST_1_0/FAI_0/XOR_GATE_1/U2/ZN (INV_X2)
                                                          0.02       0.29 r
  DATAPATH_INST/INST_EXECUTE/ALUCOMP/MULT_INST/COMP_2/RCA_INST_1_0/FAI_0/XOR_GATE_1/U3/ZN (NAND2_X2)
                                                          0.01       0.31 f
  DATAPATH_INST/INST_EXECUTE/ALUCOMP/MULT_INST/COMP_2/RCA_INST_1_0/FAI_0/XOR_GATE_1/U4/ZN (NAND2_X2)
                                                          0.02       0.32 r
  DATAPATH_INST/INST_EXECUTE/ALUCOMP/MULT_INST/COMP_2/RCA_INST_1_0/FAI_0/XOR_GATE_1/Y (XOR_GATE_1_312)
                                                          0.00       0.32 r
  DATAPATH_INST/INST_EXECUTE/ALUCOMP/MULT_INST/COMP_2/RCA_INST_1_0/FAI_0/AND_GATE_2/A (AND_GATE_1_311)
                                                          0.00       0.32 r
  DATAPATH_INST/INST_EXECUTE/ALUCOMP/MULT_INST/COMP_2/RCA_INST_1_0/FAI_0/AND_GATE_2/U1/ZN (AND2_X4)
                                                          0.03       0.35 r
  DATAPATH_INST/INST_EXECUTE/ALUCOMP/MULT_INST/COMP_2/RCA_INST_1_0/FAI_0/AND_GATE_2/Y (AND_GATE_1_311)
                                                          0.00       0.35 r
  DATAPATH_INST/INST_EXECUTE/ALUCOMP/MULT_INST/COMP_2/RCA_INST_1_0/FAI_0/OR_GATE_1/B (OR_GATE_154)
                                                          0.00       0.35 r
  DATAPATH_INST/INST_EXECUTE/ALUCOMP/MULT_INST/COMP_2/RCA_INST_1_0/FAI_0/OR_GATE_1/U1/ZN (OR2_X4)
                                                          0.02       0.37 r
  DATAPATH_INST/INST_EXECUTE/ALUCOMP/MULT_INST/COMP_2/RCA_INST_1_0/FAI_0/OR_GATE_1/Y (OR_GATE_154)
                                                          0.00       0.37 r
  DATAPATH_INST/INST_EXECUTE/ALUCOMP/MULT_INST/COMP_2/RCA_INST_1_0/FAI_0/Co (FA_154)
                                                          0.00       0.37 r
  DATAPATH_INST/INST_EXECUTE/ALUCOMP/MULT_INST/COMP_2/RCA_INST_1_0/FAI_1/Ci (FA_153)
                                                          0.00       0.37 r
  DATAPATH_INST/INST_EXECUTE/ALUCOMP/MULT_INST/COMP_2/RCA_INST_1_0/FAI_1/AND_GATE_2/B (AND_GATE_1_309)
                                                          0.00       0.37 r
  DATAPATH_INST/INST_EXECUTE/ALUCOMP/MULT_INST/COMP_2/RCA_INST_1_0/FAI_1/AND_GATE_2/U1/ZN (AND2_X4)
                                                          0.03       0.40 r
  DATAPATH_INST/INST_EXECUTE/ALUCOMP/MULT_INST/COMP_2/RCA_INST_1_0/FAI_1/AND_GATE_2/Y (AND_GATE_1_309)
                                                          0.00       0.40 r
  DATAPATH_INST/INST_EXECUTE/ALUCOMP/MULT_INST/COMP_2/RCA_INST_1_0/FAI_1/OR_GATE_1/B (OR_GATE_153)
                                                          0.00       0.40 r
  DATAPATH_INST/INST_EXECUTE/ALUCOMP/MULT_INST/COMP_2/RCA_INST_1_0/FAI_1/OR_GATE_1/U2/ZN (INV_X4)
                                                          0.01       0.40 f
  DATAPATH_INST/INST_EXECUTE/ALUCOMP/MULT_INST/COMP_2/RCA_INST_1_0/FAI_1/OR_GATE_1/U3/ZN (NAND2_X4)
                                                          0.01       0.41 r
  DATAPATH_INST/INST_EXECUTE/ALUCOMP/MULT_INST/COMP_2/RCA_INST_1_0/FAI_1/OR_GATE_1/Y (OR_GATE_153)
                                                          0.00       0.41 r
  DATAPATH_INST/INST_EXECUTE/ALUCOMP/MULT_INST/COMP_2/RCA_INST_1_0/FAI_1/Co (FA_153)
                                                          0.00       0.41 r
  DATAPATH_INST/INST_EXECUTE/ALUCOMP/MULT_INST/COMP_2/RCA_INST_1_0/FAI_2/Ci (FA_152)
                                                          0.00       0.41 r
  DATAPATH_INST/INST_EXECUTE/ALUCOMP/MULT_INST/COMP_2/RCA_INST_1_0/FAI_2/XOR_GATE_2/B (XOR_GATE_1_307)
                                                          0.00       0.41 r
  DATAPATH_INST/INST_EXECUTE/ALUCOMP/MULT_INST/COMP_2/RCA_INST_1_0/FAI_2/XOR_GATE_2/U1/Z (XOR2_X1)
                                                          0.06       0.47 r
  DATAPATH_INST/INST_EXECUTE/ALUCOMP/MULT_INST/COMP_2/RCA_INST_1_0/FAI_2/XOR_GATE_2/Y (XOR_GATE_1_307)
                                                          0.00       0.47 r
  DATAPATH_INST/INST_EXECUTE/ALUCOMP/MULT_INST/COMP_2/RCA_INST_1_0/FAI_2/S (FA_152)
                                                          0.00       0.47 r
  DATAPATH_INST/INST_EXECUTE/ALUCOMP/MULT_INST/COMP_2/RCA_INST_1_0/S[3] (RCA_GEN_NO_C_N19_5)
                                                          0.00       0.47 r
  DATAPATH_INST/INST_EXECUTE/ALUCOMP/MULT_INST/COMP_2/RCA_INST_1_1/A[1] (RCA_GEN_NO_C_N19_4)
                                                          0.00       0.47 r
  DATAPATH_INST/INST_EXECUTE/ALUCOMP/MULT_INST/COMP_2/RCA_INST_1_1/FAI_0/A (FA_136)
                                                          0.00       0.47 r
  DATAPATH_INST/INST_EXECUTE/ALUCOMP/MULT_INST/COMP_2/RCA_INST_1_1/FAI_0/XOR_GATE_1/A (XOR_GATE_1_275)
                                                          0.00       0.47 r
  DATAPATH_INST/INST_EXECUTE/ALUCOMP/MULT_INST/COMP_2/RCA_INST_1_1/FAI_0/XOR_GATE_1/U4/ZN (INV_X1)
                                                          0.01       0.48 f
  DATAPATH_INST/INST_EXECUTE/ALUCOMP/MULT_INST/COMP_2/RCA_INST_1_1/FAI_0/XOR_GATE_1/U2/ZN (NAND2_X1)
                                                          0.01       0.50 r
  DATAPATH_INST/INST_EXECUTE/ALUCOMP/MULT_INST/COMP_2/RCA_INST_1_1/FAI_0/XOR_GATE_1/U3/ZN (NAND2_X1)
                                                          0.01       0.51 f
  DATAPATH_INST/INST_EXECUTE/ALUCOMP/MULT_INST/COMP_2/RCA_INST_1_1/FAI_0/XOR_GATE_1/Y (XOR_GATE_1_275)
                                                          0.00       0.51 f
  DATAPATH_INST/INST_EXECUTE/ALUCOMP/MULT_INST/COMP_2/RCA_INST_1_1/FAI_0/AND_GATE_2/A (AND_GATE_1_274)
                                                          0.00       0.51 f
  DATAPATH_INST/INST_EXECUTE/ALUCOMP/MULT_INST/COMP_2/RCA_INST_1_1/FAI_0/AND_GATE_2/U1/ZN (AND2_X2)
                                                          0.03       0.54 f
  DATAPATH_INST/INST_EXECUTE/ALUCOMP/MULT_INST/COMP_2/RCA_INST_1_1/FAI_0/AND_GATE_2/Y (AND_GATE_1_274)
                                                          0.00       0.54 f
  DATAPATH_INST/INST_EXECUTE/ALUCOMP/MULT_INST/COMP_2/RCA_INST_1_1/FAI_0/OR_GATE_1/B (OR_GATE_136)
                                                          0.00       0.54 f
  DATAPATH_INST/INST_EXECUTE/ALUCOMP/MULT_INST/COMP_2/RCA_INST_1_1/FAI_0/OR_GATE_1/U1/ZN (OR2_X4)
                                                          0.04       0.58 f
  DATAPATH_INST/INST_EXECUTE/ALUCOMP/MULT_INST/COMP_2/RCA_INST_1_1/FAI_0/OR_GATE_1/Y (OR_GATE_136)
                                                          0.00       0.58 f
  DATAPATH_INST/INST_EXECUTE/ALUCOMP/MULT_INST/COMP_2/RCA_INST_1_1/FAI_0/Co (FA_136)
                                                          0.00       0.58 f
  DATAPATH_INST/INST_EXECUTE/ALUCOMP/MULT_INST/COMP_2/RCA_INST_1_1/FAI_1/Ci (FA_135)
                                                          0.00       0.58 f
  DATAPATH_INST/INST_EXECUTE/ALUCOMP/MULT_INST/COMP_2/RCA_INST_1_1/FAI_1/AND_GATE_2/B (AND_GATE_1_272)
                                                          0.00       0.58 f
  DATAPATH_INST/INST_EXECUTE/ALUCOMP/MULT_INST/COMP_2/RCA_INST_1_1/FAI_1/AND_GATE_2/U1/ZN (AND2_X4)
                                                          0.03       0.60 f
  DATAPATH_INST/INST_EXECUTE/ALUCOMP/MULT_INST/COMP_2/RCA_INST_1_1/FAI_1/AND_GATE_2/Y (AND_GATE_1_272)
                                                          0.00       0.60 f
  DATAPATH_INST/INST_EXECUTE/ALUCOMP/MULT_INST/COMP_2/RCA_INST_1_1/FAI_1/OR_GATE_1/B (OR_GATE_135)
                                                          0.00       0.60 f
  DATAPATH_INST/INST_EXECUTE/ALUCOMP/MULT_INST/COMP_2/RCA_INST_1_1/FAI_1/OR_GATE_1/U1/ZN (OR2_X4)
                                                          0.04       0.64 f
  DATAPATH_INST/INST_EXECUTE/ALUCOMP/MULT_INST/COMP_2/RCA_INST_1_1/FAI_1/OR_GATE_1/Y (OR_GATE_135)
                                                          0.00       0.64 f
  DATAPATH_INST/INST_EXECUTE/ALUCOMP/MULT_INST/COMP_2/RCA_INST_1_1/FAI_1/Co (FA_135)
                                                          0.00       0.64 f
  DATAPATH_INST/INST_EXECUTE/ALUCOMP/MULT_INST/COMP_2/RCA_INST_1_1/FAI_2/Ci (FA_134)
                                                          0.00       0.64 f
  DATAPATH_INST/INST_EXECUTE/ALUCOMP/MULT_INST/COMP_2/RCA_INST_1_1/FAI_2/AND_GATE_2/B (AND_GATE_1_270)
                                                          0.00       0.64 f
  DATAPATH_INST/INST_EXECUTE/ALUCOMP/MULT_INST/COMP_2/RCA_INST_1_1/FAI_2/AND_GATE_2/U1/ZN (AND2_X4)
                                                          0.03       0.67 f
  DATAPATH_INST/INST_EXECUTE/ALUCOMP/MULT_INST/COMP_2/RCA_INST_1_1/FAI_2/AND_GATE_2/Y (AND_GATE_1_270)
                                                          0.00       0.67 f
  DATAPATH_INST/INST_EXECUTE/ALUCOMP/MULT_INST/COMP_2/RCA_INST_1_1/FAI_2/OR_GATE_1/B (OR_GATE_134)
                                                          0.00       0.67 f
  DATAPATH_INST/INST_EXECUTE/ALUCOMP/MULT_INST/COMP_2/RCA_INST_1_1/FAI_2/OR_GATE_1/U1/ZN (INV_X4)
                                                          0.01       0.68 r
  DATAPATH_INST/INST_EXECUTE/ALUCOMP/MULT_INST/COMP_2/RCA_INST_1_1/FAI_2/OR_GATE_1/U3/ZN (NAND2_X4)
                                                          0.01       0.69 f
  DATAPATH_INST/INST_EXECUTE/ALUCOMP/MULT_INST/COMP_2/RCA_INST_1_1/FAI_2/OR_GATE_1/Y (OR_GATE_134)
                                                          0.00       0.69 f
  DATAPATH_INST/INST_EXECUTE/ALUCOMP/MULT_INST/COMP_2/RCA_INST_1_1/FAI_2/Co (FA_134)
                                                          0.00       0.69 f
  DATAPATH_INST/INST_EXECUTE/ALUCOMP/MULT_INST/COMP_2/RCA_INST_1_1/FAI_3/Ci (FA_133)
                                                          0.00       0.69 f
  DATAPATH_INST/INST_EXECUTE/ALUCOMP/MULT_INST/COMP_2/RCA_INST_1_1/FAI_3/AND_GATE_2/B (AND_GATE_1_268)
                                                          0.00       0.69 f
  DATAPATH_INST/INST_EXECUTE/ALUCOMP/MULT_INST/COMP_2/RCA_INST_1_1/FAI_3/AND_GATE_2/U1/ZN (AND2_X2)
                                                          0.03       0.72 f
  DATAPATH_INST/INST_EXECUTE/ALUCOMP/MULT_INST/COMP_2/RCA_INST_1_1/FAI_3/AND_GATE_2/Y (AND_GATE_1_268)
                                                          0.00       0.72 f
  DATAPATH_INST/INST_EXECUTE/ALUCOMP/MULT_INST/COMP_2/RCA_INST_1_1/FAI_3/OR_GATE_1/B (OR_GATE_133)
                                                          0.00       0.72 f
  DATAPATH_INST/INST_EXECUTE/ALUCOMP/MULT_INST/COMP_2/RCA_INST_1_1/FAI_3/OR_GATE_1/U1/ZN (OR2_X4)
                                                          0.04       0.76 f
  DATAPATH_INST/INST_EXECUTE/ALUCOMP/MULT_INST/COMP_2/RCA_INST_1_1/FAI_3/OR_GATE_1/Y (OR_GATE_133)
                                                          0.00       0.76 f
  DATAPATH_INST/INST_EXECUTE/ALUCOMP/MULT_INST/COMP_2/RCA_INST_1_1/FAI_3/Co (FA_133)
                                                          0.00       0.76 f
  DATAPATH_INST/INST_EXECUTE/ALUCOMP/MULT_INST/COMP_2/RCA_INST_1_1/FAI_4/Ci (FA_132)
                                                          0.00       0.76 f
  DATAPATH_INST/INST_EXECUTE/ALUCOMP/MULT_INST/COMP_2/RCA_INST_1_1/FAI_4/AND_GATE_2/B (AND_GATE_1_266)
                                                          0.00       0.76 f
  DATAPATH_INST/INST_EXECUTE/ALUCOMP/MULT_INST/COMP_2/RCA_INST_1_1/FAI_4/AND_GATE_2/U1/ZN (AND2_X4)
                                                          0.03       0.78 f
  DATAPATH_INST/INST_EXECUTE/ALUCOMP/MULT_INST/COMP_2/RCA_INST_1_1/FAI_4/AND_GATE_2/Y (AND_GATE_1_266)
                                                          0.00       0.78 f
  DATAPATH_INST/INST_EXECUTE/ALUCOMP/MULT_INST/COMP_2/RCA_INST_1_1/FAI_4/OR_GATE_1/B (OR_GATE_132)
                                                          0.00       0.78 f
  DATAPATH_INST/INST_EXECUTE/ALUCOMP/MULT_INST/COMP_2/RCA_INST_1_1/FAI_4/OR_GATE_1/U2/ZN (INV_X4)
                                                          0.01       0.79 r
  DATAPATH_INST/INST_EXECUTE/ALUCOMP/MULT_INST/COMP_2/RCA_INST_1_1/FAI_4/OR_GATE_1/U3/ZN (NAND2_X4)
                                                          0.01       0.81 f
  DATAPATH_INST/INST_EXECUTE/ALUCOMP/MULT_INST/COMP_2/RCA_INST_1_1/FAI_4/OR_GATE_1/Y (OR_GATE_132)
                                                          0.00       0.81 f
  DATAPATH_INST/INST_EXECUTE/ALUCOMP/MULT_INST/COMP_2/RCA_INST_1_1/FAI_4/Co (FA_132)
                                                          0.00       0.81 f
  DATAPATH_INST/INST_EXECUTE/ALUCOMP/MULT_INST/COMP_2/RCA_INST_1_1/FAI_5/Ci (FA_131)
                                                          0.00       0.81 f
  DATAPATH_INST/INST_EXECUTE/ALUCOMP/MULT_INST/COMP_2/RCA_INST_1_1/FAI_5/AND_GATE_2/B (AND_GATE_1_264)
                                                          0.00       0.81 f
  DATAPATH_INST/INST_EXECUTE/ALUCOMP/MULT_INST/COMP_2/RCA_INST_1_1/FAI_5/AND_GATE_2/U1/ZN (AND2_X4)
                                                          0.02       0.83 f
  DATAPATH_INST/INST_EXECUTE/ALUCOMP/MULT_INST/COMP_2/RCA_INST_1_1/FAI_5/AND_GATE_2/Y (AND_GATE_1_264)
                                                          0.00       0.83 f
  DATAPATH_INST/INST_EXECUTE/ALUCOMP/MULT_INST/COMP_2/RCA_INST_1_1/FAI_5/OR_GATE_1/B (OR_GATE_131)
                                                          0.00       0.83 f
  DATAPATH_INST/INST_EXECUTE/ALUCOMP/MULT_INST/COMP_2/RCA_INST_1_1/FAI_5/OR_GATE_1/U1/ZN (OR2_X4)
                                                          0.04       0.87 f
  DATAPATH_INST/INST_EXECUTE/ALUCOMP/MULT_INST/COMP_2/RCA_INST_1_1/FAI_5/OR_GATE_1/Y (OR_GATE_131)
                                                          0.00       0.87 f
  DATAPATH_INST/INST_EXECUTE/ALUCOMP/MULT_INST/COMP_2/RCA_INST_1_1/FAI_5/Co (FA_131)
                                                          0.00       0.87 f
  DATAPATH_INST/INST_EXECUTE/ALUCOMP/MULT_INST/COMP_2/RCA_INST_1_1/FAI_6/Ci (FA_130)
                                                          0.00       0.87 f
  DATAPATH_INST/INST_EXECUTE/ALUCOMP/MULT_INST/COMP_2/RCA_INST_1_1/FAI_6/AND_GATE_2/B (AND_GATE_1_262)
                                                          0.00       0.87 f
  DATAPATH_INST/INST_EXECUTE/ALUCOMP/MULT_INST/COMP_2/RCA_INST_1_1/FAI_6/AND_GATE_2/U1/ZN (AND2_X4)
                                                          0.03       0.89 f
  DATAPATH_INST/INST_EXECUTE/ALUCOMP/MULT_INST/COMP_2/RCA_INST_1_1/FAI_6/AND_GATE_2/Y (AND_GATE_1_262)
                                                          0.00       0.89 f
  DATAPATH_INST/INST_EXECUTE/ALUCOMP/MULT_INST/COMP_2/RCA_INST_1_1/FAI_6/OR_GATE_1/B (OR_GATE_130)
                                                          0.00       0.89 f
  DATAPATH_INST/INST_EXECUTE/ALUCOMP/MULT_INST/COMP_2/RCA_INST_1_1/FAI_6/OR_GATE_1/U2/ZN (INV_X4)
                                                          0.01       0.90 r
  DATAPATH_INST/INST_EXECUTE/ALUCOMP/MULT_INST/COMP_2/RCA_INST_1_1/FAI_6/OR_GATE_1/U3/ZN (NAND2_X4)
                                                          0.01       0.91 f
  DATAPATH_INST/INST_EXECUTE/ALUCOMP/MULT_INST/COMP_2/RCA_INST_1_1/FAI_6/OR_GATE_1/Y (OR_GATE_130)
                                                          0.00       0.91 f
  DATAPATH_INST/INST_EXECUTE/ALUCOMP/MULT_INST/COMP_2/RCA_INST_1_1/FAI_6/Co (FA_130)
                                                          0.00       0.91 f
  DATAPATH_INST/INST_EXECUTE/ALUCOMP/MULT_INST/COMP_2/RCA_INST_1_1/FAI_7/Ci (FA_129)
                                                          0.00       0.91 f
  DATAPATH_INST/INST_EXECUTE/ALUCOMP/MULT_INST/COMP_2/RCA_INST_1_1/FAI_7/AND_GATE_2/B (AND_GATE_1_260)
                                                          0.00       0.91 f
  DATAPATH_INST/INST_EXECUTE/ALUCOMP/MULT_INST/COMP_2/RCA_INST_1_1/FAI_7/AND_GATE_2/U1/ZN (AND2_X4)
                                                          0.03       0.94 f
  DATAPATH_INST/INST_EXECUTE/ALUCOMP/MULT_INST/COMP_2/RCA_INST_1_1/FAI_7/AND_GATE_2/Y (AND_GATE_1_260)
                                                          0.00       0.94 f
  DATAPATH_INST/INST_EXECUTE/ALUCOMP/MULT_INST/COMP_2/RCA_INST_1_1/FAI_7/OR_GATE_1/B (OR_GATE_129)
                                                          0.00       0.94 f
  DATAPATH_INST/INST_EXECUTE/ALUCOMP/MULT_INST/COMP_2/RCA_INST_1_1/FAI_7/OR_GATE_1/U2/ZN (INV_X4)
                                                          0.01       0.95 r
  DATAPATH_INST/INST_EXECUTE/ALUCOMP/MULT_INST/COMP_2/RCA_INST_1_1/FAI_7/OR_GATE_1/U3/ZN (NAND2_X4)
                                                          0.01       0.96 f
  DATAPATH_INST/INST_EXECUTE/ALUCOMP/MULT_INST/COMP_2/RCA_INST_1_1/FAI_7/OR_GATE_1/Y (OR_GATE_129)
                                                          0.00       0.96 f
  DATAPATH_INST/INST_EXECUTE/ALUCOMP/MULT_INST/COMP_2/RCA_INST_1_1/FAI_7/Co (FA_129)
                                                          0.00       0.96 f
  DATAPATH_INST/INST_EXECUTE/ALUCOMP/MULT_INST/COMP_2/RCA_INST_1_1/FAI_8/Ci (FA_128)
                                                          0.00       0.96 f
  DATAPATH_INST/INST_EXECUTE/ALUCOMP/MULT_INST/COMP_2/RCA_INST_1_1/FAI_8/AND_GATE_2/B (AND_GATE_1_258)
                                                          0.00       0.96 f
  DATAPATH_INST/INST_EXECUTE/ALUCOMP/MULT_INST/COMP_2/RCA_INST_1_1/FAI_8/AND_GATE_2/U1/ZN (AND2_X4)
                                                          0.03       0.99 f
  DATAPATH_INST/INST_EXECUTE/ALUCOMP/MULT_INST/COMP_2/RCA_INST_1_1/FAI_8/AND_GATE_2/Y (AND_GATE_1_258)
                                                          0.00       0.99 f
  DATAPATH_INST/INST_EXECUTE/ALUCOMP/MULT_INST/COMP_2/RCA_INST_1_1/FAI_8/OR_GATE_1/B (OR_GATE_128)
                                                          0.00       0.99 f
  DATAPATH_INST/INST_EXECUTE/ALUCOMP/MULT_INST/COMP_2/RCA_INST_1_1/FAI_8/OR_GATE_1/U2/ZN (INV_X4)
                                                          0.01       1.00 r
  DATAPATH_INST/INST_EXECUTE/ALUCOMP/MULT_INST/COMP_2/RCA_INST_1_1/FAI_8/OR_GATE_1/U3/ZN (NAND2_X4)
                                                          0.01       1.01 f
  DATAPATH_INST/INST_EXECUTE/ALUCOMP/MULT_INST/COMP_2/RCA_INST_1_1/FAI_8/OR_GATE_1/Y (OR_GATE_128)
                                                          0.00       1.01 f
  DATAPATH_INST/INST_EXECUTE/ALUCOMP/MULT_INST/COMP_2/RCA_INST_1_1/FAI_8/Co (FA_128)
                                                          0.00       1.01 f
  DATAPATH_INST/INST_EXECUTE/ALUCOMP/MULT_INST/COMP_2/RCA_INST_1_1/FAI_9/Ci (FA_127)
                                                          0.00       1.01 f
  DATAPATH_INST/INST_EXECUTE/ALUCOMP/MULT_INST/COMP_2/RCA_INST_1_1/FAI_9/AND_GATE_2/B (AND_GATE_1_256)
                                                          0.00       1.01 f
  DATAPATH_INST/INST_EXECUTE/ALUCOMP/MULT_INST/COMP_2/RCA_INST_1_1/FAI_9/AND_GATE_2/U1/ZN (AND2_X4)
                                                          0.03       1.03 f
  DATAPATH_INST/INST_EXECUTE/ALUCOMP/MULT_INST/COMP_2/RCA_INST_1_1/FAI_9/AND_GATE_2/Y (AND_GATE_1_256)
                                                          0.00       1.03 f
  DATAPATH_INST/INST_EXECUTE/ALUCOMP/MULT_INST/COMP_2/RCA_INST_1_1/FAI_9/OR_GATE_1/B (OR_GATE_127)
                                                          0.00       1.03 f
  DATAPATH_INST/INST_EXECUTE/ALUCOMP/MULT_INST/COMP_2/RCA_INST_1_1/FAI_9/OR_GATE_1/U2/ZN (INV_X4)
                                                          0.01       1.04 r
  DATAPATH_INST/INST_EXECUTE/ALUCOMP/MULT_INST/COMP_2/RCA_INST_1_1/FAI_9/OR_GATE_1/U3/ZN (NAND2_X4)
                                                          0.01       1.05 f
  DATAPATH_INST/INST_EXECUTE/ALUCOMP/MULT_INST/COMP_2/RCA_INST_1_1/FAI_9/OR_GATE_1/Y (OR_GATE_127)
                                                          0.00       1.05 f
  DATAPATH_INST/INST_EXECUTE/ALUCOMP/MULT_INST/COMP_2/RCA_INST_1_1/FAI_9/Co (FA_127)
                                                          0.00       1.05 f
  DATAPATH_INST/INST_EXECUTE/ALUCOMP/MULT_INST/COMP_2/RCA_INST_1_1/FAI_10/Ci (FA_126)
                                                          0.00       1.05 f
  DATAPATH_INST/INST_EXECUTE/ALUCOMP/MULT_INST/COMP_2/RCA_INST_1_1/FAI_10/AND_GATE_2/B (AND_GATE_1_254)
                                                          0.00       1.05 f
  DATAPATH_INST/INST_EXECUTE/ALUCOMP/MULT_INST/COMP_2/RCA_INST_1_1/FAI_10/AND_GATE_2/U1/ZN (AND2_X4)
                                                          0.03       1.08 f
  DATAPATH_INST/INST_EXECUTE/ALUCOMP/MULT_INST/COMP_2/RCA_INST_1_1/FAI_10/AND_GATE_2/Y (AND_GATE_1_254)
                                                          0.00       1.08 f
  DATAPATH_INST/INST_EXECUTE/ALUCOMP/MULT_INST/COMP_2/RCA_INST_1_1/FAI_10/OR_GATE_1/B (OR_GATE_126)
                                                          0.00       1.08 f
  DATAPATH_INST/INST_EXECUTE/ALUCOMP/MULT_INST/COMP_2/RCA_INST_1_1/FAI_10/OR_GATE_1/U1/ZN (OR2_X4)
                                                          0.04       1.12 f
  DATAPATH_INST/INST_EXECUTE/ALUCOMP/MULT_INST/COMP_2/RCA_INST_1_1/FAI_10/OR_GATE_1/Y (OR_GATE_126)
                                                          0.00       1.12 f
  DATAPATH_INST/INST_EXECUTE/ALUCOMP/MULT_INST/COMP_2/RCA_INST_1_1/FAI_10/Co (FA_126)
                                                          0.00       1.12 f
  DATAPATH_INST/INST_EXECUTE/ALUCOMP/MULT_INST/COMP_2/RCA_INST_1_1/FAI_11/Ci (FA_125)
                                                          0.00       1.12 f
  DATAPATH_INST/INST_EXECUTE/ALUCOMP/MULT_INST/COMP_2/RCA_INST_1_1/FAI_11/AND_GATE_2/B (AND_GATE_1_252)
                                                          0.00       1.12 f
  DATAPATH_INST/INST_EXECUTE/ALUCOMP/MULT_INST/COMP_2/RCA_INST_1_1/FAI_11/AND_GATE_2/U1/ZN (AND2_X4)
                                                          0.03       1.15 f
  DATAPATH_INST/INST_EXECUTE/ALUCOMP/MULT_INST/COMP_2/RCA_INST_1_1/FAI_11/AND_GATE_2/Y (AND_GATE_1_252)
                                                          0.00       1.15 f
  DATAPATH_INST/INST_EXECUTE/ALUCOMP/MULT_INST/COMP_2/RCA_INST_1_1/FAI_11/OR_GATE_1/B (OR_GATE_125)
                                                          0.00       1.15 f
  DATAPATH_INST/INST_EXECUTE/ALUCOMP/MULT_INST/COMP_2/RCA_INST_1_1/FAI_11/OR_GATE_1/U2/ZN (INV_X4)
                                                          0.01       1.16 r
  DATAPATH_INST/INST_EXECUTE/ALUCOMP/MULT_INST/COMP_2/RCA_INST_1_1/FAI_11/OR_GATE_1/U1/ZN (NAND2_X4)
                                                          0.01       1.17 f
  DATAPATH_INST/INST_EXECUTE/ALUCOMP/MULT_INST/COMP_2/RCA_INST_1_1/FAI_11/OR_GATE_1/Y (OR_GATE_125)
                                                          0.00       1.17 f
  DATAPATH_INST/INST_EXECUTE/ALUCOMP/MULT_INST/COMP_2/RCA_INST_1_1/FAI_11/Co (FA_125)
                                                          0.00       1.17 f
  DATAPATH_INST/INST_EXECUTE/ALUCOMP/MULT_INST/COMP_2/RCA_INST_1_1/FAI_12/Ci (FA_124)
                                                          0.00       1.17 f
  DATAPATH_INST/INST_EXECUTE/ALUCOMP/MULT_INST/COMP_2/RCA_INST_1_1/FAI_12/AND_GATE_2/B (AND_GATE_1_250)
                                                          0.00       1.17 f
  DATAPATH_INST/INST_EXECUTE/ALUCOMP/MULT_INST/COMP_2/RCA_INST_1_1/FAI_12/AND_GATE_2/U1/ZN (AND2_X4)
                                                          0.02       1.19 f
  DATAPATH_INST/INST_EXECUTE/ALUCOMP/MULT_INST/COMP_2/RCA_INST_1_1/FAI_12/AND_GATE_2/Y (AND_GATE_1_250)
                                                          0.00       1.19 f
  DATAPATH_INST/INST_EXECUTE/ALUCOMP/MULT_INST/COMP_2/RCA_INST_1_1/FAI_12/OR_GATE_1/B (OR_GATE_124)
                                                          0.00       1.19 f
  DATAPATH_INST/INST_EXECUTE/ALUCOMP/MULT_INST/COMP_2/RCA_INST_1_1/FAI_12/OR_GATE_1/U1/ZN (OR2_X4)
                                                          0.04       1.23 f
  DATAPATH_INST/INST_EXECUTE/ALUCOMP/MULT_INST/COMP_2/RCA_INST_1_1/FAI_12/OR_GATE_1/Y (OR_GATE_124)
                                                          0.00       1.23 f
  DATAPATH_INST/INST_EXECUTE/ALUCOMP/MULT_INST/COMP_2/RCA_INST_1_1/FAI_12/Co (FA_124)
                                                          0.00       1.23 f
  DATAPATH_INST/INST_EXECUTE/ALUCOMP/MULT_INST/COMP_2/RCA_INST_1_1/FAI_13/Ci (FA_123)
                                                          0.00       1.23 f
  DATAPATH_INST/INST_EXECUTE/ALUCOMP/MULT_INST/COMP_2/RCA_INST_1_1/FAI_13/AND_GATE_2/B (AND_GATE_1_248)
                                                          0.00       1.23 f
  DATAPATH_INST/INST_EXECUTE/ALUCOMP/MULT_INST/COMP_2/RCA_INST_1_1/FAI_13/AND_GATE_2/U1/ZN (AND2_X2)
                                                          0.03       1.26 f
  DATAPATH_INST/INST_EXECUTE/ALUCOMP/MULT_INST/COMP_2/RCA_INST_1_1/FAI_13/AND_GATE_2/Y (AND_GATE_1_248)
                                                          0.00       1.26 f
  DATAPATH_INST/INST_EXECUTE/ALUCOMP/MULT_INST/COMP_2/RCA_INST_1_1/FAI_13/OR_GATE_1/B (OR_GATE_123)
                                                          0.00       1.26 f
  DATAPATH_INST/INST_EXECUTE/ALUCOMP/MULT_INST/COMP_2/RCA_INST_1_1/FAI_13/OR_GATE_1/U3/ZN (INV_X4)
                                                          0.01       1.27 r
  DATAPATH_INST/INST_EXECUTE/ALUCOMP/MULT_INST/COMP_2/RCA_INST_1_1/FAI_13/OR_GATE_1/U1/ZN (NAND2_X4)
                                                          0.01       1.28 f
  DATAPATH_INST/INST_EXECUTE/ALUCOMP/MULT_INST/COMP_2/RCA_INST_1_1/FAI_13/OR_GATE_1/Y (OR_GATE_123)
                                                          0.00       1.28 f
  DATAPATH_INST/INST_EXECUTE/ALUCOMP/MULT_INST/COMP_2/RCA_INST_1_1/FAI_13/Co (FA_123)
                                                          0.00       1.28 f
  DATAPATH_INST/INST_EXECUTE/ALUCOMP/MULT_INST/COMP_2/RCA_INST_1_1/FAI_14/Ci (FA_122)
                                                          0.00       1.28 f
  DATAPATH_INST/INST_EXECUTE/ALUCOMP/MULT_INST/COMP_2/RCA_INST_1_1/FAI_14/XOR_GATE_2/B (XOR_GATE_1_246)
                                                          0.00       1.28 f
  DATAPATH_INST/INST_EXECUTE/ALUCOMP/MULT_INST/COMP_2/RCA_INST_1_1/FAI_14/XOR_GATE_2/U1/Z (XOR2_X2)
                                                          0.05       1.34 f
  DATAPATH_INST/INST_EXECUTE/ALUCOMP/MULT_INST/COMP_2/RCA_INST_1_1/FAI_14/XOR_GATE_2/Y (XOR_GATE_1_246)
                                                          0.00       1.34 f
  DATAPATH_INST/INST_EXECUTE/ALUCOMP/MULT_INST/COMP_2/RCA_INST_1_1/FAI_14/S (FA_122)
                                                          0.00       1.34 f
  DATAPATH_INST/INST_EXECUTE/ALUCOMP/MULT_INST/COMP_2/RCA_INST_1_1/S[15] (RCA_GEN_NO_C_N19_4)
                                                          0.00       1.34 f
  DATAPATH_INST/INST_EXECUTE/ALUCOMP/MULT_INST/COMP_2/RCA_INST_1_2/A[13] (RCA_GEN_NO_C_N19_3)
                                                          0.00       1.34 f
  DATAPATH_INST/INST_EXECUTE/ALUCOMP/MULT_INST/COMP_2/RCA_INST_1_2/FAI_12/A (FA_106)
                                                          0.00       1.34 f
  DATAPATH_INST/INST_EXECUTE/ALUCOMP/MULT_INST/COMP_2/RCA_INST_1_2/FAI_12/XOR_GATE_1/A (XOR_GATE_1_214)
                                                          0.00       1.34 f
  DATAPATH_INST/INST_EXECUTE/ALUCOMP/MULT_INST/COMP_2/RCA_INST_1_2/FAI_12/XOR_GATE_1/U2/ZN (XNOR2_X2)
                                                          0.04       1.38 f
  DATAPATH_INST/INST_EXECUTE/ALUCOMP/MULT_INST/COMP_2/RCA_INST_1_2/FAI_12/XOR_GATE_1/Y (XOR_GATE_1_214)
                                                          0.00       1.38 f
  DATAPATH_INST/INST_EXECUTE/ALUCOMP/MULT_INST/COMP_2/RCA_INST_1_2/FAI_12/AND_GATE_2/A (AND_GATE_1_213)
                                                          0.00       1.38 f
  DATAPATH_INST/INST_EXECUTE/ALUCOMP/MULT_INST/COMP_2/RCA_INST_1_2/FAI_12/AND_GATE_2/U1/ZN (AND2_X4)
                                                          0.03       1.40 f
  DATAPATH_INST/INST_EXECUTE/ALUCOMP/MULT_INST/COMP_2/RCA_INST_1_2/FAI_12/AND_GATE_2/Y (AND_GATE_1_213)
                                                          0.00       1.40 f
  DATAPATH_INST/INST_EXECUTE/ALUCOMP/MULT_INST/COMP_2/RCA_INST_1_2/FAI_12/OR_GATE_1/B (OR_GATE_106)
                                                          0.00       1.40 f
  DATAPATH_INST/INST_EXECUTE/ALUCOMP/MULT_INST/COMP_2/RCA_INST_1_2/FAI_12/OR_GATE_1/U1/ZN (OR2_X4)
                                                          0.04       1.44 f
  DATAPATH_INST/INST_EXECUTE/ALUCOMP/MULT_INST/COMP_2/RCA_INST_1_2/FAI_12/OR_GATE_1/Y (OR_GATE_106)
                                                          0.00       1.44 f
  DATAPATH_INST/INST_EXECUTE/ALUCOMP/MULT_INST/COMP_2/RCA_INST_1_2/FAI_12/Co (FA_106)
                                                          0.00       1.44 f
  DATAPATH_INST/INST_EXECUTE/ALUCOMP/MULT_INST/COMP_2/RCA_INST_1_2/FAI_13/Ci (FA_105)
                                                          0.00       1.44 f
  DATAPATH_INST/INST_EXECUTE/ALUCOMP/MULT_INST/COMP_2/RCA_INST_1_2/FAI_13/AND_GATE_2/B (AND_GATE_1_211)
                                                          0.00       1.44 f
  DATAPATH_INST/INST_EXECUTE/ALUCOMP/MULT_INST/COMP_2/RCA_INST_1_2/FAI_13/AND_GATE_2/U1/ZN (AND2_X2)
                                                          0.03       1.47 f
  DATAPATH_INST/INST_EXECUTE/ALUCOMP/MULT_INST/COMP_2/RCA_INST_1_2/FAI_13/AND_GATE_2/Y (AND_GATE_1_211)
                                                          0.00       1.47 f
  DATAPATH_INST/INST_EXECUTE/ALUCOMP/MULT_INST/COMP_2/RCA_INST_1_2/FAI_13/OR_GATE_1/B (OR_GATE_105)
                                                          0.00       1.47 f
  DATAPATH_INST/INST_EXECUTE/ALUCOMP/MULT_INST/COMP_2/RCA_INST_1_2/FAI_13/OR_GATE_1/U3/ZN (INV_X4)
                                                          0.01       1.48 r
  DATAPATH_INST/INST_EXECUTE/ALUCOMP/MULT_INST/COMP_2/RCA_INST_1_2/FAI_13/OR_GATE_1/U1/ZN (NAND2_X4)
                                                          0.01       1.49 f
  DATAPATH_INST/INST_EXECUTE/ALUCOMP/MULT_INST/COMP_2/RCA_INST_1_2/FAI_13/OR_GATE_1/Y (OR_GATE_105)
                                                          0.00       1.49 f
  DATAPATH_INST/INST_EXECUTE/ALUCOMP/MULT_INST/COMP_2/RCA_INST_1_2/FAI_13/Co (FA_105)
                                                          0.00       1.49 f
  DATAPATH_INST/INST_EXECUTE/ALUCOMP/MULT_INST/COMP_2/RCA_INST_1_2/FAI_14/Ci (FA_104)
                                                          0.00       1.49 f
  DATAPATH_INST/INST_EXECUTE/ALUCOMP/MULT_INST/COMP_2/RCA_INST_1_2/FAI_14/AND_GATE_2/B (AND_GATE_1_209)
                                                          0.00       1.49 f
  DATAPATH_INST/INST_EXECUTE/ALUCOMP/MULT_INST/COMP_2/RCA_INST_1_2/FAI_14/AND_GATE_2/U1/ZN (AND2_X4)
                                                          0.03       1.52 f
  DATAPATH_INST/INST_EXECUTE/ALUCOMP/MULT_INST/COMP_2/RCA_INST_1_2/FAI_14/AND_GATE_2/Y (AND_GATE_1_209)
                                                          0.00       1.52 f
  DATAPATH_INST/INST_EXECUTE/ALUCOMP/MULT_INST/COMP_2/RCA_INST_1_2/FAI_14/OR_GATE_1/B (OR_GATE_104)
                                                          0.00       1.52 f
  DATAPATH_INST/INST_EXECUTE/ALUCOMP/MULT_INST/COMP_2/RCA_INST_1_2/FAI_14/OR_GATE_1/U2/ZN (INV_X4)
                                                          0.01       1.53 r
  DATAPATH_INST/INST_EXECUTE/ALUCOMP/MULT_INST/COMP_2/RCA_INST_1_2/FAI_14/OR_GATE_1/U3/ZN (NAND2_X4)
                                                          0.01       1.54 f
  DATAPATH_INST/INST_EXECUTE/ALUCOMP/MULT_INST/COMP_2/RCA_INST_1_2/FAI_14/OR_GATE_1/Y (OR_GATE_104)
                                                          0.00       1.54 f
  DATAPATH_INST/INST_EXECUTE/ALUCOMP/MULT_INST/COMP_2/RCA_INST_1_2/FAI_14/Co (FA_104)
                                                          0.00       1.54 f
  DATAPATH_INST/INST_EXECUTE/ALUCOMP/MULT_INST/COMP_2/RCA_INST_1_2/FAI_15/Ci (FA_103)
                                                          0.00       1.54 f
  DATAPATH_INST/INST_EXECUTE/ALUCOMP/MULT_INST/COMP_2/RCA_INST_1_2/FAI_15/AND_GATE_2/B (AND_GATE_1_207)
                                                          0.00       1.54 f
  DATAPATH_INST/INST_EXECUTE/ALUCOMP/MULT_INST/COMP_2/RCA_INST_1_2/FAI_15/AND_GATE_2/U1/ZN (AND2_X4)
                                                          0.03       1.57 f
  DATAPATH_INST/INST_EXECUTE/ALUCOMP/MULT_INST/COMP_2/RCA_INST_1_2/FAI_15/AND_GATE_2/Y (AND_GATE_1_207)
                                                          0.00       1.57 f
  DATAPATH_INST/INST_EXECUTE/ALUCOMP/MULT_INST/COMP_2/RCA_INST_1_2/FAI_15/OR_GATE_1/B (OR_GATE_103)
                                                          0.00       1.57 f
  DATAPATH_INST/INST_EXECUTE/ALUCOMP/MULT_INST/COMP_2/RCA_INST_1_2/FAI_15/OR_GATE_1/U1/ZN (OR2_X4)
                                                          0.04       1.60 f
  DATAPATH_INST/INST_EXECUTE/ALUCOMP/MULT_INST/COMP_2/RCA_INST_1_2/FAI_15/OR_GATE_1/Y (OR_GATE_103)
                                                          0.00       1.60 f
  DATAPATH_INST/INST_EXECUTE/ALUCOMP/MULT_INST/COMP_2/RCA_INST_1_2/FAI_15/Co (FA_103)
                                                          0.00       1.60 f
  DATAPATH_INST/INST_EXECUTE/ALUCOMP/MULT_INST/COMP_2/RCA_INST_1_2/FAI_16/Ci (FA_102)
                                                          0.00       1.60 f
  DATAPATH_INST/INST_EXECUTE/ALUCOMP/MULT_INST/COMP_2/RCA_INST_1_2/FAI_16/AND_GATE_2/B (AND_GATE_1_205)
                                                          0.00       1.60 f
  DATAPATH_INST/INST_EXECUTE/ALUCOMP/MULT_INST/COMP_2/RCA_INST_1_2/FAI_16/AND_GATE_2/U1/ZN (AND2_X4)
                                                          0.02       1.63 f
  DATAPATH_INST/INST_EXECUTE/ALUCOMP/MULT_INST/COMP_2/RCA_INST_1_2/FAI_16/AND_GATE_2/Y (AND_GATE_1_205)
                                                          0.00       1.63 f
  DATAPATH_INST/INST_EXECUTE/ALUCOMP/MULT_INST/COMP_2/RCA_INST_1_2/FAI_16/OR_GATE_1/B (OR_GATE_102)
                                                          0.00       1.63 f
  DATAPATH_INST/INST_EXECUTE/ALUCOMP/MULT_INST/COMP_2/RCA_INST_1_2/FAI_16/OR_GATE_1/U1/ZN (OR2_X4)
                                                          0.04       1.67 f
  DATAPATH_INST/INST_EXECUTE/ALUCOMP/MULT_INST/COMP_2/RCA_INST_1_2/FAI_16/OR_GATE_1/Y (OR_GATE_102)
                                                          0.00       1.67 f
  DATAPATH_INST/INST_EXECUTE/ALUCOMP/MULT_INST/COMP_2/RCA_INST_1_2/FAI_16/Co (FA_102)
                                                          0.00       1.67 f
  DATAPATH_INST/INST_EXECUTE/ALUCOMP/MULT_INST/COMP_2/RCA_INST_1_2/FAI_17/Ci (FA_101)
                                                          0.00       1.67 f
  DATAPATH_INST/INST_EXECUTE/ALUCOMP/MULT_INST/COMP_2/RCA_INST_1_2/FAI_17/XOR_GATE_2/B (XOR_GATE_1_203)
                                                          0.00       1.67 f
  DATAPATH_INST/INST_EXECUTE/ALUCOMP/MULT_INST/COMP_2/RCA_INST_1_2/FAI_17/XOR_GATE_2/U1/Z (XOR2_X1)
                                                          0.05       1.71 f
  DATAPATH_INST/INST_EXECUTE/ALUCOMP/MULT_INST/COMP_2/RCA_INST_1_2/FAI_17/XOR_GATE_2/Y (XOR_GATE_1_203)
                                                          0.00       1.71 f
  DATAPATH_INST/INST_EXECUTE/ALUCOMP/MULT_INST/COMP_2/RCA_INST_1_2/FAI_17/S (FA_101)
                                                          0.00       1.71 f
  DATAPATH_INST/INST_EXECUTE/ALUCOMP/MULT_INST/COMP_2/RCA_INST_1_2/S[18] (RCA_GEN_NO_C_N19_3)
                                                          0.00       1.71 f
  DATAPATH_INST/INST_EXECUTE/ALUCOMP/MULT_INST/COMP_2/P[22] (BOOTHMUL_COMP_2)
                                                          0.00       1.71 f
  DATAPATH_INST/INST_EXECUTE/ALUCOMP/MULT_INST/PIPE_2_1/D[16] (REG_N17_1)
                                                          0.00       1.71 f
  DATAPATH_INST/INST_EXECUTE/ALUCOMP/MULT_INST/PIPE_2_1/FF_16/D (FD_49)
                                                          0.00       1.71 f
  DATAPATH_INST/INST_EXECUTE/ALUCOMP/MULT_INST/PIPE_2_1/FF_16/U3/ZN (NAND2_X1)
                                                          0.02       1.73 r
  DATAPATH_INST/INST_EXECUTE/ALUCOMP/MULT_INST/PIPE_2_1/FF_16/U5/ZN (NAND2_X1)
                                                          0.01       1.74 f
  DATAPATH_INST/INST_EXECUTE/ALUCOMP/MULT_INST/PIPE_2_1/FF_16/U8/ZN (NAND2_X1)
                                                          0.01       1.76 r
  DATAPATH_INST/INST_EXECUTE/ALUCOMP/MULT_INST/PIPE_2_1/FF_16/U9/ZN (INV_X1)
                                                          0.01       1.76 f
  DATAPATH_INST/INST_EXECUTE/ALUCOMP/MULT_INST/PIPE_2_1/FF_16/Q_reg/D (DFF_X1)
                                                          0.00       1.76 f
  data arrival time                                                  1.76

  clock CLK (rise edge)                                   1.80       1.80
  clock network delay (ideal)                             0.00       1.80
  DATAPATH_INST/INST_EXECUTE/ALUCOMP/MULT_INST/PIPE_2_1/FF_16/Q_reg/CK (DFF_X1)
                                                          0.00       1.80 r
  library setup time                                     -0.04       1.76
  data required time                                                 1.76
  --------------------------------------------------------------------------
  data required time                                                 1.76
  data arrival time                                                 -1.76
  --------------------------------------------------------------------------
  slack (MET)                                                        0.00


1
