 
****************************************
Report : timing
        -path full
        -delay max
        -max_paths 1
Design : DLX
Version: Z-2007.03-SP1
Date   : Mon Oct 26 01:44:08 2015
****************************************

 # A fanout number of 1000 was used for high fanout net computations.

Operating Conditions: typical   Library: NangateOpenCellLibrary
Wire Load Model Mode: top

  Startpoint: DATAPATH_INST/FORW_INST/FSM_FORWARD/CURRENT_STATE_B_reg[1]
              (rising edge-triggered flip-flop clocked by CLK)
  Endpoint: DATAPATH_INST/INST_EXECUTE/ALUCOMP/MULT_INST/PIPE_1_1/FF_16/Q_reg
            (rising edge-triggered flip-flop clocked by CLK)
  Path Group: CLK
  Path Type: max

  Des/Clust/Port     Wire Load Model       Library
  ------------------------------------------------
  DLX                0K_hvratio_1_4        NangateOpenCellLibrary

  Point                                                   Incr       Path
  --------------------------------------------------------------------------
  clock CLK (rise edge)                                   0.00       0.00
  clock network delay (ideal)                             0.00       0.00
  DATAPATH_INST/FORW_INST/FSM_FORWARD/CURRENT_STATE_B_reg[1]/CK (DFFR_X1)
                                                          0.00 #     0.00 r
  DATAPATH_INST/FORW_INST/FSM_FORWARD/CURRENT_STATE_B_reg[1]/Q (DFFR_X1)
                                                          0.09       0.09 f
  DATAPATH_INST/FORW_INST/FSM_FORWARD/U30/ZN (AOI21_X1)
                                                          0.05       0.14 r
  DATAPATH_INST/FORW_INST/FSM_FORWARD/MUX_B[1] (FORW_FSM_OPCODE_SIZE6_N_ADDR5)
                                                          0.00       0.14 r
  DATAPATH_INST/FORW_INST/MUX_B[1] (FORWARD_UNIT_OPCODE_SIZE6_N_ADDR5)
                                                          0.00       0.14 r
  DATAPATH_INST/INST_EXECUTE/OP_SEL_B[1] (EXECUTE_N32_N_ADDR5_ALUSIZE5)
                                                          0.00       0.14 r
  DATAPATH_INST/INST_EXECUTE/OP_B_SEL_MUX/SEL[1] (MUX51_GEN_N32_0)
                                                          0.00       0.14 r
  DATAPATH_INST/INST_EXECUTE/OP_B_SEL_MUX/U48/ZN (AND3_X1)
                                                          0.05       0.19 r
  DATAPATH_INST/INST_EXECUTE/OP_B_SEL_MUX/U1/Z (BUF_X1)
                                                          0.07       0.27 r
  DATAPATH_INST/INST_EXECUTE/OP_B_SEL_MUX/U64/ZN (NOR4_X2)
                                                          0.02       0.28 f
  DATAPATH_INST/INST_EXECUTE/OP_B_SEL_MUX/U3/Z (BUF_X2)
                                                          0.04       0.33 f
  DATAPATH_INST/INST_EXECUTE/OP_B_SEL_MUX/U25/ZN (AOI222_X1)
                                                          0.06       0.39 r
  DATAPATH_INST/INST_EXECUTE/OP_B_SEL_MUX/U103/ZN (NAND2_X1)
                                                          0.05       0.44 f
  DATAPATH_INST/INST_EXECUTE/OP_B_SEL_MUX/Y[0] (MUX51_GEN_N32_0)
                                                          0.00       0.44 f
  DATAPATH_INST/INST_EXECUTE/ALUCOMP/IN_B[0] (ALU_N32_ALU_SIZE5)
                                                          0.00       0.44 f
  DATAPATH_INST/INST_EXECUTE/ALUCOMP/MULT_INST/B[0] (BOOTHMUL)
                                                          0.00       0.44 f
  DATAPATH_INST/INST_EXECUTE/ALUCOMP/MULT_INST/COMP_1/B[0] (BOOTHMUL_COMP_1)
                                                          0.00       0.44 f
  DATAPATH_INST/INST_EXECUTE/ALUCOMP/MULT_INST/COMP_1/ENCODERS_0/TO_ENC[1] (BOOTH_ENCODER_0)
                                                          0.00       0.44 f
  DATAPATH_INST/INST_EXECUTE/ALUCOMP/MULT_INST/COMP_1/ENCODERS_0/U5/ZN (NAND2_X1)
                                                          0.03       0.46 r
  DATAPATH_INST/INST_EXECUTE/ALUCOMP/MULT_INST/COMP_1/ENCODERS_0/U4/Z (XOR2_X1)
                                                          0.07       0.53 r
  DATAPATH_INST/INST_EXECUTE/ALUCOMP/MULT_INST/COMP_1/ENCODERS_0/ENC[1] (BOOTH_ENCODER_0)
                                                          0.00       0.53 r
  DATAPATH_INST/INST_EXECUTE/ALUCOMP/MULT_INST/COMP_1/FIRST_MUX/SEL[1] (MUX51_GEN_N19_0)
                                                          0.00       0.53 r
  DATAPATH_INST/INST_EXECUTE/ALUCOMP/MULT_INST/COMP_1/FIRST_MUX/U21/ZN (AND3_X1)
                                                          0.06       0.59 r
  DATAPATH_INST/INST_EXECUTE/ALUCOMP/MULT_INST/COMP_1/FIRST_MUX/U1/Z (BUF_X1)
                                                          0.03       0.63 r
  DATAPATH_INST/INST_EXECUTE/ALUCOMP/MULT_INST/COMP_1/FIRST_MUX/U16/ZN (NOR4_X1)
                                                          0.01       0.64 f
  DATAPATH_INST/INST_EXECUTE/ALUCOMP/MULT_INST/COMP_1/FIRST_MUX/U2/Z (BUF_X1)
                                                          0.07       0.71 f
  DATAPATH_INST/INST_EXECUTE/ALUCOMP/MULT_INST/COMP_1/FIRST_MUX/U72/ZN (AOI222_X1)
                                                          0.07       0.78 r
  DATAPATH_INST/INST_EXECUTE/ALUCOMP/MULT_INST/COMP_1/FIRST_MUX/U64/ZN (NAND2_X1)
                                                          0.02       0.80 f
  DATAPATH_INST/INST_EXECUTE/ALUCOMP/MULT_INST/COMP_1/FIRST_MUX/Y[0] (MUX51_GEN_N19_0)
                                                          0.00       0.80 f
  DATAPATH_INST/INST_EXECUTE/ALUCOMP/MULT_INST/COMP_1/RCA_INST_1_0/A[0] (RCA_GEN_NO_C_N19_0)
                                                          0.00       0.80 f
  DATAPATH_INST/INST_EXECUTE/ALUCOMP/MULT_INST/COMP_1/RCA_INST_1_0/HA_INST/A (HA_7)
                                                          0.00       0.80 f
  DATAPATH_INST/INST_EXECUTE/ALUCOMP/MULT_INST/COMP_1/RCA_INST_1_0/HA_INST/AND_GATE_INST/A (AND_GATE_1_387)
                                                          0.00       0.80 f
  DATAPATH_INST/INST_EXECUTE/ALUCOMP/MULT_INST/COMP_1/RCA_INST_1_0/HA_INST/AND_GATE_INST/U1/ZN (AND2_X1)
                                                          0.04       0.84 f
  DATAPATH_INST/INST_EXECUTE/ALUCOMP/MULT_INST/COMP_1/RCA_INST_1_0/HA_INST/AND_GATE_INST/Y (AND_GATE_1_387)
                                                          0.00       0.84 f
  DATAPATH_INST/INST_EXECUTE/ALUCOMP/MULT_INST/COMP_1/RCA_INST_1_0/HA_INST/Co (HA_7)
                                                          0.00       0.84 f
  DATAPATH_INST/INST_EXECUTE/ALUCOMP/MULT_INST/COMP_1/RCA_INST_1_0/FAI_0/Ci (FA_190)
                                                          0.00       0.84 f
  DATAPATH_INST/INST_EXECUTE/ALUCOMP/MULT_INST/COMP_1/RCA_INST_1_0/FAI_0/AND_GATE_2/B (AND_GATE_1_385)
                                                          0.00       0.84 f
  DATAPATH_INST/INST_EXECUTE/ALUCOMP/MULT_INST/COMP_1/RCA_INST_1_0/FAI_0/AND_GATE_2/U1/ZN (AND2_X1)
                                                          0.03       0.87 f
  DATAPATH_INST/INST_EXECUTE/ALUCOMP/MULT_INST/COMP_1/RCA_INST_1_0/FAI_0/AND_GATE_2/Y (AND_GATE_1_385)
                                                          0.00       0.87 f
  DATAPATH_INST/INST_EXECUTE/ALUCOMP/MULT_INST/COMP_1/RCA_INST_1_0/FAI_0/OR_GATE_1/B (OR_GATE_190)
                                                          0.00       0.87 f
  DATAPATH_INST/INST_EXECUTE/ALUCOMP/MULT_INST/COMP_1/RCA_INST_1_0/FAI_0/OR_GATE_1/U1/ZN (OR2_X1)
                                                          0.05       0.92 f
  DATAPATH_INST/INST_EXECUTE/ALUCOMP/MULT_INST/COMP_1/RCA_INST_1_0/FAI_0/OR_GATE_1/Y (OR_GATE_190)
                                                          0.00       0.92 f
  DATAPATH_INST/INST_EXECUTE/ALUCOMP/MULT_INST/COMP_1/RCA_INST_1_0/FAI_0/Co (FA_190)
                                                          0.00       0.92 f
  DATAPATH_INST/INST_EXECUTE/ALUCOMP/MULT_INST/COMP_1/RCA_INST_1_0/FAI_1/Ci (FA_189)
                                                          0.00       0.92 f
  DATAPATH_INST/INST_EXECUTE/ALUCOMP/MULT_INST/COMP_1/RCA_INST_1_0/FAI_1/AND_GATE_2/B (AND_GATE_1_383)
                                                          0.00       0.92 f
  DATAPATH_INST/INST_EXECUTE/ALUCOMP/MULT_INST/COMP_1/RCA_INST_1_0/FAI_1/AND_GATE_2/U1/ZN (AND2_X1)
                                                          0.03       0.94 f
  DATAPATH_INST/INST_EXECUTE/ALUCOMP/MULT_INST/COMP_1/RCA_INST_1_0/FAI_1/AND_GATE_2/Y (AND_GATE_1_383)
                                                          0.00       0.94 f
  DATAPATH_INST/INST_EXECUTE/ALUCOMP/MULT_INST/COMP_1/RCA_INST_1_0/FAI_1/OR_GATE_1/B (OR_GATE_189)
                                                          0.00       0.94 f
  DATAPATH_INST/INST_EXECUTE/ALUCOMP/MULT_INST/COMP_1/RCA_INST_1_0/FAI_1/OR_GATE_1/U1/ZN (OR2_X1)
                                                          0.05       1.00 f
  DATAPATH_INST/INST_EXECUTE/ALUCOMP/MULT_INST/COMP_1/RCA_INST_1_0/FAI_1/OR_GATE_1/Y (OR_GATE_189)
                                                          0.00       1.00 f
  DATAPATH_INST/INST_EXECUTE/ALUCOMP/MULT_INST/COMP_1/RCA_INST_1_0/FAI_1/Co (FA_189)
                                                          0.00       1.00 f
  DATAPATH_INST/INST_EXECUTE/ALUCOMP/MULT_INST/COMP_1/RCA_INST_1_0/FAI_2/Ci (FA_188)
                                                          0.00       1.00 f
  DATAPATH_INST/INST_EXECUTE/ALUCOMP/MULT_INST/COMP_1/RCA_INST_1_0/FAI_2/AND_GATE_2/B (AND_GATE_1_381)
                                                          0.00       1.00 f
  DATAPATH_INST/INST_EXECUTE/ALUCOMP/MULT_INST/COMP_1/RCA_INST_1_0/FAI_2/AND_GATE_2/U1/ZN (AND2_X1)
                                                          0.03       1.02 f
  DATAPATH_INST/INST_EXECUTE/ALUCOMP/MULT_INST/COMP_1/RCA_INST_1_0/FAI_2/AND_GATE_2/Y (AND_GATE_1_381)
                                                          0.00       1.02 f
  DATAPATH_INST/INST_EXECUTE/ALUCOMP/MULT_INST/COMP_1/RCA_INST_1_0/FAI_2/OR_GATE_1/B (OR_GATE_188)
                                                          0.00       1.02 f
  DATAPATH_INST/INST_EXECUTE/ALUCOMP/MULT_INST/COMP_1/RCA_INST_1_0/FAI_2/OR_GATE_1/U1/ZN (OR2_X1)
                                                          0.05       1.08 f
  DATAPATH_INST/INST_EXECUTE/ALUCOMP/MULT_INST/COMP_1/RCA_INST_1_0/FAI_2/OR_GATE_1/Y (OR_GATE_188)
                                                          0.00       1.08 f
  DATAPATH_INST/INST_EXECUTE/ALUCOMP/MULT_INST/COMP_1/RCA_INST_1_0/FAI_2/Co (FA_188)
                                                          0.00       1.08 f
  DATAPATH_INST/INST_EXECUTE/ALUCOMP/MULT_INST/COMP_1/RCA_INST_1_0/FAI_3/Ci (FA_187)
                                                          0.00       1.08 f
  DATAPATH_INST/INST_EXECUTE/ALUCOMP/MULT_INST/COMP_1/RCA_INST_1_0/FAI_3/XOR_GATE_2/B (XOR_GATE_1_379)
                                                          0.00       1.08 f
  DATAPATH_INST/INST_EXECUTE/ALUCOMP/MULT_INST/COMP_1/RCA_INST_1_0/FAI_3/XOR_GATE_2/U1/Z (XOR2_X1)
                                                          0.05       1.13 f
  DATAPATH_INST/INST_EXECUTE/ALUCOMP/MULT_INST/COMP_1/RCA_INST_1_0/FAI_3/XOR_GATE_2/Y (XOR_GATE_1_379)
                                                          0.00       1.13 f
  DATAPATH_INST/INST_EXECUTE/ALUCOMP/MULT_INST/COMP_1/RCA_INST_1_0/FAI_3/S (FA_187)
                                                          0.00       1.13 f
  DATAPATH_INST/INST_EXECUTE/ALUCOMP/MULT_INST/COMP_1/RCA_INST_1_0/S[4] (RCA_GEN_NO_C_N19_0)
                                                          0.00       1.13 f
  DATAPATH_INST/INST_EXECUTE/ALUCOMP/MULT_INST/COMP_1/RCA_INST_1_1/A[2] (RCA_GEN_NO_C_N19_6)
                                                          0.00       1.13 f
  DATAPATH_INST/INST_EXECUTE/ALUCOMP/MULT_INST/COMP_1/RCA_INST_1_1/FAI_1/A (FA_171)
                                                          0.00       1.13 f
  DATAPATH_INST/INST_EXECUTE/ALUCOMP/MULT_INST/COMP_1/RCA_INST_1_1/FAI_1/XOR_GATE_1/A (XOR_GATE_1_347)
                                                          0.00       1.13 f
  DATAPATH_INST/INST_EXECUTE/ALUCOMP/MULT_INST/COMP_1/RCA_INST_1_1/FAI_1/XOR_GATE_1/U1/Z (XOR2_X1)
                                                          0.06       1.19 f
  DATAPATH_INST/INST_EXECUTE/ALUCOMP/MULT_INST/COMP_1/RCA_INST_1_1/FAI_1/XOR_GATE_1/Y (XOR_GATE_1_347)
                                                          0.00       1.19 f
  DATAPATH_INST/INST_EXECUTE/ALUCOMP/MULT_INST/COMP_1/RCA_INST_1_1/FAI_1/AND_GATE_2/A (AND_GATE_1_346)
                                                          0.00       1.19 f
  DATAPATH_INST/INST_EXECUTE/ALUCOMP/MULT_INST/COMP_1/RCA_INST_1_1/FAI_1/AND_GATE_2/U1/ZN (AND2_X1)
                                                          0.03       1.22 f
  DATAPATH_INST/INST_EXECUTE/ALUCOMP/MULT_INST/COMP_1/RCA_INST_1_1/FAI_1/AND_GATE_2/Y (AND_GATE_1_346)
                                                          0.00       1.22 f
  DATAPATH_INST/INST_EXECUTE/ALUCOMP/MULT_INST/COMP_1/RCA_INST_1_1/FAI_1/OR_GATE_1/B (OR_GATE_171)
                                                          0.00       1.22 f
  DATAPATH_INST/INST_EXECUTE/ALUCOMP/MULT_INST/COMP_1/RCA_INST_1_1/FAI_1/OR_GATE_1/U1/ZN (OR2_X1)
                                                          0.05       1.27 f
  DATAPATH_INST/INST_EXECUTE/ALUCOMP/MULT_INST/COMP_1/RCA_INST_1_1/FAI_1/OR_GATE_1/Y (OR_GATE_171)
                                                          0.00       1.27 f
  DATAPATH_INST/INST_EXECUTE/ALUCOMP/MULT_INST/COMP_1/RCA_INST_1_1/FAI_1/Co (FA_171)
                                                          0.00       1.27 f
  DATAPATH_INST/INST_EXECUTE/ALUCOMP/MULT_INST/COMP_1/RCA_INST_1_1/FAI_2/Ci (FA_170)
                                                          0.00       1.27 f
  DATAPATH_INST/INST_EXECUTE/ALUCOMP/MULT_INST/COMP_1/RCA_INST_1_1/FAI_2/AND_GATE_2/B (AND_GATE_1_344)
                                                          0.00       1.27 f
  DATAPATH_INST/INST_EXECUTE/ALUCOMP/MULT_INST/COMP_1/RCA_INST_1_1/FAI_2/AND_GATE_2/U1/ZN (AND2_X1)
                                                          0.03       1.30 f
  DATAPATH_INST/INST_EXECUTE/ALUCOMP/MULT_INST/COMP_1/RCA_INST_1_1/FAI_2/AND_GATE_2/Y (AND_GATE_1_344)
                                                          0.00       1.30 f
  DATAPATH_INST/INST_EXECUTE/ALUCOMP/MULT_INST/COMP_1/RCA_INST_1_1/FAI_2/OR_GATE_1/B (OR_GATE_170)
                                                          0.00       1.30 f
  DATAPATH_INST/INST_EXECUTE/ALUCOMP/MULT_INST/COMP_1/RCA_INST_1_1/FAI_2/OR_GATE_1/U1/ZN (OR2_X1)
                                                          0.05       1.35 f
  DATAPATH_INST/INST_EXECUTE/ALUCOMP/MULT_INST/COMP_1/RCA_INST_1_1/FAI_2/OR_GATE_1/Y (OR_GATE_170)
                                                          0.00       1.35 f
  DATAPATH_INST/INST_EXECUTE/ALUCOMP/MULT_INST/COMP_1/RCA_INST_1_1/FAI_2/Co (FA_170)
                                                          0.00       1.35 f
  DATAPATH_INST/INST_EXECUTE/ALUCOMP/MULT_INST/COMP_1/RCA_INST_1_1/FAI_3/Ci (FA_169)
                                                          0.00       1.35 f
  DATAPATH_INST/INST_EXECUTE/ALUCOMP/MULT_INST/COMP_1/RCA_INST_1_1/FAI_3/AND_GATE_2/B (AND_GATE_1_342)
                                                          0.00       1.35 f
  DATAPATH_INST/INST_EXECUTE/ALUCOMP/MULT_INST/COMP_1/RCA_INST_1_1/FAI_3/AND_GATE_2/U1/ZN (AND2_X1)
                                                          0.03       1.38 f
  DATAPATH_INST/INST_EXECUTE/ALUCOMP/MULT_INST/COMP_1/RCA_INST_1_1/FAI_3/AND_GATE_2/Y (AND_GATE_1_342)
                                                          0.00       1.38 f
  DATAPATH_INST/INST_EXECUTE/ALUCOMP/MULT_INST/COMP_1/RCA_INST_1_1/FAI_3/OR_GATE_1/B (OR_GATE_169)
                                                          0.00       1.38 f
  DATAPATH_INST/INST_EXECUTE/ALUCOMP/MULT_INST/COMP_1/RCA_INST_1_1/FAI_3/OR_GATE_1/U1/ZN (OR2_X1)
                                                          0.05       1.43 f
  DATAPATH_INST/INST_EXECUTE/ALUCOMP/MULT_INST/COMP_1/RCA_INST_1_1/FAI_3/OR_GATE_1/Y (OR_GATE_169)
                                                          0.00       1.43 f
  DATAPATH_INST/INST_EXECUTE/ALUCOMP/MULT_INST/COMP_1/RCA_INST_1_1/FAI_3/Co (FA_169)
                                                          0.00       1.43 f
  DATAPATH_INST/INST_EXECUTE/ALUCOMP/MULT_INST/COMP_1/RCA_INST_1_1/FAI_4/Ci (FA_168)
                                                          0.00       1.43 f
  DATAPATH_INST/INST_EXECUTE/ALUCOMP/MULT_INST/COMP_1/RCA_INST_1_1/FAI_4/AND_GATE_2/B (AND_GATE_1_340)
                                                          0.00       1.43 f
  DATAPATH_INST/INST_EXECUTE/ALUCOMP/MULT_INST/COMP_1/RCA_INST_1_1/FAI_4/AND_GATE_2/U1/ZN (AND2_X1)
                                                          0.03       1.46 f
  DATAPATH_INST/INST_EXECUTE/ALUCOMP/MULT_INST/COMP_1/RCA_INST_1_1/FAI_4/AND_GATE_2/Y (AND_GATE_1_340)
                                                          0.00       1.46 f
  DATAPATH_INST/INST_EXECUTE/ALUCOMP/MULT_INST/COMP_1/RCA_INST_1_1/FAI_4/OR_GATE_1/B (OR_GATE_168)
                                                          0.00       1.46 f
  DATAPATH_INST/INST_EXECUTE/ALUCOMP/MULT_INST/COMP_1/RCA_INST_1_1/FAI_4/OR_GATE_1/U1/ZN (OR2_X1)
                                                          0.05       1.51 f
  DATAPATH_INST/INST_EXECUTE/ALUCOMP/MULT_INST/COMP_1/RCA_INST_1_1/FAI_4/OR_GATE_1/Y (OR_GATE_168)
                                                          0.00       1.51 f
  DATAPATH_INST/INST_EXECUTE/ALUCOMP/MULT_INST/COMP_1/RCA_INST_1_1/FAI_4/Co (FA_168)
                                                          0.00       1.51 f
  DATAPATH_INST/INST_EXECUTE/ALUCOMP/MULT_INST/COMP_1/RCA_INST_1_1/FAI_5/Ci (FA_167)
                                                          0.00       1.51 f
  DATAPATH_INST/INST_EXECUTE/ALUCOMP/MULT_INST/COMP_1/RCA_INST_1_1/FAI_5/AND_GATE_2/B (AND_GATE_1_338)
                                                          0.00       1.51 f
  DATAPATH_INST/INST_EXECUTE/ALUCOMP/MULT_INST/COMP_1/RCA_INST_1_1/FAI_5/AND_GATE_2/U1/ZN (AND2_X1)
                                                          0.03       1.54 f
  DATAPATH_INST/INST_EXECUTE/ALUCOMP/MULT_INST/COMP_1/RCA_INST_1_1/FAI_5/AND_GATE_2/Y (AND_GATE_1_338)
                                                          0.00       1.54 f
  DATAPATH_INST/INST_EXECUTE/ALUCOMP/MULT_INST/COMP_1/RCA_INST_1_1/FAI_5/OR_GATE_1/B (OR_GATE_167)
                                                          0.00       1.54 f
  DATAPATH_INST/INST_EXECUTE/ALUCOMP/MULT_INST/COMP_1/RCA_INST_1_1/FAI_5/OR_GATE_1/U1/ZN (OR2_X1)
                                                          0.05       1.59 f
  DATAPATH_INST/INST_EXECUTE/ALUCOMP/MULT_INST/COMP_1/RCA_INST_1_1/FAI_5/OR_GATE_1/Y (OR_GATE_167)
                                                          0.00       1.59 f
  DATAPATH_INST/INST_EXECUTE/ALUCOMP/MULT_INST/COMP_1/RCA_INST_1_1/FAI_5/Co (FA_167)
                                                          0.00       1.59 f
  DATAPATH_INST/INST_EXECUTE/ALUCOMP/MULT_INST/COMP_1/RCA_INST_1_1/FAI_6/Ci (FA_166)
                                                          0.00       1.59 f
  DATAPATH_INST/INST_EXECUTE/ALUCOMP/MULT_INST/COMP_1/RCA_INST_1_1/FAI_6/AND_GATE_2/B (AND_GATE_1_336)
                                                          0.00       1.59 f
  DATAPATH_INST/INST_EXECUTE/ALUCOMP/MULT_INST/COMP_1/RCA_INST_1_1/FAI_6/AND_GATE_2/U1/ZN (AND2_X1)
                                                          0.03       1.62 f
  DATAPATH_INST/INST_EXECUTE/ALUCOMP/MULT_INST/COMP_1/RCA_INST_1_1/FAI_6/AND_GATE_2/Y (AND_GATE_1_336)
                                                          0.00       1.62 f
  DATAPATH_INST/INST_EXECUTE/ALUCOMP/MULT_INST/COMP_1/RCA_INST_1_1/FAI_6/OR_GATE_1/B (OR_GATE_166)
                                                          0.00       1.62 f
  DATAPATH_INST/INST_EXECUTE/ALUCOMP/MULT_INST/COMP_1/RCA_INST_1_1/FAI_6/OR_GATE_1/U1/ZN (OR2_X1)
                                                          0.05       1.67 f
  DATAPATH_INST/INST_EXECUTE/ALUCOMP/MULT_INST/COMP_1/RCA_INST_1_1/FAI_6/OR_GATE_1/Y (OR_GATE_166)
                                                          0.00       1.67 f
  DATAPATH_INST/INST_EXECUTE/ALUCOMP/MULT_INST/COMP_1/RCA_INST_1_1/FAI_6/Co (FA_166)
                                                          0.00       1.67 f
  DATAPATH_INST/INST_EXECUTE/ALUCOMP/MULT_INST/COMP_1/RCA_INST_1_1/FAI_7/Ci (FA_165)
                                                          0.00       1.67 f
  DATAPATH_INST/INST_EXECUTE/ALUCOMP/MULT_INST/COMP_1/RCA_INST_1_1/FAI_7/AND_GATE_2/B (AND_GATE_1_334)
                                                          0.00       1.67 f
  DATAPATH_INST/INST_EXECUTE/ALUCOMP/MULT_INST/COMP_1/RCA_INST_1_1/FAI_7/AND_GATE_2/U1/ZN (AND2_X1)
                                                          0.03       1.70 f
  DATAPATH_INST/INST_EXECUTE/ALUCOMP/MULT_INST/COMP_1/RCA_INST_1_1/FAI_7/AND_GATE_2/Y (AND_GATE_1_334)
                                                          0.00       1.70 f
  DATAPATH_INST/INST_EXECUTE/ALUCOMP/MULT_INST/COMP_1/RCA_INST_1_1/FAI_7/OR_GATE_1/B (OR_GATE_165)
                                                          0.00       1.70 f
  DATAPATH_INST/INST_EXECUTE/ALUCOMP/MULT_INST/COMP_1/RCA_INST_1_1/FAI_7/OR_GATE_1/U1/ZN (OR2_X1)
                                                          0.05       1.75 f
  DATAPATH_INST/INST_EXECUTE/ALUCOMP/MULT_INST/COMP_1/RCA_INST_1_1/FAI_7/OR_GATE_1/Y (OR_GATE_165)
                                                          0.00       1.75 f
  DATAPATH_INST/INST_EXECUTE/ALUCOMP/MULT_INST/COMP_1/RCA_INST_1_1/FAI_7/Co (FA_165)
                                                          0.00       1.75 f
  DATAPATH_INST/INST_EXECUTE/ALUCOMP/MULT_INST/COMP_1/RCA_INST_1_1/FAI_8/Ci (FA_164)
                                                          0.00       1.75 f
  DATAPATH_INST/INST_EXECUTE/ALUCOMP/MULT_INST/COMP_1/RCA_INST_1_1/FAI_8/AND_GATE_2/B (AND_GATE_1_332)
                                                          0.00       1.75 f
  DATAPATH_INST/INST_EXECUTE/ALUCOMP/MULT_INST/COMP_1/RCA_INST_1_1/FAI_8/AND_GATE_2/U1/ZN (AND2_X1)
                                                          0.03       1.77 f
  DATAPATH_INST/INST_EXECUTE/ALUCOMP/MULT_INST/COMP_1/RCA_INST_1_1/FAI_8/AND_GATE_2/Y (AND_GATE_1_332)
                                                          0.00       1.77 f
  DATAPATH_INST/INST_EXECUTE/ALUCOMP/MULT_INST/COMP_1/RCA_INST_1_1/FAI_8/OR_GATE_1/B (OR_GATE_164)
                                                          0.00       1.77 f
  DATAPATH_INST/INST_EXECUTE/ALUCOMP/MULT_INST/COMP_1/RCA_INST_1_1/FAI_8/OR_GATE_1/U1/ZN (OR2_X1)
                                                          0.05       1.83 f
  DATAPATH_INST/INST_EXECUTE/ALUCOMP/MULT_INST/COMP_1/RCA_INST_1_1/FAI_8/OR_GATE_1/Y (OR_GATE_164)
                                                          0.00       1.83 f
  DATAPATH_INST/INST_EXECUTE/ALUCOMP/MULT_INST/COMP_1/RCA_INST_1_1/FAI_8/Co (FA_164)
                                                          0.00       1.83 f
  DATAPATH_INST/INST_EXECUTE/ALUCOMP/MULT_INST/COMP_1/RCA_INST_1_1/FAI_9/Ci (FA_163)
                                                          0.00       1.83 f
  DATAPATH_INST/INST_EXECUTE/ALUCOMP/MULT_INST/COMP_1/RCA_INST_1_1/FAI_9/AND_GATE_2/B (AND_GATE_1_330)
                                                          0.00       1.83 f
  DATAPATH_INST/INST_EXECUTE/ALUCOMP/MULT_INST/COMP_1/RCA_INST_1_1/FAI_9/AND_GATE_2/U1/ZN (AND2_X1)
                                                          0.03       1.85 f
  DATAPATH_INST/INST_EXECUTE/ALUCOMP/MULT_INST/COMP_1/RCA_INST_1_1/FAI_9/AND_GATE_2/Y (AND_GATE_1_330)
                                                          0.00       1.85 f
  DATAPATH_INST/INST_EXECUTE/ALUCOMP/MULT_INST/COMP_1/RCA_INST_1_1/FAI_9/OR_GATE_1/B (OR_GATE_163)
                                                          0.00       1.85 f
  DATAPATH_INST/INST_EXECUTE/ALUCOMP/MULT_INST/COMP_1/RCA_INST_1_1/FAI_9/OR_GATE_1/U1/ZN (OR2_X1)
                                                          0.05       1.91 f
  DATAPATH_INST/INST_EXECUTE/ALUCOMP/MULT_INST/COMP_1/RCA_INST_1_1/FAI_9/OR_GATE_1/Y (OR_GATE_163)
                                                          0.00       1.91 f
  DATAPATH_INST/INST_EXECUTE/ALUCOMP/MULT_INST/COMP_1/RCA_INST_1_1/FAI_9/Co (FA_163)
                                                          0.00       1.91 f
  DATAPATH_INST/INST_EXECUTE/ALUCOMP/MULT_INST/COMP_1/RCA_INST_1_1/FAI_10/Ci (FA_162)
                                                          0.00       1.91 f
  DATAPATH_INST/INST_EXECUTE/ALUCOMP/MULT_INST/COMP_1/RCA_INST_1_1/FAI_10/AND_GATE_2/B (AND_GATE_1_328)
                                                          0.00       1.91 f
  DATAPATH_INST/INST_EXECUTE/ALUCOMP/MULT_INST/COMP_1/RCA_INST_1_1/FAI_10/AND_GATE_2/U1/ZN (AND2_X1)
                                                          0.03       1.93 f
  DATAPATH_INST/INST_EXECUTE/ALUCOMP/MULT_INST/COMP_1/RCA_INST_1_1/FAI_10/AND_GATE_2/Y (AND_GATE_1_328)
                                                          0.00       1.93 f
  DATAPATH_INST/INST_EXECUTE/ALUCOMP/MULT_INST/COMP_1/RCA_INST_1_1/FAI_10/OR_GATE_1/B (OR_GATE_162)
                                                          0.00       1.93 f
  DATAPATH_INST/INST_EXECUTE/ALUCOMP/MULT_INST/COMP_1/RCA_INST_1_1/FAI_10/OR_GATE_1/U1/ZN (OR2_X1)
                                                          0.05       1.98 f
  DATAPATH_INST/INST_EXECUTE/ALUCOMP/MULT_INST/COMP_1/RCA_INST_1_1/FAI_10/OR_GATE_1/Y (OR_GATE_162)
                                                          0.00       1.98 f
  DATAPATH_INST/INST_EXECUTE/ALUCOMP/MULT_INST/COMP_1/RCA_INST_1_1/FAI_10/Co (FA_162)
                                                          0.00       1.98 f
  DATAPATH_INST/INST_EXECUTE/ALUCOMP/MULT_INST/COMP_1/RCA_INST_1_1/FAI_11/Ci (FA_161)
                                                          0.00       1.98 f
  DATAPATH_INST/INST_EXECUTE/ALUCOMP/MULT_INST/COMP_1/RCA_INST_1_1/FAI_11/AND_GATE_2/B (AND_GATE_1_326)
                                                          0.00       1.98 f
  DATAPATH_INST/INST_EXECUTE/ALUCOMP/MULT_INST/COMP_1/RCA_INST_1_1/FAI_11/AND_GATE_2/U1/ZN (AND2_X1)
                                                          0.03       2.01 f
  DATAPATH_INST/INST_EXECUTE/ALUCOMP/MULT_INST/COMP_1/RCA_INST_1_1/FAI_11/AND_GATE_2/Y (AND_GATE_1_326)
                                                          0.00       2.01 f
  DATAPATH_INST/INST_EXECUTE/ALUCOMP/MULT_INST/COMP_1/RCA_INST_1_1/FAI_11/OR_GATE_1/B (OR_GATE_161)
                                                          0.00       2.01 f
  DATAPATH_INST/INST_EXECUTE/ALUCOMP/MULT_INST/COMP_1/RCA_INST_1_1/FAI_11/OR_GATE_1/U1/ZN (OR2_X1)
                                                          0.05       2.06 f
  DATAPATH_INST/INST_EXECUTE/ALUCOMP/MULT_INST/COMP_1/RCA_INST_1_1/FAI_11/OR_GATE_1/Y (OR_GATE_161)
                                                          0.00       2.06 f
  DATAPATH_INST/INST_EXECUTE/ALUCOMP/MULT_INST/COMP_1/RCA_INST_1_1/FAI_11/Co (FA_161)
                                                          0.00       2.06 f
  DATAPATH_INST/INST_EXECUTE/ALUCOMP/MULT_INST/COMP_1/RCA_INST_1_1/FAI_12/Ci (FA_160)
                                                          0.00       2.06 f
  DATAPATH_INST/INST_EXECUTE/ALUCOMP/MULT_INST/COMP_1/RCA_INST_1_1/FAI_12/AND_GATE_2/B (AND_GATE_1_324)
                                                          0.00       2.06 f
  DATAPATH_INST/INST_EXECUTE/ALUCOMP/MULT_INST/COMP_1/RCA_INST_1_1/FAI_12/AND_GATE_2/U1/ZN (AND2_X1)
                                                          0.03       2.09 f
  DATAPATH_INST/INST_EXECUTE/ALUCOMP/MULT_INST/COMP_1/RCA_INST_1_1/FAI_12/AND_GATE_2/Y (AND_GATE_1_324)
                                                          0.00       2.09 f
  DATAPATH_INST/INST_EXECUTE/ALUCOMP/MULT_INST/COMP_1/RCA_INST_1_1/FAI_12/OR_GATE_1/B (OR_GATE_160)
                                                          0.00       2.09 f
  DATAPATH_INST/INST_EXECUTE/ALUCOMP/MULT_INST/COMP_1/RCA_INST_1_1/FAI_12/OR_GATE_1/U1/ZN (OR2_X1)
                                                          0.05       2.14 f
  DATAPATH_INST/INST_EXECUTE/ALUCOMP/MULT_INST/COMP_1/RCA_INST_1_1/FAI_12/OR_GATE_1/Y (OR_GATE_160)
                                                          0.00       2.14 f
  DATAPATH_INST/INST_EXECUTE/ALUCOMP/MULT_INST/COMP_1/RCA_INST_1_1/FAI_12/Co (FA_160)
                                                          0.00       2.14 f
  DATAPATH_INST/INST_EXECUTE/ALUCOMP/MULT_INST/COMP_1/RCA_INST_1_1/FAI_13/Ci (FA_159)
                                                          0.00       2.14 f
  DATAPATH_INST/INST_EXECUTE/ALUCOMP/MULT_INST/COMP_1/RCA_INST_1_1/FAI_13/AND_GATE_2/B (AND_GATE_1_322)
                                                          0.00       2.14 f
  DATAPATH_INST/INST_EXECUTE/ALUCOMP/MULT_INST/COMP_1/RCA_INST_1_1/FAI_13/AND_GATE_2/U1/ZN (AND2_X1)
                                                          0.03       2.17 f
  DATAPATH_INST/INST_EXECUTE/ALUCOMP/MULT_INST/COMP_1/RCA_INST_1_1/FAI_13/AND_GATE_2/Y (AND_GATE_1_322)
                                                          0.00       2.17 f
  DATAPATH_INST/INST_EXECUTE/ALUCOMP/MULT_INST/COMP_1/RCA_INST_1_1/FAI_13/OR_GATE_1/B (OR_GATE_159)
                                                          0.00       2.17 f
  DATAPATH_INST/INST_EXECUTE/ALUCOMP/MULT_INST/COMP_1/RCA_INST_1_1/FAI_13/OR_GATE_1/U1/ZN (OR2_X1)
                                                          0.05       2.22 f
  DATAPATH_INST/INST_EXECUTE/ALUCOMP/MULT_INST/COMP_1/RCA_INST_1_1/FAI_13/OR_GATE_1/Y (OR_GATE_159)
                                                          0.00       2.22 f
  DATAPATH_INST/INST_EXECUTE/ALUCOMP/MULT_INST/COMP_1/RCA_INST_1_1/FAI_13/Co (FA_159)
                                                          0.00       2.22 f
  DATAPATH_INST/INST_EXECUTE/ALUCOMP/MULT_INST/COMP_1/RCA_INST_1_1/FAI_14/Ci (FA_158)
                                                          0.00       2.22 f
  DATAPATH_INST/INST_EXECUTE/ALUCOMP/MULT_INST/COMP_1/RCA_INST_1_1/FAI_14/AND_GATE_2/B (AND_GATE_1_320)
                                                          0.00       2.22 f
  DATAPATH_INST/INST_EXECUTE/ALUCOMP/MULT_INST/COMP_1/RCA_INST_1_1/FAI_14/AND_GATE_2/U1/ZN (AND2_X1)
                                                          0.03       2.25 f
  DATAPATH_INST/INST_EXECUTE/ALUCOMP/MULT_INST/COMP_1/RCA_INST_1_1/FAI_14/AND_GATE_2/Y (AND_GATE_1_320)
                                                          0.00       2.25 f
  DATAPATH_INST/INST_EXECUTE/ALUCOMP/MULT_INST/COMP_1/RCA_INST_1_1/FAI_14/OR_GATE_1/B (OR_GATE_158)
                                                          0.00       2.25 f
  DATAPATH_INST/INST_EXECUTE/ALUCOMP/MULT_INST/COMP_1/RCA_INST_1_1/FAI_14/OR_GATE_1/U1/ZN (OR2_X1)
                                                          0.05       2.30 f
  DATAPATH_INST/INST_EXECUTE/ALUCOMP/MULT_INST/COMP_1/RCA_INST_1_1/FAI_14/OR_GATE_1/Y (OR_GATE_158)
                                                          0.00       2.30 f
  DATAPATH_INST/INST_EXECUTE/ALUCOMP/MULT_INST/COMP_1/RCA_INST_1_1/FAI_14/Co (FA_158)
                                                          0.00       2.30 f
  DATAPATH_INST/INST_EXECUTE/ALUCOMP/MULT_INST/COMP_1/RCA_INST_1_1/FAI_15/Ci (FA_157)
                                                          0.00       2.30 f
  DATAPATH_INST/INST_EXECUTE/ALUCOMP/MULT_INST/COMP_1/RCA_INST_1_1/FAI_15/AND_GATE_2/B (AND_GATE_1_318)
                                                          0.00       2.30 f
  DATAPATH_INST/INST_EXECUTE/ALUCOMP/MULT_INST/COMP_1/RCA_INST_1_1/FAI_15/AND_GATE_2/U1/ZN (AND2_X1)
                                                          0.03       2.33 f
  DATAPATH_INST/INST_EXECUTE/ALUCOMP/MULT_INST/COMP_1/RCA_INST_1_1/FAI_15/AND_GATE_2/Y (AND_GATE_1_318)
                                                          0.00       2.33 f
  DATAPATH_INST/INST_EXECUTE/ALUCOMP/MULT_INST/COMP_1/RCA_INST_1_1/FAI_15/OR_GATE_1/B (OR_GATE_157)
                                                          0.00       2.33 f
  DATAPATH_INST/INST_EXECUTE/ALUCOMP/MULT_INST/COMP_1/RCA_INST_1_1/FAI_15/OR_GATE_1/U1/ZN (OR2_X1)
                                                          0.05       2.38 f
  DATAPATH_INST/INST_EXECUTE/ALUCOMP/MULT_INST/COMP_1/RCA_INST_1_1/FAI_15/OR_GATE_1/Y (OR_GATE_157)
                                                          0.00       2.38 f
  DATAPATH_INST/INST_EXECUTE/ALUCOMP/MULT_INST/COMP_1/RCA_INST_1_1/FAI_15/Co (FA_157)
                                                          0.00       2.38 f
  DATAPATH_INST/INST_EXECUTE/ALUCOMP/MULT_INST/COMP_1/RCA_INST_1_1/FAI_16/Ci (FA_156)
                                                          0.00       2.38 f
  DATAPATH_INST/INST_EXECUTE/ALUCOMP/MULT_INST/COMP_1/RCA_INST_1_1/FAI_16/AND_GATE_2/B (AND_GATE_1_316)
                                                          0.00       2.38 f
  DATAPATH_INST/INST_EXECUTE/ALUCOMP/MULT_INST/COMP_1/RCA_INST_1_1/FAI_16/AND_GATE_2/U1/ZN (AND2_X1)
                                                          0.03       2.41 f
  DATAPATH_INST/INST_EXECUTE/ALUCOMP/MULT_INST/COMP_1/RCA_INST_1_1/FAI_16/AND_GATE_2/Y (AND_GATE_1_316)
                                                          0.00       2.41 f
  DATAPATH_INST/INST_EXECUTE/ALUCOMP/MULT_INST/COMP_1/RCA_INST_1_1/FAI_16/OR_GATE_1/B (OR_GATE_156)
                                                          0.00       2.41 f
  DATAPATH_INST/INST_EXECUTE/ALUCOMP/MULT_INST/COMP_1/RCA_INST_1_1/FAI_16/OR_GATE_1/U1/ZN (OR2_X1)
                                                          0.05       2.46 f
  DATAPATH_INST/INST_EXECUTE/ALUCOMP/MULT_INST/COMP_1/RCA_INST_1_1/FAI_16/OR_GATE_1/Y (OR_GATE_156)
                                                          0.00       2.46 f
  DATAPATH_INST/INST_EXECUTE/ALUCOMP/MULT_INST/COMP_1/RCA_INST_1_1/FAI_16/Co (FA_156)
                                                          0.00       2.46 f
  DATAPATH_INST/INST_EXECUTE/ALUCOMP/MULT_INST/COMP_1/RCA_INST_1_1/FAI_17/Ci (FA_155)
                                                          0.00       2.46 f
  DATAPATH_INST/INST_EXECUTE/ALUCOMP/MULT_INST/COMP_1/RCA_INST_1_1/FAI_17/XOR_GATE_2/B (XOR_GATE_1_314)
                                                          0.00       2.46 f
  DATAPATH_INST/INST_EXECUTE/ALUCOMP/MULT_INST/COMP_1/RCA_INST_1_1/FAI_17/XOR_GATE_2/U1/Z (XOR2_X1)
                                                          0.05       2.51 f
  DATAPATH_INST/INST_EXECUTE/ALUCOMP/MULT_INST/COMP_1/RCA_INST_1_1/FAI_17/XOR_GATE_2/Y (XOR_GATE_1_314)
                                                          0.00       2.51 f
  DATAPATH_INST/INST_EXECUTE/ALUCOMP/MULT_INST/COMP_1/RCA_INST_1_1/FAI_17/S (FA_155)
                                                          0.00       2.51 f
  DATAPATH_INST/INST_EXECUTE/ALUCOMP/MULT_INST/COMP_1/RCA_INST_1_1/S[18] (RCA_GEN_NO_C_N19_6)
                                                          0.00       2.51 f
  DATAPATH_INST/INST_EXECUTE/ALUCOMP/MULT_INST/COMP_1/P[20] (BOOTHMUL_COMP_1)
                                                          0.00       2.51 f
  DATAPATH_INST/INST_EXECUTE/ALUCOMP/MULT_INST/PIPE_1_1/D[16] (REG_N17_0)
                                                          0.00       2.51 f
  DATAPATH_INST/INST_EXECUTE/ALUCOMP/MULT_INST/PIPE_1_1/FF_16/D (FD_124)
                                                          0.00       2.51 f
  DATAPATH_INST/INST_EXECUTE/ALUCOMP/MULT_INST/PIPE_1_1/FF_16/U4/ZN (AOI22_X1)
                                                          0.04       2.55 r
  DATAPATH_INST/INST_EXECUTE/ALUCOMP/MULT_INST/PIPE_1_1/FF_16/U3/ZN (NOR2_X1)
                                                          0.01       2.56 f
  DATAPATH_INST/INST_EXECUTE/ALUCOMP/MULT_INST/PIPE_1_1/FF_16/Q_reg/D (DFF_X1)
                                                          0.00       2.56 f
  data arrival time                                                  2.56

  clock CLK (rise edge)                                   2.60       2.60
  clock network delay (ideal)                             0.00       2.60
  DATAPATH_INST/INST_EXECUTE/ALUCOMP/MULT_INST/PIPE_1_1/FF_16/Q_reg/CK (DFF_X1)
                                                          0.00       2.60 r
  library setup time                                     -0.04       2.56
  data required time                                                 2.56
  --------------------------------------------------------------------------
  data required time                                                 2.56
  data arrival time                                                 -2.56
  --------------------------------------------------------------------------
  slack (MET)                                                        0.00


1
