 
****************************************
Report : timing
        -path full
        -delay max
        -max_paths 1
Design : DLX
Version: Z-2007.03-SP1
Date   : Sun Oct 25 23:38:22 2015
****************************************

 # A fanout number of 1000 was used for high fanout net computations.

Operating Conditions: typical   Library: NangateOpenCellLibrary
Wire Load Model Mode: top

  Startpoint: DATAPATH_INST/FORW_INST/FSM_FORWARD/CURRENT_STATE_B_reg[1]
              (rising edge-triggered flip-flop clocked by CLK)
  Endpoint: DATAPATH_INST/INST_EXECUTE/ALUCOMP/MULT_INST/PIPE_1_1/FF_16/Q_reg
            (rising edge-triggered flip-flop clocked by CLK)
  Path Group: CLK
  Path Type: max

  Des/Clust/Port     Wire Load Model       Library
  ------------------------------------------------
  DLX                0K_hvratio_1_4        NangateOpenCellLibrary

  Point                                                   Incr       Path
  --------------------------------------------------------------------------
  clock CLK (rise edge)                                   0.00       0.00
  clock network delay (ideal)                             0.00       0.00
  DATAPATH_INST/FORW_INST/FSM_FORWARD/CURRENT_STATE_B_reg[1]/CK (DFFR_X1)
                                                          0.00 #     0.00 r
  DATAPATH_INST/FORW_INST/FSM_FORWARD/CURRENT_STATE_B_reg[1]/Q (DFFR_X1)
                                                          0.09       0.09 f
  DATAPATH_INST/FORW_INST/FSM_FORWARD/U30/ZN (AOI21_X1)
                                                          0.05       0.14 r
  DATAPATH_INST/FORW_INST/FSM_FORWARD/MUX_B[1] (FORW_FSM_OPCODE_SIZE6_N_ADDR5)
                                                          0.00       0.14 r
  DATAPATH_INST/FORW_INST/MUX_B[1] (FORWARD_UNIT_OPCODE_SIZE6_N_ADDR5)
                                                          0.00       0.14 r
  DATAPATH_INST/INST_EXECUTE/OP_SEL_B[1] (EXECUTE_N32_N_ADDR5_ALUSIZE5)
                                                          0.00       0.14 r
  DATAPATH_INST/INST_EXECUTE/OP_B_SEL_MUX/SEL[1] (MUX51_GEN_N32_0)
                                                          0.00       0.14 r
  DATAPATH_INST/INST_EXECUTE/OP_B_SEL_MUX/U6/ZN (INV_X1)
                                                          0.01       0.15 f
  DATAPATH_INST/INST_EXECUTE/OP_B_SEL_MUX/U33/ZN (AND3_X1)
                                                          0.04       0.19 f
  DATAPATH_INST/INST_EXECUTE/OP_B_SEL_MUX/U11/Z (BUF_X1)
                                                          0.05       0.24 f
  DATAPATH_INST/INST_EXECUTE/OP_B_SEL_MUX/U4/ZN (NOR4_X1)
                                                          0.09       0.33 r
  DATAPATH_INST/INST_EXECUTE/OP_B_SEL_MUX/U2/Z (BUF_X1)
                                                          0.08       0.42 r
  DATAPATH_INST/INST_EXECUTE/OP_B_SEL_MUX/U20/ZN (AOI222_X1)
                                                          0.02       0.44 f
  DATAPATH_INST/INST_EXECUTE/OP_B_SEL_MUX/U92/ZN (NAND2_X1)
                                                          0.06       0.50 r
  DATAPATH_INST/INST_EXECUTE/OP_B_SEL_MUX/Y[1] (MUX51_GEN_N32_0)
                                                          0.00       0.50 r
  DATAPATH_INST/INST_EXECUTE/ALUCOMP/IN_B[1] (ALU_N32_ALU_SIZE5)
                                                          0.00       0.50 r
  DATAPATH_INST/INST_EXECUTE/ALUCOMP/MULT_INST/B[1] (BOOTHMUL)
                                                          0.00       0.50 r
  DATAPATH_INST/INST_EXECUTE/ALUCOMP/MULT_INST/COMP_1/B[1] (BOOTHMUL_COMP_1)
                                                          0.00       0.50 r
  DATAPATH_INST/INST_EXECUTE/ALUCOMP/MULT_INST/COMP_1/ENCODERS_0/TO_ENC[2] (BOOTH_ENCODER_0)
                                                          0.00       0.50 r
  DATAPATH_INST/INST_EXECUTE/ALUCOMP/MULT_INST/COMP_1/ENCODERS_0/U4/Z (XOR2_X1)
                                                          0.07       0.57 r
  DATAPATH_INST/INST_EXECUTE/ALUCOMP/MULT_INST/COMP_1/ENCODERS_0/ENC[1] (BOOTH_ENCODER_0)
                                                          0.00       0.57 r
  DATAPATH_INST/INST_EXECUTE/ALUCOMP/MULT_INST/COMP_1/FIRST_MUX/SEL[1] (MUX51_GEN_N19_0)
                                                          0.00       0.57 r
  DATAPATH_INST/INST_EXECUTE/ALUCOMP/MULT_INST/COMP_1/FIRST_MUX/U21/ZN (AND3_X1)
                                                          0.07       0.64 r
  DATAPATH_INST/INST_EXECUTE/ALUCOMP/MULT_INST/COMP_1/FIRST_MUX/U8/Z (BUF_X1)
                                                          0.03       0.67 r
  DATAPATH_INST/INST_EXECUTE/ALUCOMP/MULT_INST/COMP_1/FIRST_MUX/U15/ZN (NOR4_X1)
                                                          0.01       0.69 f
  DATAPATH_INST/INST_EXECUTE/ALUCOMP/MULT_INST/COMP_1/FIRST_MUX/U14/Z (BUF_X1)
                                                          0.07       0.75 f
  DATAPATH_INST/INST_EXECUTE/ALUCOMP/MULT_INST/COMP_1/FIRST_MUX/U27/ZN (AOI222_X1)
                                                          0.07       0.82 r
  DATAPATH_INST/INST_EXECUTE/ALUCOMP/MULT_INST/COMP_1/FIRST_MUX/U54/ZN (NAND2_X1)
                                                          0.02       0.85 f
  DATAPATH_INST/INST_EXECUTE/ALUCOMP/MULT_INST/COMP_1/FIRST_MUX/Y[1] (MUX51_GEN_N19_0)
                                                          0.00       0.85 f
  DATAPATH_INST/INST_EXECUTE/ALUCOMP/MULT_INST/COMP_1/RCA_INST_1_0/A[1] (RCA_GEN_NO_C_N19_0)
                                                          0.00       0.85 f
  DATAPATH_INST/INST_EXECUTE/ALUCOMP/MULT_INST/COMP_1/RCA_INST_1_0/FAI_0/A (FA_190)
                                                          0.00       0.85 f
  DATAPATH_INST/INST_EXECUTE/ALUCOMP/MULT_INST/COMP_1/RCA_INST_1_0/FAI_0/XOR_GATE_1/A (XOR_GATE_1_386)
                                                          0.00       0.85 f
  DATAPATH_INST/INST_EXECUTE/ALUCOMP/MULT_INST/COMP_1/RCA_INST_1_0/FAI_0/XOR_GATE_1/U1/Z (XOR2_X1)
                                                          0.06       0.91 f
  DATAPATH_INST/INST_EXECUTE/ALUCOMP/MULT_INST/COMP_1/RCA_INST_1_0/FAI_0/XOR_GATE_1/Y (XOR_GATE_1_386)
                                                          0.00       0.91 f
  DATAPATH_INST/INST_EXECUTE/ALUCOMP/MULT_INST/COMP_1/RCA_INST_1_0/FAI_0/AND_GATE_2/A (AND_GATE_1_385)
                                                          0.00       0.91 f
  DATAPATH_INST/INST_EXECUTE/ALUCOMP/MULT_INST/COMP_1/RCA_INST_1_0/FAI_0/AND_GATE_2/U1/ZN (AND2_X1)
                                                          0.03       0.94 f
  DATAPATH_INST/INST_EXECUTE/ALUCOMP/MULT_INST/COMP_1/RCA_INST_1_0/FAI_0/AND_GATE_2/Y (AND_GATE_1_385)
                                                          0.00       0.94 f
  DATAPATH_INST/INST_EXECUTE/ALUCOMP/MULT_INST/COMP_1/RCA_INST_1_0/FAI_0/OR_GATE_1/B (OR_GATE_190)
                                                          0.00       0.94 f
  DATAPATH_INST/INST_EXECUTE/ALUCOMP/MULT_INST/COMP_1/RCA_INST_1_0/FAI_0/OR_GATE_1/U1/ZN (OR2_X1)
                                                          0.05       0.99 f
  DATAPATH_INST/INST_EXECUTE/ALUCOMP/MULT_INST/COMP_1/RCA_INST_1_0/FAI_0/OR_GATE_1/Y (OR_GATE_190)
                                                          0.00       0.99 f
  DATAPATH_INST/INST_EXECUTE/ALUCOMP/MULT_INST/COMP_1/RCA_INST_1_0/FAI_0/Co (FA_190)
                                                          0.00       0.99 f
  DATAPATH_INST/INST_EXECUTE/ALUCOMP/MULT_INST/COMP_1/RCA_INST_1_0/FAI_1/Ci (FA_189)
                                                          0.00       0.99 f
  DATAPATH_INST/INST_EXECUTE/ALUCOMP/MULT_INST/COMP_1/RCA_INST_1_0/FAI_1/AND_GATE_2/B (AND_GATE_1_383)
                                                          0.00       0.99 f
  DATAPATH_INST/INST_EXECUTE/ALUCOMP/MULT_INST/COMP_1/RCA_INST_1_0/FAI_1/AND_GATE_2/U1/ZN (AND2_X1)
                                                          0.03       1.02 f
  DATAPATH_INST/INST_EXECUTE/ALUCOMP/MULT_INST/COMP_1/RCA_INST_1_0/FAI_1/AND_GATE_2/Y (AND_GATE_1_383)
                                                          0.00       1.02 f
  DATAPATH_INST/INST_EXECUTE/ALUCOMP/MULT_INST/COMP_1/RCA_INST_1_0/FAI_1/OR_GATE_1/B (OR_GATE_189)
                                                          0.00       1.02 f
  DATAPATH_INST/INST_EXECUTE/ALUCOMP/MULT_INST/COMP_1/RCA_INST_1_0/FAI_1/OR_GATE_1/U1/ZN (OR2_X1)
                                                          0.05       1.07 f
  DATAPATH_INST/INST_EXECUTE/ALUCOMP/MULT_INST/COMP_1/RCA_INST_1_0/FAI_1/OR_GATE_1/Y (OR_GATE_189)
                                                          0.00       1.07 f
  DATAPATH_INST/INST_EXECUTE/ALUCOMP/MULT_INST/COMP_1/RCA_INST_1_0/FAI_1/Co (FA_189)
                                                          0.00       1.07 f
  DATAPATH_INST/INST_EXECUTE/ALUCOMP/MULT_INST/COMP_1/RCA_INST_1_0/FAI_2/Ci (FA_188)
                                                          0.00       1.07 f
  DATAPATH_INST/INST_EXECUTE/ALUCOMP/MULT_INST/COMP_1/RCA_INST_1_0/FAI_2/AND_GATE_2/B (AND_GATE_1_381)
                                                          0.00       1.07 f
  DATAPATH_INST/INST_EXECUTE/ALUCOMP/MULT_INST/COMP_1/RCA_INST_1_0/FAI_2/AND_GATE_2/U1/ZN (AND2_X1)
                                                          0.03       1.10 f
  DATAPATH_INST/INST_EXECUTE/ALUCOMP/MULT_INST/COMP_1/RCA_INST_1_0/FAI_2/AND_GATE_2/Y (AND_GATE_1_381)
                                                          0.00       1.10 f
  DATAPATH_INST/INST_EXECUTE/ALUCOMP/MULT_INST/COMP_1/RCA_INST_1_0/FAI_2/OR_GATE_1/B (OR_GATE_188)
                                                          0.00       1.10 f
  DATAPATH_INST/INST_EXECUTE/ALUCOMP/MULT_INST/COMP_1/RCA_INST_1_0/FAI_2/OR_GATE_1/U1/ZN (OR2_X1)
                                                          0.05       1.15 f
  DATAPATH_INST/INST_EXECUTE/ALUCOMP/MULT_INST/COMP_1/RCA_INST_1_0/FAI_2/OR_GATE_1/Y (OR_GATE_188)
                                                          0.00       1.15 f
  DATAPATH_INST/INST_EXECUTE/ALUCOMP/MULT_INST/COMP_1/RCA_INST_1_0/FAI_2/Co (FA_188)
                                                          0.00       1.15 f
  DATAPATH_INST/INST_EXECUTE/ALUCOMP/MULT_INST/COMP_1/RCA_INST_1_0/FAI_3/Ci (FA_187)
                                                          0.00       1.15 f
  DATAPATH_INST/INST_EXECUTE/ALUCOMP/MULT_INST/COMP_1/RCA_INST_1_0/FAI_3/AND_GATE_2/B (AND_GATE_1_379)
                                                          0.00       1.15 f
  DATAPATH_INST/INST_EXECUTE/ALUCOMP/MULT_INST/COMP_1/RCA_INST_1_0/FAI_3/AND_GATE_2/U1/ZN (AND2_X1)
                                                          0.03       1.18 f
  DATAPATH_INST/INST_EXECUTE/ALUCOMP/MULT_INST/COMP_1/RCA_INST_1_0/FAI_3/AND_GATE_2/Y (AND_GATE_1_379)
                                                          0.00       1.18 f
  DATAPATH_INST/INST_EXECUTE/ALUCOMP/MULT_INST/COMP_1/RCA_INST_1_0/FAI_3/OR_GATE_1/B (OR_GATE_187)
                                                          0.00       1.18 f
  DATAPATH_INST/INST_EXECUTE/ALUCOMP/MULT_INST/COMP_1/RCA_INST_1_0/FAI_3/OR_GATE_1/U1/ZN (OR2_X1)
                                                          0.05       1.23 f
  DATAPATH_INST/INST_EXECUTE/ALUCOMP/MULT_INST/COMP_1/RCA_INST_1_0/FAI_3/OR_GATE_1/Y (OR_GATE_187)
                                                          0.00       1.23 f
  DATAPATH_INST/INST_EXECUTE/ALUCOMP/MULT_INST/COMP_1/RCA_INST_1_0/FAI_3/Co (FA_187)
                                                          0.00       1.23 f
  DATAPATH_INST/INST_EXECUTE/ALUCOMP/MULT_INST/COMP_1/RCA_INST_1_0/FAI_4/Ci (FA_186)
                                                          0.00       1.23 f
  DATAPATH_INST/INST_EXECUTE/ALUCOMP/MULT_INST/COMP_1/RCA_INST_1_0/FAI_4/AND_GATE_2/B (AND_GATE_1_377)
                                                          0.00       1.23 f
  DATAPATH_INST/INST_EXECUTE/ALUCOMP/MULT_INST/COMP_1/RCA_INST_1_0/FAI_4/AND_GATE_2/U1/ZN (AND2_X1)
                                                          0.03       1.26 f
  DATAPATH_INST/INST_EXECUTE/ALUCOMP/MULT_INST/COMP_1/RCA_INST_1_0/FAI_4/AND_GATE_2/Y (AND_GATE_1_377)
                                                          0.00       1.26 f
  DATAPATH_INST/INST_EXECUTE/ALUCOMP/MULT_INST/COMP_1/RCA_INST_1_0/FAI_4/OR_GATE_1/B (OR_GATE_186)
                                                          0.00       1.26 f
  DATAPATH_INST/INST_EXECUTE/ALUCOMP/MULT_INST/COMP_1/RCA_INST_1_0/FAI_4/OR_GATE_1/U1/ZN (OR2_X1)
                                                          0.05       1.31 f
  DATAPATH_INST/INST_EXECUTE/ALUCOMP/MULT_INST/COMP_1/RCA_INST_1_0/FAI_4/OR_GATE_1/Y (OR_GATE_186)
                                                          0.00       1.31 f
  DATAPATH_INST/INST_EXECUTE/ALUCOMP/MULT_INST/COMP_1/RCA_INST_1_0/FAI_4/Co (FA_186)
                                                          0.00       1.31 f
  DATAPATH_INST/INST_EXECUTE/ALUCOMP/MULT_INST/COMP_1/RCA_INST_1_0/FAI_5/Ci (FA_185)
                                                          0.00       1.31 f
  DATAPATH_INST/INST_EXECUTE/ALUCOMP/MULT_INST/COMP_1/RCA_INST_1_0/FAI_5/AND_GATE_2/B (AND_GATE_1_375)
                                                          0.00       1.31 f
  DATAPATH_INST/INST_EXECUTE/ALUCOMP/MULT_INST/COMP_1/RCA_INST_1_0/FAI_5/AND_GATE_2/U1/ZN (AND2_X1)
                                                          0.03       1.34 f
  DATAPATH_INST/INST_EXECUTE/ALUCOMP/MULT_INST/COMP_1/RCA_INST_1_0/FAI_5/AND_GATE_2/Y (AND_GATE_1_375)
                                                          0.00       1.34 f
  DATAPATH_INST/INST_EXECUTE/ALUCOMP/MULT_INST/COMP_1/RCA_INST_1_0/FAI_5/OR_GATE_1/B (OR_GATE_185)
                                                          0.00       1.34 f
  DATAPATH_INST/INST_EXECUTE/ALUCOMP/MULT_INST/COMP_1/RCA_INST_1_0/FAI_5/OR_GATE_1/U1/ZN (OR2_X1)
                                                          0.05       1.39 f
  DATAPATH_INST/INST_EXECUTE/ALUCOMP/MULT_INST/COMP_1/RCA_INST_1_0/FAI_5/OR_GATE_1/Y (OR_GATE_185)
                                                          0.00       1.39 f
  DATAPATH_INST/INST_EXECUTE/ALUCOMP/MULT_INST/COMP_1/RCA_INST_1_0/FAI_5/Co (FA_185)
                                                          0.00       1.39 f
  DATAPATH_INST/INST_EXECUTE/ALUCOMP/MULT_INST/COMP_1/RCA_INST_1_0/FAI_6/Ci (FA_184)
                                                          0.00       1.39 f
  DATAPATH_INST/INST_EXECUTE/ALUCOMP/MULT_INST/COMP_1/RCA_INST_1_0/FAI_6/AND_GATE_2/B (AND_GATE_1_373)
                                                          0.00       1.39 f
  DATAPATH_INST/INST_EXECUTE/ALUCOMP/MULT_INST/COMP_1/RCA_INST_1_0/FAI_6/AND_GATE_2/U1/ZN (AND2_X1)
                                                          0.03       1.42 f
  DATAPATH_INST/INST_EXECUTE/ALUCOMP/MULT_INST/COMP_1/RCA_INST_1_0/FAI_6/AND_GATE_2/Y (AND_GATE_1_373)
                                                          0.00       1.42 f
  DATAPATH_INST/INST_EXECUTE/ALUCOMP/MULT_INST/COMP_1/RCA_INST_1_0/FAI_6/OR_GATE_1/B (OR_GATE_184)
                                                          0.00       1.42 f
  DATAPATH_INST/INST_EXECUTE/ALUCOMP/MULT_INST/COMP_1/RCA_INST_1_0/FAI_6/OR_GATE_1/U1/ZN (OR2_X1)
                                                          0.05       1.47 f
  DATAPATH_INST/INST_EXECUTE/ALUCOMP/MULT_INST/COMP_1/RCA_INST_1_0/FAI_6/OR_GATE_1/Y (OR_GATE_184)
                                                          0.00       1.47 f
  DATAPATH_INST/INST_EXECUTE/ALUCOMP/MULT_INST/COMP_1/RCA_INST_1_0/FAI_6/Co (FA_184)
                                                          0.00       1.47 f
  DATAPATH_INST/INST_EXECUTE/ALUCOMP/MULT_INST/COMP_1/RCA_INST_1_0/FAI_7/Ci (FA_183)
                                                          0.00       1.47 f
  DATAPATH_INST/INST_EXECUTE/ALUCOMP/MULT_INST/COMP_1/RCA_INST_1_0/FAI_7/AND_GATE_2/B (AND_GATE_1_371)
                                                          0.00       1.47 f
  DATAPATH_INST/INST_EXECUTE/ALUCOMP/MULT_INST/COMP_1/RCA_INST_1_0/FAI_7/AND_GATE_2/U1/ZN (AND2_X1)
                                                          0.03       1.49 f
  DATAPATH_INST/INST_EXECUTE/ALUCOMP/MULT_INST/COMP_1/RCA_INST_1_0/FAI_7/AND_GATE_2/Y (AND_GATE_1_371)
                                                          0.00       1.49 f
  DATAPATH_INST/INST_EXECUTE/ALUCOMP/MULT_INST/COMP_1/RCA_INST_1_0/FAI_7/OR_GATE_1/B (OR_GATE_183)
                                                          0.00       1.49 f
  DATAPATH_INST/INST_EXECUTE/ALUCOMP/MULT_INST/COMP_1/RCA_INST_1_0/FAI_7/OR_GATE_1/U1/ZN (OR2_X1)
                                                          0.05       1.55 f
  DATAPATH_INST/INST_EXECUTE/ALUCOMP/MULT_INST/COMP_1/RCA_INST_1_0/FAI_7/OR_GATE_1/Y (OR_GATE_183)
                                                          0.00       1.55 f
  DATAPATH_INST/INST_EXECUTE/ALUCOMP/MULT_INST/COMP_1/RCA_INST_1_0/FAI_7/Co (FA_183)
                                                          0.00       1.55 f
  DATAPATH_INST/INST_EXECUTE/ALUCOMP/MULT_INST/COMP_1/RCA_INST_1_0/FAI_8/Ci (FA_182)
                                                          0.00       1.55 f
  DATAPATH_INST/INST_EXECUTE/ALUCOMP/MULT_INST/COMP_1/RCA_INST_1_0/FAI_8/AND_GATE_2/B (AND_GATE_1_369)
                                                          0.00       1.55 f
  DATAPATH_INST/INST_EXECUTE/ALUCOMP/MULT_INST/COMP_1/RCA_INST_1_0/FAI_8/AND_GATE_2/U1/ZN (AND2_X1)
                                                          0.03       1.57 f
  DATAPATH_INST/INST_EXECUTE/ALUCOMP/MULT_INST/COMP_1/RCA_INST_1_0/FAI_8/AND_GATE_2/Y (AND_GATE_1_369)
                                                          0.00       1.57 f
  DATAPATH_INST/INST_EXECUTE/ALUCOMP/MULT_INST/COMP_1/RCA_INST_1_0/FAI_8/OR_GATE_1/B (OR_GATE_182)
                                                          0.00       1.57 f
  DATAPATH_INST/INST_EXECUTE/ALUCOMP/MULT_INST/COMP_1/RCA_INST_1_0/FAI_8/OR_GATE_1/U1/ZN (OR2_X1)
                                                          0.05       1.63 f
  DATAPATH_INST/INST_EXECUTE/ALUCOMP/MULT_INST/COMP_1/RCA_INST_1_0/FAI_8/OR_GATE_1/Y (OR_GATE_182)
                                                          0.00       1.63 f
  DATAPATH_INST/INST_EXECUTE/ALUCOMP/MULT_INST/COMP_1/RCA_INST_1_0/FAI_8/Co (FA_182)
                                                          0.00       1.63 f
  DATAPATH_INST/INST_EXECUTE/ALUCOMP/MULT_INST/COMP_1/RCA_INST_1_0/FAI_9/Ci (FA_181)
                                                          0.00       1.63 f
  DATAPATH_INST/INST_EXECUTE/ALUCOMP/MULT_INST/COMP_1/RCA_INST_1_0/FAI_9/AND_GATE_2/B (AND_GATE_1_367)
                                                          0.00       1.63 f
  DATAPATH_INST/INST_EXECUTE/ALUCOMP/MULT_INST/COMP_1/RCA_INST_1_0/FAI_9/AND_GATE_2/U1/ZN (AND2_X1)
                                                          0.03       1.65 f
  DATAPATH_INST/INST_EXECUTE/ALUCOMP/MULT_INST/COMP_1/RCA_INST_1_0/FAI_9/AND_GATE_2/Y (AND_GATE_1_367)
                                                          0.00       1.65 f
  DATAPATH_INST/INST_EXECUTE/ALUCOMP/MULT_INST/COMP_1/RCA_INST_1_0/FAI_9/OR_GATE_1/B (OR_GATE_181)
                                                          0.00       1.65 f
  DATAPATH_INST/INST_EXECUTE/ALUCOMP/MULT_INST/COMP_1/RCA_INST_1_0/FAI_9/OR_GATE_1/U1/ZN (OR2_X1)
                                                          0.05       1.70 f
  DATAPATH_INST/INST_EXECUTE/ALUCOMP/MULT_INST/COMP_1/RCA_INST_1_0/FAI_9/OR_GATE_1/Y (OR_GATE_181)
                                                          0.00       1.70 f
  DATAPATH_INST/INST_EXECUTE/ALUCOMP/MULT_INST/COMP_1/RCA_INST_1_0/FAI_9/Co (FA_181)
                                                          0.00       1.70 f
  DATAPATH_INST/INST_EXECUTE/ALUCOMP/MULT_INST/COMP_1/RCA_INST_1_0/FAI_10/Ci (FA_180)
                                                          0.00       1.70 f
  DATAPATH_INST/INST_EXECUTE/ALUCOMP/MULT_INST/COMP_1/RCA_INST_1_0/FAI_10/AND_GATE_2/B (AND_GATE_1_365)
                                                          0.00       1.70 f
  DATAPATH_INST/INST_EXECUTE/ALUCOMP/MULT_INST/COMP_1/RCA_INST_1_0/FAI_10/AND_GATE_2/U1/ZN (AND2_X1)
                                                          0.03       1.73 f
  DATAPATH_INST/INST_EXECUTE/ALUCOMP/MULT_INST/COMP_1/RCA_INST_1_0/FAI_10/AND_GATE_2/Y (AND_GATE_1_365)
                                                          0.00       1.73 f
  DATAPATH_INST/INST_EXECUTE/ALUCOMP/MULT_INST/COMP_1/RCA_INST_1_0/FAI_10/OR_GATE_1/B (OR_GATE_180)
                                                          0.00       1.73 f
  DATAPATH_INST/INST_EXECUTE/ALUCOMP/MULT_INST/COMP_1/RCA_INST_1_0/FAI_10/OR_GATE_1/U1/ZN (OR2_X1)
                                                          0.05       1.78 f
  DATAPATH_INST/INST_EXECUTE/ALUCOMP/MULT_INST/COMP_1/RCA_INST_1_0/FAI_10/OR_GATE_1/Y (OR_GATE_180)
                                                          0.00       1.78 f
  DATAPATH_INST/INST_EXECUTE/ALUCOMP/MULT_INST/COMP_1/RCA_INST_1_0/FAI_10/Co (FA_180)
                                                          0.00       1.78 f
  DATAPATH_INST/INST_EXECUTE/ALUCOMP/MULT_INST/COMP_1/RCA_INST_1_0/FAI_11/Ci (FA_179)
                                                          0.00       1.78 f
  DATAPATH_INST/INST_EXECUTE/ALUCOMP/MULT_INST/COMP_1/RCA_INST_1_0/FAI_11/AND_GATE_2/B (AND_GATE_1_363)
                                                          0.00       1.78 f
  DATAPATH_INST/INST_EXECUTE/ALUCOMP/MULT_INST/COMP_1/RCA_INST_1_0/FAI_11/AND_GATE_2/U1/ZN (AND2_X1)
                                                          0.03       1.81 f
  DATAPATH_INST/INST_EXECUTE/ALUCOMP/MULT_INST/COMP_1/RCA_INST_1_0/FAI_11/AND_GATE_2/Y (AND_GATE_1_363)
                                                          0.00       1.81 f
  DATAPATH_INST/INST_EXECUTE/ALUCOMP/MULT_INST/COMP_1/RCA_INST_1_0/FAI_11/OR_GATE_1/B (OR_GATE_179)
                                                          0.00       1.81 f
  DATAPATH_INST/INST_EXECUTE/ALUCOMP/MULT_INST/COMP_1/RCA_INST_1_0/FAI_11/OR_GATE_1/U1/ZN (OR2_X1)
                                                          0.05       1.86 f
  DATAPATH_INST/INST_EXECUTE/ALUCOMP/MULT_INST/COMP_1/RCA_INST_1_0/FAI_11/OR_GATE_1/Y (OR_GATE_179)
                                                          0.00       1.86 f
  DATAPATH_INST/INST_EXECUTE/ALUCOMP/MULT_INST/COMP_1/RCA_INST_1_0/FAI_11/Co (FA_179)
                                                          0.00       1.86 f
  DATAPATH_INST/INST_EXECUTE/ALUCOMP/MULT_INST/COMP_1/RCA_INST_1_0/FAI_12/Ci (FA_178)
                                                          0.00       1.86 f
  DATAPATH_INST/INST_EXECUTE/ALUCOMP/MULT_INST/COMP_1/RCA_INST_1_0/FAI_12/AND_GATE_2/B (AND_GATE_1_361)
                                                          0.00       1.86 f
  DATAPATH_INST/INST_EXECUTE/ALUCOMP/MULT_INST/COMP_1/RCA_INST_1_0/FAI_12/AND_GATE_2/U1/ZN (AND2_X1)
                                                          0.03       1.89 f
  DATAPATH_INST/INST_EXECUTE/ALUCOMP/MULT_INST/COMP_1/RCA_INST_1_0/FAI_12/AND_GATE_2/Y (AND_GATE_1_361)
                                                          0.00       1.89 f
  DATAPATH_INST/INST_EXECUTE/ALUCOMP/MULT_INST/COMP_1/RCA_INST_1_0/FAI_12/OR_GATE_1/B (OR_GATE_178)
                                                          0.00       1.89 f
  DATAPATH_INST/INST_EXECUTE/ALUCOMP/MULT_INST/COMP_1/RCA_INST_1_0/FAI_12/OR_GATE_1/U1/ZN (OR2_X1)
                                                          0.05       1.94 f
  DATAPATH_INST/INST_EXECUTE/ALUCOMP/MULT_INST/COMP_1/RCA_INST_1_0/FAI_12/OR_GATE_1/Y (OR_GATE_178)
                                                          0.00       1.94 f
  DATAPATH_INST/INST_EXECUTE/ALUCOMP/MULT_INST/COMP_1/RCA_INST_1_0/FAI_12/Co (FA_178)
                                                          0.00       1.94 f
  DATAPATH_INST/INST_EXECUTE/ALUCOMP/MULT_INST/COMP_1/RCA_INST_1_0/FAI_13/Ci (FA_177)
                                                          0.00       1.94 f
  DATAPATH_INST/INST_EXECUTE/ALUCOMP/MULT_INST/COMP_1/RCA_INST_1_0/FAI_13/AND_GATE_2/B (AND_GATE_1_359)
                                                          0.00       1.94 f
  DATAPATH_INST/INST_EXECUTE/ALUCOMP/MULT_INST/COMP_1/RCA_INST_1_0/FAI_13/AND_GATE_2/U1/ZN (AND2_X1)
                                                          0.03       1.97 f
  DATAPATH_INST/INST_EXECUTE/ALUCOMP/MULT_INST/COMP_1/RCA_INST_1_0/FAI_13/AND_GATE_2/Y (AND_GATE_1_359)
                                                          0.00       1.97 f
  DATAPATH_INST/INST_EXECUTE/ALUCOMP/MULT_INST/COMP_1/RCA_INST_1_0/FAI_13/OR_GATE_1/B (OR_GATE_177)
                                                          0.00       1.97 f
  DATAPATH_INST/INST_EXECUTE/ALUCOMP/MULT_INST/COMP_1/RCA_INST_1_0/FAI_13/OR_GATE_1/U1/ZN (OR2_X1)
                                                          0.05       2.02 f
  DATAPATH_INST/INST_EXECUTE/ALUCOMP/MULT_INST/COMP_1/RCA_INST_1_0/FAI_13/OR_GATE_1/Y (OR_GATE_177)
                                                          0.00       2.02 f
  DATAPATH_INST/INST_EXECUTE/ALUCOMP/MULT_INST/COMP_1/RCA_INST_1_0/FAI_13/Co (FA_177)
                                                          0.00       2.02 f
  DATAPATH_INST/INST_EXECUTE/ALUCOMP/MULT_INST/COMP_1/RCA_INST_1_0/FAI_14/Ci (FA_176)
                                                          0.00       2.02 f
  DATAPATH_INST/INST_EXECUTE/ALUCOMP/MULT_INST/COMP_1/RCA_INST_1_0/FAI_14/AND_GATE_2/B (AND_GATE_1_357)
                                                          0.00       2.02 f
  DATAPATH_INST/INST_EXECUTE/ALUCOMP/MULT_INST/COMP_1/RCA_INST_1_0/FAI_14/AND_GATE_2/U1/ZN (AND2_X1)
                                                          0.03       2.05 f
  DATAPATH_INST/INST_EXECUTE/ALUCOMP/MULT_INST/COMP_1/RCA_INST_1_0/FAI_14/AND_GATE_2/Y (AND_GATE_1_357)
                                                          0.00       2.05 f
  DATAPATH_INST/INST_EXECUTE/ALUCOMP/MULT_INST/COMP_1/RCA_INST_1_0/FAI_14/OR_GATE_1/B (OR_GATE_176)
                                                          0.00       2.05 f
  DATAPATH_INST/INST_EXECUTE/ALUCOMP/MULT_INST/COMP_1/RCA_INST_1_0/FAI_14/OR_GATE_1/U1/ZN (OR2_X1)
                                                          0.05       2.10 f
  DATAPATH_INST/INST_EXECUTE/ALUCOMP/MULT_INST/COMP_1/RCA_INST_1_0/FAI_14/OR_GATE_1/Y (OR_GATE_176)
                                                          0.00       2.10 f
  DATAPATH_INST/INST_EXECUTE/ALUCOMP/MULT_INST/COMP_1/RCA_INST_1_0/FAI_14/Co (FA_176)
                                                          0.00       2.10 f
  DATAPATH_INST/INST_EXECUTE/ALUCOMP/MULT_INST/COMP_1/RCA_INST_1_0/FAI_15/Ci (FA_175)
                                                          0.00       2.10 f
  DATAPATH_INST/INST_EXECUTE/ALUCOMP/MULT_INST/COMP_1/RCA_INST_1_0/FAI_15/AND_GATE_2/B (AND_GATE_1_355)
                                                          0.00       2.10 f
  DATAPATH_INST/INST_EXECUTE/ALUCOMP/MULT_INST/COMP_1/RCA_INST_1_0/FAI_15/AND_GATE_2/U1/ZN (AND2_X1)
                                                          0.03       2.13 f
  DATAPATH_INST/INST_EXECUTE/ALUCOMP/MULT_INST/COMP_1/RCA_INST_1_0/FAI_15/AND_GATE_2/Y (AND_GATE_1_355)
                                                          0.00       2.13 f
  DATAPATH_INST/INST_EXECUTE/ALUCOMP/MULT_INST/COMP_1/RCA_INST_1_0/FAI_15/OR_GATE_1/B (OR_GATE_175)
                                                          0.00       2.13 f
  DATAPATH_INST/INST_EXECUTE/ALUCOMP/MULT_INST/COMP_1/RCA_INST_1_0/FAI_15/OR_GATE_1/U1/ZN (OR2_X1)
                                                          0.05       2.18 f
  DATAPATH_INST/INST_EXECUTE/ALUCOMP/MULT_INST/COMP_1/RCA_INST_1_0/FAI_15/OR_GATE_1/Y (OR_GATE_175)
                                                          0.00       2.18 f
  DATAPATH_INST/INST_EXECUTE/ALUCOMP/MULT_INST/COMP_1/RCA_INST_1_0/FAI_15/Co (FA_175)
                                                          0.00       2.18 f
  DATAPATH_INST/INST_EXECUTE/ALUCOMP/MULT_INST/COMP_1/RCA_INST_1_0/FAI_16/Ci (FA_174)
                                                          0.00       2.18 f
  DATAPATH_INST/INST_EXECUTE/ALUCOMP/MULT_INST/COMP_1/RCA_INST_1_0/FAI_16/AND_GATE_2/B (AND_GATE_1_353)
                                                          0.00       2.18 f
  DATAPATH_INST/INST_EXECUTE/ALUCOMP/MULT_INST/COMP_1/RCA_INST_1_0/FAI_16/AND_GATE_2/U1/ZN (AND2_X1)
                                                          0.03       2.21 f
  DATAPATH_INST/INST_EXECUTE/ALUCOMP/MULT_INST/COMP_1/RCA_INST_1_0/FAI_16/AND_GATE_2/Y (AND_GATE_1_353)
                                                          0.00       2.21 f
  DATAPATH_INST/INST_EXECUTE/ALUCOMP/MULT_INST/COMP_1/RCA_INST_1_0/FAI_16/OR_GATE_1/B (OR_GATE_174)
                                                          0.00       2.21 f
  DATAPATH_INST/INST_EXECUTE/ALUCOMP/MULT_INST/COMP_1/RCA_INST_1_0/FAI_16/OR_GATE_1/U1/ZN (OR2_X1)
                                                          0.05       2.26 f
  DATAPATH_INST/INST_EXECUTE/ALUCOMP/MULT_INST/COMP_1/RCA_INST_1_0/FAI_16/OR_GATE_1/Y (OR_GATE_174)
                                                          0.00       2.26 f
  DATAPATH_INST/INST_EXECUTE/ALUCOMP/MULT_INST/COMP_1/RCA_INST_1_0/FAI_16/Co (FA_174)
                                                          0.00       2.26 f
  DATAPATH_INST/INST_EXECUTE/ALUCOMP/MULT_INST/COMP_1/RCA_INST_1_0/FAI_17/Ci (FA_173)
                                                          0.00       2.26 f
  DATAPATH_INST/INST_EXECUTE/ALUCOMP/MULT_INST/COMP_1/RCA_INST_1_0/FAI_17/XOR_GATE_2/B (XOR_GATE_1_351)
                                                          0.00       2.26 f
  DATAPATH_INST/INST_EXECUTE/ALUCOMP/MULT_INST/COMP_1/RCA_INST_1_0/FAI_17/XOR_GATE_2/U1/Z (XOR2_X1)
                                                          0.06       2.32 f
  DATAPATH_INST/INST_EXECUTE/ALUCOMP/MULT_INST/COMP_1/RCA_INST_1_0/FAI_17/XOR_GATE_2/Y (XOR_GATE_1_351)
                                                          0.00       2.32 f
  DATAPATH_INST/INST_EXECUTE/ALUCOMP/MULT_INST/COMP_1/RCA_INST_1_0/FAI_17/S (FA_173)
                                                          0.00       2.32 f
  DATAPATH_INST/INST_EXECUTE/ALUCOMP/MULT_INST/COMP_1/RCA_INST_1_0/S[18] (RCA_GEN_NO_C_N19_0)
                                                          0.00       2.32 f
  DATAPATH_INST/INST_EXECUTE/ALUCOMP/MULT_INST/COMP_1/RCA_INST_1_1/A[16] (RCA_GEN_NO_C_N19_6)
                                                          0.00       2.32 f
  DATAPATH_INST/INST_EXECUTE/ALUCOMP/MULT_INST/COMP_1/RCA_INST_1_1/FAI_15/A (FA_157)
                                                          0.00       2.32 f
  DATAPATH_INST/INST_EXECUTE/ALUCOMP/MULT_INST/COMP_1/RCA_INST_1_1/FAI_15/XOR_GATE_1/A (XOR_GATE_1_319)
                                                          0.00       2.32 f
  DATAPATH_INST/INST_EXECUTE/ALUCOMP/MULT_INST/COMP_1/RCA_INST_1_1/FAI_15/XOR_GATE_1/U1/Z (XOR2_X1)
                                                          0.06       2.39 f
  DATAPATH_INST/INST_EXECUTE/ALUCOMP/MULT_INST/COMP_1/RCA_INST_1_1/FAI_15/XOR_GATE_1/Y (XOR_GATE_1_319)
                                                          0.00       2.39 f
  DATAPATH_INST/INST_EXECUTE/ALUCOMP/MULT_INST/COMP_1/RCA_INST_1_1/FAI_15/AND_GATE_2/A (AND_GATE_1_318)
                                                          0.00       2.39 f
  DATAPATH_INST/INST_EXECUTE/ALUCOMP/MULT_INST/COMP_1/RCA_INST_1_1/FAI_15/AND_GATE_2/U1/ZN (AND2_X1)
                                                          0.03       2.42 f
  DATAPATH_INST/INST_EXECUTE/ALUCOMP/MULT_INST/COMP_1/RCA_INST_1_1/FAI_15/AND_GATE_2/Y (AND_GATE_1_318)
                                                          0.00       2.42 f
  DATAPATH_INST/INST_EXECUTE/ALUCOMP/MULT_INST/COMP_1/RCA_INST_1_1/FAI_15/OR_GATE_1/B (OR_GATE_157)
                                                          0.00       2.42 f
  DATAPATH_INST/INST_EXECUTE/ALUCOMP/MULT_INST/COMP_1/RCA_INST_1_1/FAI_15/OR_GATE_1/U1/ZN (OR2_X1)
                                                          0.05       2.47 f
  DATAPATH_INST/INST_EXECUTE/ALUCOMP/MULT_INST/COMP_1/RCA_INST_1_1/FAI_15/OR_GATE_1/Y (OR_GATE_157)
                                                          0.00       2.47 f
  DATAPATH_INST/INST_EXECUTE/ALUCOMP/MULT_INST/COMP_1/RCA_INST_1_1/FAI_15/Co (FA_157)
                                                          0.00       2.47 f
  DATAPATH_INST/INST_EXECUTE/ALUCOMP/MULT_INST/COMP_1/RCA_INST_1_1/FAI_16/Ci (FA_156)
                                                          0.00       2.47 f
  DATAPATH_INST/INST_EXECUTE/ALUCOMP/MULT_INST/COMP_1/RCA_INST_1_1/FAI_16/AND_GATE_2/B (AND_GATE_1_316)
                                                          0.00       2.47 f
  DATAPATH_INST/INST_EXECUTE/ALUCOMP/MULT_INST/COMP_1/RCA_INST_1_1/FAI_16/AND_GATE_2/U1/ZN (AND2_X1)
                                                          0.03       2.50 f
  DATAPATH_INST/INST_EXECUTE/ALUCOMP/MULT_INST/COMP_1/RCA_INST_1_1/FAI_16/AND_GATE_2/Y (AND_GATE_1_316)
                                                          0.00       2.50 f
  DATAPATH_INST/INST_EXECUTE/ALUCOMP/MULT_INST/COMP_1/RCA_INST_1_1/FAI_16/OR_GATE_1/B (OR_GATE_156)
                                                          0.00       2.50 f
  DATAPATH_INST/INST_EXECUTE/ALUCOMP/MULT_INST/COMP_1/RCA_INST_1_1/FAI_16/OR_GATE_1/U1/ZN (OR2_X1)
                                                          0.05       2.55 f
  DATAPATH_INST/INST_EXECUTE/ALUCOMP/MULT_INST/COMP_1/RCA_INST_1_1/FAI_16/OR_GATE_1/Y (OR_GATE_156)
                                                          0.00       2.55 f
  DATAPATH_INST/INST_EXECUTE/ALUCOMP/MULT_INST/COMP_1/RCA_INST_1_1/FAI_16/Co (FA_156)
                                                          0.00       2.55 f
  DATAPATH_INST/INST_EXECUTE/ALUCOMP/MULT_INST/COMP_1/RCA_INST_1_1/FAI_17/Ci (FA_155)
                                                          0.00       2.55 f
  DATAPATH_INST/INST_EXECUTE/ALUCOMP/MULT_INST/COMP_1/RCA_INST_1_1/FAI_17/XOR_GATE_2/B (XOR_GATE_1_314)
                                                          0.00       2.55 f
  DATAPATH_INST/INST_EXECUTE/ALUCOMP/MULT_INST/COMP_1/RCA_INST_1_1/FAI_17/XOR_GATE_2/U1/Z (XOR2_X1)
                                                          0.05       2.60 f
  DATAPATH_INST/INST_EXECUTE/ALUCOMP/MULT_INST/COMP_1/RCA_INST_1_1/FAI_17/XOR_GATE_2/Y (XOR_GATE_1_314)
                                                          0.00       2.60 f
  DATAPATH_INST/INST_EXECUTE/ALUCOMP/MULT_INST/COMP_1/RCA_INST_1_1/FAI_17/S (FA_155)
                                                          0.00       2.60 f
  DATAPATH_INST/INST_EXECUTE/ALUCOMP/MULT_INST/COMP_1/RCA_INST_1_1/S[18] (RCA_GEN_NO_C_N19_6)
                                                          0.00       2.60 f
  DATAPATH_INST/INST_EXECUTE/ALUCOMP/MULT_INST/COMP_1/P[20] (BOOTHMUL_COMP_1)
                                                          0.00       2.60 f
  DATAPATH_INST/INST_EXECUTE/ALUCOMP/MULT_INST/PIPE_1_1/D[16] (REG_N17_0)
                                                          0.00       2.60 f
  DATAPATH_INST/INST_EXECUTE/ALUCOMP/MULT_INST/PIPE_1_1/FF_16/D (FD_124)
                                                          0.00       2.60 f
  DATAPATH_INST/INST_EXECUTE/ALUCOMP/MULT_INST/PIPE_1_1/FF_16/U4/ZN (AOI22_X1)
                                                          0.04       2.64 r
  DATAPATH_INST/INST_EXECUTE/ALUCOMP/MULT_INST/PIPE_1_1/FF_16/U3/ZN (NOR2_X1)
                                                          0.01       2.65 f
  DATAPATH_INST/INST_EXECUTE/ALUCOMP/MULT_INST/PIPE_1_1/FF_16/Q_reg/D (DFF_X1)
                                                          0.00       2.65 f
  data arrival time                                                  2.65

  clock CLK (rise edge)                                   3.00       3.00
  clock network delay (ideal)                             0.00       3.00
  DATAPATH_INST/INST_EXECUTE/ALUCOMP/MULT_INST/PIPE_1_1/FF_16/Q_reg/CK (DFF_X1)
                                                          0.00       3.00 r
  library setup time                                     -0.04       2.96
  data required time                                                 2.96
  --------------------------------------------------------------------------
  data required time                                                 2.96
  data arrival time                                                 -2.65
  --------------------------------------------------------------------------
  slack (MET)                                                        0.31


1
