 
****************************************
Report : timing
        -path full
        -delay max
        -max_paths 1
Design : DLX
Version: Z-2007.03-SP1
Date   : Mon Oct 26 02:25:24 2015
****************************************

 # A fanout number of 1000 was used for high fanout net computations.

Operating Conditions: typical   Library: NangateOpenCellLibrary
Wire Load Model Mode: top

  Startpoint: DATAPATH_INST/INST_EXECUTE/ALUCOMP/MULT_INST/PIPE_1_3/FF_7/Q_reg
              (rising edge-triggered flip-flop clocked by CLK)
  Endpoint: DATAPATH_INST/INST_EXECUTE/ALUCOMP/MULT_INST/PIPE_2_1/FF_16/Q_reg
            (rising edge-triggered flip-flop clocked by CLK)
  Path Group: CLK
  Path Type: max

  Des/Clust/Port     Wire Load Model       Library
  ------------------------------------------------
  DLX                0K_hvratio_1_4        NangateOpenCellLibrary

  Point                                                   Incr       Path
  --------------------------------------------------------------------------
  clock CLK (rise edge)                                   0.00       0.00
  clock network delay (ideal)                             0.00       0.00
  DATAPATH_INST/INST_EXECUTE/ALUCOMP/MULT_INST/PIPE_1_3/FF_7/Q_reg/CK (DFF_X1)
                                                          0.00 #     0.00 r
  DATAPATH_INST/INST_EXECUTE/ALUCOMP/MULT_INST/PIPE_1_3/FF_7/Q_reg/QN (DFF_X1)
                                                          0.07       0.07 r
  DATAPATH_INST/INST_EXECUTE/ALUCOMP/MULT_INST/PIPE_1_3/FF_7/U3/ZN (INV_X2)
                                                          0.01       0.08 f
  DATAPATH_INST/INST_EXECUTE/ALUCOMP/MULT_INST/PIPE_1_3/FF_7/Q (FD_100)
                                                          0.00       0.08 f
  DATAPATH_INST/INST_EXECUTE/ALUCOMP/MULT_INST/PIPE_1_3/Q[7] (REG_N16_5)
                                                          0.00       0.08 f
  DATAPATH_INST/INST_EXECUTE/ALUCOMP/MULT_INST/COMP_2/B[7] (BOOTHMUL_COMP_2)
                                                          0.00       0.08 f
  DATAPATH_INST/INST_EXECUTE/ALUCOMP/MULT_INST/COMP_2/ENCODERS_3/TO_ENC[2] (BOOTH_ENCODER_5)
                                                          0.00       0.08 f
  DATAPATH_INST/INST_EXECUTE/ALUCOMP/MULT_INST/COMP_2/ENCODERS_3/U5/ZN (INV_X2)
                                                          0.02       0.09 r
  DATAPATH_INST/INST_EXECUTE/ALUCOMP/MULT_INST/COMP_2/ENCODERS_3/U2/ZN (XNOR2_X2)
                                                          0.04       0.13 r
  DATAPATH_INST/INST_EXECUTE/ALUCOMP/MULT_INST/COMP_2/ENCODERS_3/ENC[1] (BOOTH_ENCODER_5)
                                                          0.00       0.13 r
  DATAPATH_INST/INST_EXECUTE/ALUCOMP/MULT_INST/COMP_2/MUX_INST_0/SEL[1] (MUX51_GEN_N19_5)
                                                          0.00       0.13 r
  DATAPATH_INST/INST_EXECUTE/ALUCOMP/MULT_INST/COMP_2/MUX_INST_0/U6/ZN (NAND2_X1)
                                                          0.02       0.15 f
  DATAPATH_INST/INST_EXECUTE/ALUCOMP/MULT_INST/COMP_2/MUX_INST_0/U7/ZN (INV_X2)
                                                          0.02       0.17 r
  DATAPATH_INST/INST_EXECUTE/ALUCOMP/MULT_INST/COMP_2/MUX_INST_0/U28/ZN (NAND2_X2)
                                                          0.02       0.19 f
  DATAPATH_INST/INST_EXECUTE/ALUCOMP/MULT_INST/COMP_2/MUX_INST_0/U29/ZN (NAND2_X2)
                                                          0.02       0.21 r
  DATAPATH_INST/INST_EXECUTE/ALUCOMP/MULT_INST/COMP_2/MUX_INST_0/U25/ZN (NOR2_X2)
                                                          0.01       0.22 f
  DATAPATH_INST/INST_EXECUTE/ALUCOMP/MULT_INST/COMP_2/MUX_INST_0/U24/ZN (NAND2_X4)
                                                          0.01       0.24 r
  DATAPATH_INST/INST_EXECUTE/ALUCOMP/MULT_INST/COMP_2/MUX_INST_0/U8/ZN (NAND3_X4)
                                                          0.02       0.25 f
  DATAPATH_INST/INST_EXECUTE/ALUCOMP/MULT_INST/COMP_2/MUX_INST_0/Y[1] (MUX51_GEN_N19_5)
                                                          0.00       0.25 f
  DATAPATH_INST/INST_EXECUTE/ALUCOMP/MULT_INST/COMP_2/RCA_INST_1_0/B[1] (RCA_GEN_NO_C_N19_5)
                                                          0.00       0.25 f
  DATAPATH_INST/INST_EXECUTE/ALUCOMP/MULT_INST/COMP_2/RCA_INST_1_0/FAI_0/B (FA_154)
                                                          0.00       0.25 f
  DATAPATH_INST/INST_EXECUTE/ALUCOMP/MULT_INST/COMP_2/RCA_INST_1_0/FAI_0/XOR_GATE_1/B (XOR_GATE_1_312)
                                                          0.00       0.25 f
  DATAPATH_INST/INST_EXECUTE/ALUCOMP/MULT_INST/COMP_2/RCA_INST_1_0/FAI_0/XOR_GATE_1/U2/ZN (XNOR2_X2)
                                                          0.04       0.29 f
  DATAPATH_INST/INST_EXECUTE/ALUCOMP/MULT_INST/COMP_2/RCA_INST_1_0/FAI_0/XOR_GATE_1/Y (XOR_GATE_1_312)
                                                          0.00       0.29 f
  DATAPATH_INST/INST_EXECUTE/ALUCOMP/MULT_INST/COMP_2/RCA_INST_1_0/FAI_0/AND_GATE_2/A (AND_GATE_1_311)
                                                          0.00       0.29 f
  DATAPATH_INST/INST_EXECUTE/ALUCOMP/MULT_INST/COMP_2/RCA_INST_1_0/FAI_0/AND_GATE_2/U1/ZN (NAND2_X2)
                                                          0.01       0.30 r
  DATAPATH_INST/INST_EXECUTE/ALUCOMP/MULT_INST/COMP_2/RCA_INST_1_0/FAI_0/AND_GATE_2/U2/ZN (INV_X2)
                                                          0.01       0.31 f
  DATAPATH_INST/INST_EXECUTE/ALUCOMP/MULT_INST/COMP_2/RCA_INST_1_0/FAI_0/AND_GATE_2/Y (AND_GATE_1_311)
                                                          0.00       0.31 f
  DATAPATH_INST/INST_EXECUTE/ALUCOMP/MULT_INST/COMP_2/RCA_INST_1_0/FAI_0/OR_GATE_1/B (OR_GATE_154)
                                                          0.00       0.31 f
  DATAPATH_INST/INST_EXECUTE/ALUCOMP/MULT_INST/COMP_2/RCA_INST_1_0/FAI_0/OR_GATE_1/U1/ZN (OR2_X4)
                                                          0.04       0.35 f
  DATAPATH_INST/INST_EXECUTE/ALUCOMP/MULT_INST/COMP_2/RCA_INST_1_0/FAI_0/OR_GATE_1/Y (OR_GATE_154)
                                                          0.00       0.35 f
  DATAPATH_INST/INST_EXECUTE/ALUCOMP/MULT_INST/COMP_2/RCA_INST_1_0/FAI_0/Co (FA_154)
                                                          0.00       0.35 f
  DATAPATH_INST/INST_EXECUTE/ALUCOMP/MULT_INST/COMP_2/RCA_INST_1_0/FAI_1/Ci (FA_153)
                                                          0.00       0.35 f
  DATAPATH_INST/INST_EXECUTE/ALUCOMP/MULT_INST/COMP_2/RCA_INST_1_0/FAI_1/AND_GATE_2/B (AND_GATE_1_309)
                                                          0.00       0.35 f
  DATAPATH_INST/INST_EXECUTE/ALUCOMP/MULT_INST/COMP_2/RCA_INST_1_0/FAI_1/AND_GATE_2/U1/ZN (AND2_X4)
                                                          0.02       0.37 f
  DATAPATH_INST/INST_EXECUTE/ALUCOMP/MULT_INST/COMP_2/RCA_INST_1_0/FAI_1/AND_GATE_2/Y (AND_GATE_1_309)
                                                          0.00       0.37 f
  DATAPATH_INST/INST_EXECUTE/ALUCOMP/MULT_INST/COMP_2/RCA_INST_1_0/FAI_1/OR_GATE_1/B (OR_GATE_153)
                                                          0.00       0.37 f
  DATAPATH_INST/INST_EXECUTE/ALUCOMP/MULT_INST/COMP_2/RCA_INST_1_0/FAI_1/OR_GATE_1/U1/ZN (OR2_X4)
                                                          0.04       0.41 f
  DATAPATH_INST/INST_EXECUTE/ALUCOMP/MULT_INST/COMP_2/RCA_INST_1_0/FAI_1/OR_GATE_1/Y (OR_GATE_153)
                                                          0.00       0.41 f
  DATAPATH_INST/INST_EXECUTE/ALUCOMP/MULT_INST/COMP_2/RCA_INST_1_0/FAI_1/Co (FA_153)
                                                          0.00       0.41 f
  DATAPATH_INST/INST_EXECUTE/ALUCOMP/MULT_INST/COMP_2/RCA_INST_1_0/FAI_2/Ci (FA_152)
                                                          0.00       0.41 f
  DATAPATH_INST/INST_EXECUTE/ALUCOMP/MULT_INST/COMP_2/RCA_INST_1_0/FAI_2/AND_GATE_2/B (AND_GATE_1_307)
                                                          0.00       0.41 f
  DATAPATH_INST/INST_EXECUTE/ALUCOMP/MULT_INST/COMP_2/RCA_INST_1_0/FAI_2/AND_GATE_2/U1/ZN (AND2_X4)
                                                          0.03       0.44 f
  DATAPATH_INST/INST_EXECUTE/ALUCOMP/MULT_INST/COMP_2/RCA_INST_1_0/FAI_2/AND_GATE_2/Y (AND_GATE_1_307)
                                                          0.00       0.44 f
  DATAPATH_INST/INST_EXECUTE/ALUCOMP/MULT_INST/COMP_2/RCA_INST_1_0/FAI_2/OR_GATE_1/B (OR_GATE_152)
                                                          0.00       0.44 f
  DATAPATH_INST/INST_EXECUTE/ALUCOMP/MULT_INST/COMP_2/RCA_INST_1_0/FAI_2/OR_GATE_1/U3/ZN (INV_X4)
                                                          0.01       0.45 r
  DATAPATH_INST/INST_EXECUTE/ALUCOMP/MULT_INST/COMP_2/RCA_INST_1_0/FAI_2/OR_GATE_1/U1/ZN (NAND2_X4)
                                                          0.01       0.46 f
  DATAPATH_INST/INST_EXECUTE/ALUCOMP/MULT_INST/COMP_2/RCA_INST_1_0/FAI_2/OR_GATE_1/Y (OR_GATE_152)
                                                          0.00       0.46 f
  DATAPATH_INST/INST_EXECUTE/ALUCOMP/MULT_INST/COMP_2/RCA_INST_1_0/FAI_2/Co (FA_152)
                                                          0.00       0.46 f
  DATAPATH_INST/INST_EXECUTE/ALUCOMP/MULT_INST/COMP_2/RCA_INST_1_0/FAI_3/Ci (FA_151)
                                                          0.00       0.46 f
  DATAPATH_INST/INST_EXECUTE/ALUCOMP/MULT_INST/COMP_2/RCA_INST_1_0/FAI_3/XOR_GATE_2/B (XOR_GATE_1_305)
                                                          0.00       0.46 f
  DATAPATH_INST/INST_EXECUTE/ALUCOMP/MULT_INST/COMP_2/RCA_INST_1_0/FAI_3/XOR_GATE_2/U1/ZN (XNOR2_X2)
                                                          0.04       0.50 f
  DATAPATH_INST/INST_EXECUTE/ALUCOMP/MULT_INST/COMP_2/RCA_INST_1_0/FAI_3/XOR_GATE_2/Y (XOR_GATE_1_305)
                                                          0.00       0.50 f
  DATAPATH_INST/INST_EXECUTE/ALUCOMP/MULT_INST/COMP_2/RCA_INST_1_0/FAI_3/S (FA_151)
                                                          0.00       0.50 f
  DATAPATH_INST/INST_EXECUTE/ALUCOMP/MULT_INST/COMP_2/RCA_INST_1_0/S[4] (RCA_GEN_NO_C_N19_5)
                                                          0.00       0.50 f
  DATAPATH_INST/INST_EXECUTE/ALUCOMP/MULT_INST/COMP_2/RCA_INST_1_1/A[2] (RCA_GEN_NO_C_N19_4)
                                                          0.00       0.50 f
  DATAPATH_INST/INST_EXECUTE/ALUCOMP/MULT_INST/COMP_2/RCA_INST_1_1/FAI_1/A (FA_135)
                                                          0.00       0.50 f
  DATAPATH_INST/INST_EXECUTE/ALUCOMP/MULT_INST/COMP_2/RCA_INST_1_1/FAI_1/XOR_GATE_1/A (XOR_GATE_1_273)
                                                          0.00       0.50 f
  DATAPATH_INST/INST_EXECUTE/ALUCOMP/MULT_INST/COMP_2/RCA_INST_1_1/FAI_1/XOR_GATE_1/U4/ZN (NAND2_X1)
                                                          0.02       0.52 r
  DATAPATH_INST/INST_EXECUTE/ALUCOMP/MULT_INST/COMP_2/RCA_INST_1_1/FAI_1/XOR_GATE_1/U2/ZN (NAND2_X2)
                                                          0.02       0.53 f
  DATAPATH_INST/INST_EXECUTE/ALUCOMP/MULT_INST/COMP_2/RCA_INST_1_1/FAI_1/XOR_GATE_1/Y (XOR_GATE_1_273)
                                                          0.00       0.53 f
  DATAPATH_INST/INST_EXECUTE/ALUCOMP/MULT_INST/COMP_2/RCA_INST_1_1/FAI_1/AND_GATE_2/A (AND_GATE_1_272)
                                                          0.00       0.53 f
  DATAPATH_INST/INST_EXECUTE/ALUCOMP/MULT_INST/COMP_2/RCA_INST_1_1/FAI_1/AND_GATE_2/U1/ZN (NAND2_X2)
                                                          0.01       0.54 r
  DATAPATH_INST/INST_EXECUTE/ALUCOMP/MULT_INST/COMP_2/RCA_INST_1_1/FAI_1/AND_GATE_2/U2/ZN (INV_X2)
                                                          0.01       0.55 f
  DATAPATH_INST/INST_EXECUTE/ALUCOMP/MULT_INST/COMP_2/RCA_INST_1_1/FAI_1/AND_GATE_2/Y (AND_GATE_1_272)
                                                          0.00       0.55 f
  DATAPATH_INST/INST_EXECUTE/ALUCOMP/MULT_INST/COMP_2/RCA_INST_1_1/FAI_1/OR_GATE_1/B (OR_GATE_135)
                                                          0.00       0.55 f
  DATAPATH_INST/INST_EXECUTE/ALUCOMP/MULT_INST/COMP_2/RCA_INST_1_1/FAI_1/OR_GATE_1/U1/ZN (OR2_X4)
                                                          0.04       0.59 f
  DATAPATH_INST/INST_EXECUTE/ALUCOMP/MULT_INST/COMP_2/RCA_INST_1_1/FAI_1/OR_GATE_1/Y (OR_GATE_135)
                                                          0.00       0.59 f
  DATAPATH_INST/INST_EXECUTE/ALUCOMP/MULT_INST/COMP_2/RCA_INST_1_1/FAI_1/Co (FA_135)
                                                          0.00       0.59 f
  DATAPATH_INST/INST_EXECUTE/ALUCOMP/MULT_INST/COMP_2/RCA_INST_1_1/FAI_2/Ci (FA_134)
                                                          0.00       0.59 f
  DATAPATH_INST/INST_EXECUTE/ALUCOMP/MULT_INST/COMP_2/RCA_INST_1_1/FAI_2/AND_GATE_2/B (AND_GATE_1_270)
                                                          0.00       0.59 f
  DATAPATH_INST/INST_EXECUTE/ALUCOMP/MULT_INST/COMP_2/RCA_INST_1_1/FAI_2/AND_GATE_2/U1/ZN (AND2_X4)
                                                          0.02       0.61 f
  DATAPATH_INST/INST_EXECUTE/ALUCOMP/MULT_INST/COMP_2/RCA_INST_1_1/FAI_2/AND_GATE_2/Y (AND_GATE_1_270)
                                                          0.00       0.61 f
  DATAPATH_INST/INST_EXECUTE/ALUCOMP/MULT_INST/COMP_2/RCA_INST_1_1/FAI_2/OR_GATE_1/B (OR_GATE_134)
                                                          0.00       0.61 f
  DATAPATH_INST/INST_EXECUTE/ALUCOMP/MULT_INST/COMP_2/RCA_INST_1_1/FAI_2/OR_GATE_1/U1/ZN (OR2_X4)
                                                          0.04       0.65 f
  DATAPATH_INST/INST_EXECUTE/ALUCOMP/MULT_INST/COMP_2/RCA_INST_1_1/FAI_2/OR_GATE_1/Y (OR_GATE_134)
                                                          0.00       0.65 f
  DATAPATH_INST/INST_EXECUTE/ALUCOMP/MULT_INST/COMP_2/RCA_INST_1_1/FAI_2/Co (FA_134)
                                                          0.00       0.65 f
  DATAPATH_INST/INST_EXECUTE/ALUCOMP/MULT_INST/COMP_2/RCA_INST_1_1/FAI_3/Ci (FA_133)
                                                          0.00       0.65 f
  DATAPATH_INST/INST_EXECUTE/ALUCOMP/MULT_INST/COMP_2/RCA_INST_1_1/FAI_3/AND_GATE_2/B (AND_GATE_1_268)
                                                          0.00       0.65 f
  DATAPATH_INST/INST_EXECUTE/ALUCOMP/MULT_INST/COMP_2/RCA_INST_1_1/FAI_3/AND_GATE_2/U1/ZN (AND2_X4)
                                                          0.02       0.68 f
  DATAPATH_INST/INST_EXECUTE/ALUCOMP/MULT_INST/COMP_2/RCA_INST_1_1/FAI_3/AND_GATE_2/Y (AND_GATE_1_268)
                                                          0.00       0.68 f
  DATAPATH_INST/INST_EXECUTE/ALUCOMP/MULT_INST/COMP_2/RCA_INST_1_1/FAI_3/OR_GATE_1/B (OR_GATE_133)
                                                          0.00       0.68 f
  DATAPATH_INST/INST_EXECUTE/ALUCOMP/MULT_INST/COMP_2/RCA_INST_1_1/FAI_3/OR_GATE_1/U1/ZN (OR2_X4)
                                                          0.04       0.72 f
  DATAPATH_INST/INST_EXECUTE/ALUCOMP/MULT_INST/COMP_2/RCA_INST_1_1/FAI_3/OR_GATE_1/Y (OR_GATE_133)
                                                          0.00       0.72 f
  DATAPATH_INST/INST_EXECUTE/ALUCOMP/MULT_INST/COMP_2/RCA_INST_1_1/FAI_3/Co (FA_133)
                                                          0.00       0.72 f
  DATAPATH_INST/INST_EXECUTE/ALUCOMP/MULT_INST/COMP_2/RCA_INST_1_1/FAI_4/Ci (FA_132)
                                                          0.00       0.72 f
  DATAPATH_INST/INST_EXECUTE/ALUCOMP/MULT_INST/COMP_2/RCA_INST_1_1/FAI_4/AND_GATE_2/B (AND_GATE_1_266)
                                                          0.00       0.72 f
  DATAPATH_INST/INST_EXECUTE/ALUCOMP/MULT_INST/COMP_2/RCA_INST_1_1/FAI_4/AND_GATE_2/U1/ZN (AND2_X4)
                                                          0.02       0.74 f
  DATAPATH_INST/INST_EXECUTE/ALUCOMP/MULT_INST/COMP_2/RCA_INST_1_1/FAI_4/AND_GATE_2/Y (AND_GATE_1_266)
                                                          0.00       0.74 f
  DATAPATH_INST/INST_EXECUTE/ALUCOMP/MULT_INST/COMP_2/RCA_INST_1_1/FAI_4/OR_GATE_1/B (OR_GATE_132)
                                                          0.00       0.74 f
  DATAPATH_INST/INST_EXECUTE/ALUCOMP/MULT_INST/COMP_2/RCA_INST_1_1/FAI_4/OR_GATE_1/U1/ZN (OR2_X4)
                                                          0.04       0.78 f
  DATAPATH_INST/INST_EXECUTE/ALUCOMP/MULT_INST/COMP_2/RCA_INST_1_1/FAI_4/OR_GATE_1/Y (OR_GATE_132)
                                                          0.00       0.78 f
  DATAPATH_INST/INST_EXECUTE/ALUCOMP/MULT_INST/COMP_2/RCA_INST_1_1/FAI_4/Co (FA_132)
                                                          0.00       0.78 f
  DATAPATH_INST/INST_EXECUTE/ALUCOMP/MULT_INST/COMP_2/RCA_INST_1_1/FAI_5/Ci (FA_131)
                                                          0.00       0.78 f
  DATAPATH_INST/INST_EXECUTE/ALUCOMP/MULT_INST/COMP_2/RCA_INST_1_1/FAI_5/AND_GATE_2/B (AND_GATE_1_264)
                                                          0.00       0.78 f
  DATAPATH_INST/INST_EXECUTE/ALUCOMP/MULT_INST/COMP_2/RCA_INST_1_1/FAI_5/AND_GATE_2/U1/ZN (AND2_X4)
                                                          0.02       0.80 f
  DATAPATH_INST/INST_EXECUTE/ALUCOMP/MULT_INST/COMP_2/RCA_INST_1_1/FAI_5/AND_GATE_2/Y (AND_GATE_1_264)
                                                          0.00       0.80 f
  DATAPATH_INST/INST_EXECUTE/ALUCOMP/MULT_INST/COMP_2/RCA_INST_1_1/FAI_5/OR_GATE_1/B (OR_GATE_131)
                                                          0.00       0.80 f
  DATAPATH_INST/INST_EXECUTE/ALUCOMP/MULT_INST/COMP_2/RCA_INST_1_1/FAI_5/OR_GATE_1/U1/ZN (OR2_X4)
                                                          0.04       0.84 f
  DATAPATH_INST/INST_EXECUTE/ALUCOMP/MULT_INST/COMP_2/RCA_INST_1_1/FAI_5/OR_GATE_1/Y (OR_GATE_131)
                                                          0.00       0.84 f
  DATAPATH_INST/INST_EXECUTE/ALUCOMP/MULT_INST/COMP_2/RCA_INST_1_1/FAI_5/Co (FA_131)
                                                          0.00       0.84 f
  DATAPATH_INST/INST_EXECUTE/ALUCOMP/MULT_INST/COMP_2/RCA_INST_1_1/FAI_6/Ci (FA_130)
                                                          0.00       0.84 f
  DATAPATH_INST/INST_EXECUTE/ALUCOMP/MULT_INST/COMP_2/RCA_INST_1_1/FAI_6/AND_GATE_2/B (AND_GATE_1_262)
                                                          0.00       0.84 f
  DATAPATH_INST/INST_EXECUTE/ALUCOMP/MULT_INST/COMP_2/RCA_INST_1_1/FAI_6/AND_GATE_2/U1/ZN (AND2_X4)
                                                          0.02       0.87 f
  DATAPATH_INST/INST_EXECUTE/ALUCOMP/MULT_INST/COMP_2/RCA_INST_1_1/FAI_6/AND_GATE_2/Y (AND_GATE_1_262)
                                                          0.00       0.87 f
  DATAPATH_INST/INST_EXECUTE/ALUCOMP/MULT_INST/COMP_2/RCA_INST_1_1/FAI_6/OR_GATE_1/B (OR_GATE_130)
                                                          0.00       0.87 f
  DATAPATH_INST/INST_EXECUTE/ALUCOMP/MULT_INST/COMP_2/RCA_INST_1_1/FAI_6/OR_GATE_1/U1/ZN (OR2_X4)
                                                          0.04       0.90 f
  DATAPATH_INST/INST_EXECUTE/ALUCOMP/MULT_INST/COMP_2/RCA_INST_1_1/FAI_6/OR_GATE_1/Y (OR_GATE_130)
                                                          0.00       0.90 f
  DATAPATH_INST/INST_EXECUTE/ALUCOMP/MULT_INST/COMP_2/RCA_INST_1_1/FAI_6/Co (FA_130)
                                                          0.00       0.90 f
  DATAPATH_INST/INST_EXECUTE/ALUCOMP/MULT_INST/COMP_2/RCA_INST_1_1/FAI_7/Ci (FA_129)
                                                          0.00       0.90 f
  DATAPATH_INST/INST_EXECUTE/ALUCOMP/MULT_INST/COMP_2/RCA_INST_1_1/FAI_7/U1/ZN (INV_X1)
                                                          0.01       0.92 r
  DATAPATH_INST/INST_EXECUTE/ALUCOMP/MULT_INST/COMP_2/RCA_INST_1_1/FAI_7/U2/ZN (INV_X1)
                                                          0.01       0.93 f
  DATAPATH_INST/INST_EXECUTE/ALUCOMP/MULT_INST/COMP_2/RCA_INST_1_1/FAI_7/XOR_GATE_2/B (XOR_GATE_1_260)
                                                          0.00       0.93 f
  DATAPATH_INST/INST_EXECUTE/ALUCOMP/MULT_INST/COMP_2/RCA_INST_1_1/FAI_7/XOR_GATE_2/U1/ZN (XNOR2_X2)
                                                          0.04       0.96 f
  DATAPATH_INST/INST_EXECUTE/ALUCOMP/MULT_INST/COMP_2/RCA_INST_1_1/FAI_7/XOR_GATE_2/Y (XOR_GATE_1_260)
                                                          0.00       0.96 f
  DATAPATH_INST/INST_EXECUTE/ALUCOMP/MULT_INST/COMP_2/RCA_INST_1_1/FAI_7/S (FA_129)
                                                          0.00       0.96 f
  DATAPATH_INST/INST_EXECUTE/ALUCOMP/MULT_INST/COMP_2/RCA_INST_1_1/S[8] (RCA_GEN_NO_C_N19_4)
                                                          0.00       0.96 f
  DATAPATH_INST/INST_EXECUTE/ALUCOMP/MULT_INST/COMP_2/RCA_INST_1_2/A[6] (RCA_GEN_NO_C_N19_3)
                                                          0.00       0.96 f
  DATAPATH_INST/INST_EXECUTE/ALUCOMP/MULT_INST/COMP_2/RCA_INST_1_2/FAI_5/A (FA_113)
                                                          0.00       0.96 f
  DATAPATH_INST/INST_EXECUTE/ALUCOMP/MULT_INST/COMP_2/RCA_INST_1_2/FAI_5/XOR_GATE_1/A (XOR_GATE_1_228)
                                                          0.00       0.96 f
  DATAPATH_INST/INST_EXECUTE/ALUCOMP/MULT_INST/COMP_2/RCA_INST_1_2/FAI_5/XOR_GATE_1/U4/ZN (NAND2_X1)
                                                          0.02       0.98 r
  DATAPATH_INST/INST_EXECUTE/ALUCOMP/MULT_INST/COMP_2/RCA_INST_1_2/FAI_5/XOR_GATE_1/U3/ZN (NAND2_X2)
                                                          0.01       0.99 f
  DATAPATH_INST/INST_EXECUTE/ALUCOMP/MULT_INST/COMP_2/RCA_INST_1_2/FAI_5/XOR_GATE_1/Y (XOR_GATE_1_228)
                                                          0.00       0.99 f
  DATAPATH_INST/INST_EXECUTE/ALUCOMP/MULT_INST/COMP_2/RCA_INST_1_2/FAI_5/AND_GATE_2/A (AND_GATE_1_227)
                                                          0.00       0.99 f
  DATAPATH_INST/INST_EXECUTE/ALUCOMP/MULT_INST/COMP_2/RCA_INST_1_2/FAI_5/AND_GATE_2/U1/ZN (AND2_X4)
                                                          0.03       1.02 f
  DATAPATH_INST/INST_EXECUTE/ALUCOMP/MULT_INST/COMP_2/RCA_INST_1_2/FAI_5/AND_GATE_2/Y (AND_GATE_1_227)
                                                          0.00       1.02 f
  DATAPATH_INST/INST_EXECUTE/ALUCOMP/MULT_INST/COMP_2/RCA_INST_1_2/FAI_5/OR_GATE_1/B (OR_GATE_113)
                                                          0.00       1.02 f
  DATAPATH_INST/INST_EXECUTE/ALUCOMP/MULT_INST/COMP_2/RCA_INST_1_2/FAI_5/OR_GATE_1/U2/ZN (INV_X4)
                                                          0.01       1.03 r
  DATAPATH_INST/INST_EXECUTE/ALUCOMP/MULT_INST/COMP_2/RCA_INST_1_2/FAI_5/OR_GATE_1/U1/ZN (NAND2_X4)
                                                          0.01       1.05 f
  DATAPATH_INST/INST_EXECUTE/ALUCOMP/MULT_INST/COMP_2/RCA_INST_1_2/FAI_5/OR_GATE_1/Y (OR_GATE_113)
                                                          0.00       1.05 f
  DATAPATH_INST/INST_EXECUTE/ALUCOMP/MULT_INST/COMP_2/RCA_INST_1_2/FAI_5/Co (FA_113)
                                                          0.00       1.05 f
  DATAPATH_INST/INST_EXECUTE/ALUCOMP/MULT_INST/COMP_2/RCA_INST_1_2/FAI_6/Ci (FA_112)
                                                          0.00       1.05 f
  DATAPATH_INST/INST_EXECUTE/ALUCOMP/MULT_INST/COMP_2/RCA_INST_1_2/FAI_6/AND_GATE_2/B (AND_GATE_1_225)
                                                          0.00       1.05 f
  DATAPATH_INST/INST_EXECUTE/ALUCOMP/MULT_INST/COMP_2/RCA_INST_1_2/FAI_6/AND_GATE_2/U2/ZN (INV_X4)
                                                          0.01       1.06 r
  DATAPATH_INST/INST_EXECUTE/ALUCOMP/MULT_INST/COMP_2/RCA_INST_1_2/FAI_6/AND_GATE_2/U1/ZN (NOR2_X2)
                                                          0.01       1.06 f
  DATAPATH_INST/INST_EXECUTE/ALUCOMP/MULT_INST/COMP_2/RCA_INST_1_2/FAI_6/AND_GATE_2/Y (AND_GATE_1_225)
                                                          0.00       1.06 f
  DATAPATH_INST/INST_EXECUTE/ALUCOMP/MULT_INST/COMP_2/RCA_INST_1_2/FAI_6/OR_GATE_1/B (OR_GATE_112)
                                                          0.00       1.06 f
  DATAPATH_INST/INST_EXECUTE/ALUCOMP/MULT_INST/COMP_2/RCA_INST_1_2/FAI_6/OR_GATE_1/U3/ZN (INV_X4)
                                                          0.01       1.08 r
  DATAPATH_INST/INST_EXECUTE/ALUCOMP/MULT_INST/COMP_2/RCA_INST_1_2/FAI_6/OR_GATE_1/U1/ZN (NAND2_X4)
                                                          0.01       1.09 f
  DATAPATH_INST/INST_EXECUTE/ALUCOMP/MULT_INST/COMP_2/RCA_INST_1_2/FAI_6/OR_GATE_1/Y (OR_GATE_112)
                                                          0.00       1.09 f
  DATAPATH_INST/INST_EXECUTE/ALUCOMP/MULT_INST/COMP_2/RCA_INST_1_2/FAI_6/Co (FA_112)
                                                          0.00       1.09 f
  DATAPATH_INST/INST_EXECUTE/ALUCOMP/MULT_INST/COMP_2/RCA_INST_1_2/FAI_7/Ci (FA_111)
                                                          0.00       1.09 f
  DATAPATH_INST/INST_EXECUTE/ALUCOMP/MULT_INST/COMP_2/RCA_INST_1_2/FAI_7/AND_GATE_2/B (AND_GATE_1_223)
                                                          0.00       1.09 f
  DATAPATH_INST/INST_EXECUTE/ALUCOMP/MULT_INST/COMP_2/RCA_INST_1_2/FAI_7/AND_GATE_2/U1/ZN (NAND2_X4)
                                                          0.01       1.10 r
  DATAPATH_INST/INST_EXECUTE/ALUCOMP/MULT_INST/COMP_2/RCA_INST_1_2/FAI_7/AND_GATE_2/U2/ZN (INV_X2)
                                                          0.01       1.11 f
  DATAPATH_INST/INST_EXECUTE/ALUCOMP/MULT_INST/COMP_2/RCA_INST_1_2/FAI_7/AND_GATE_2/Y (AND_GATE_1_223)
                                                          0.00       1.11 f
  DATAPATH_INST/INST_EXECUTE/ALUCOMP/MULT_INST/COMP_2/RCA_INST_1_2/FAI_7/OR_GATE_1/B (OR_GATE_111)
                                                          0.00       1.11 f
  DATAPATH_INST/INST_EXECUTE/ALUCOMP/MULT_INST/COMP_2/RCA_INST_1_2/FAI_7/OR_GATE_1/U1/ZN (OR2_X4)
                                                          0.04       1.14 f
  DATAPATH_INST/INST_EXECUTE/ALUCOMP/MULT_INST/COMP_2/RCA_INST_1_2/FAI_7/OR_GATE_1/Y (OR_GATE_111)
                                                          0.00       1.14 f
  DATAPATH_INST/INST_EXECUTE/ALUCOMP/MULT_INST/COMP_2/RCA_INST_1_2/FAI_7/Co (FA_111)
                                                          0.00       1.14 f
  DATAPATH_INST/INST_EXECUTE/ALUCOMP/MULT_INST/COMP_2/RCA_INST_1_2/FAI_8/Ci (FA_110)
                                                          0.00       1.14 f
  DATAPATH_INST/INST_EXECUTE/ALUCOMP/MULT_INST/COMP_2/RCA_INST_1_2/FAI_8/AND_GATE_2/B (AND_GATE_1_221)
                                                          0.00       1.14 f
  DATAPATH_INST/INST_EXECUTE/ALUCOMP/MULT_INST/COMP_2/RCA_INST_1_2/FAI_8/AND_GATE_2/U1/ZN (AND2_X4)
                                                          0.02       1.17 f
  DATAPATH_INST/INST_EXECUTE/ALUCOMP/MULT_INST/COMP_2/RCA_INST_1_2/FAI_8/AND_GATE_2/Y (AND_GATE_1_221)
                                                          0.00       1.17 f
  DATAPATH_INST/INST_EXECUTE/ALUCOMP/MULT_INST/COMP_2/RCA_INST_1_2/FAI_8/OR_GATE_1/B (OR_GATE_110)
                                                          0.00       1.17 f
  DATAPATH_INST/INST_EXECUTE/ALUCOMP/MULT_INST/COMP_2/RCA_INST_1_2/FAI_8/OR_GATE_1/U1/ZN (OR2_X4)
                                                          0.04       1.21 f
  DATAPATH_INST/INST_EXECUTE/ALUCOMP/MULT_INST/COMP_2/RCA_INST_1_2/FAI_8/OR_GATE_1/Y (OR_GATE_110)
                                                          0.00       1.21 f
  DATAPATH_INST/INST_EXECUTE/ALUCOMP/MULT_INST/COMP_2/RCA_INST_1_2/FAI_8/Co (FA_110)
                                                          0.00       1.21 f
  DATAPATH_INST/INST_EXECUTE/ALUCOMP/MULT_INST/COMP_2/RCA_INST_1_2/FAI_9/Ci (FA_109)
                                                          0.00       1.21 f
  DATAPATH_INST/INST_EXECUTE/ALUCOMP/MULT_INST/COMP_2/RCA_INST_1_2/FAI_9/AND_GATE_2/B (AND_GATE_1_219)
                                                          0.00       1.21 f
  DATAPATH_INST/INST_EXECUTE/ALUCOMP/MULT_INST/COMP_2/RCA_INST_1_2/FAI_9/AND_GATE_2/U2/ZN (NAND2_X4)
                                                          0.01       1.22 r
  DATAPATH_INST/INST_EXECUTE/ALUCOMP/MULT_INST/COMP_2/RCA_INST_1_2/FAI_9/AND_GATE_2/U1/ZN (INV_X4)
                                                          0.01       1.23 f
  DATAPATH_INST/INST_EXECUTE/ALUCOMP/MULT_INST/COMP_2/RCA_INST_1_2/FAI_9/AND_GATE_2/Y (AND_GATE_1_219)
                                                          0.00       1.23 f
  DATAPATH_INST/INST_EXECUTE/ALUCOMP/MULT_INST/COMP_2/RCA_INST_1_2/FAI_9/OR_GATE_1/B (OR_GATE_109)
                                                          0.00       1.23 f
  DATAPATH_INST/INST_EXECUTE/ALUCOMP/MULT_INST/COMP_2/RCA_INST_1_2/FAI_9/OR_GATE_1/U2/ZN (INV_X4)
                                                          0.01       1.24 r
  DATAPATH_INST/INST_EXECUTE/ALUCOMP/MULT_INST/COMP_2/RCA_INST_1_2/FAI_9/OR_GATE_1/U1/ZN (NAND2_X4)
                                                          0.01       1.25 f
  DATAPATH_INST/INST_EXECUTE/ALUCOMP/MULT_INST/COMP_2/RCA_INST_1_2/FAI_9/OR_GATE_1/Y (OR_GATE_109)
                                                          0.00       1.25 f
  DATAPATH_INST/INST_EXECUTE/ALUCOMP/MULT_INST/COMP_2/RCA_INST_1_2/FAI_9/Co (FA_109)
                                                          0.00       1.25 f
  DATAPATH_INST/INST_EXECUTE/ALUCOMP/MULT_INST/COMP_2/RCA_INST_1_2/FAI_10/Ci (FA_108)
                                                          0.00       1.25 f
  DATAPATH_INST/INST_EXECUTE/ALUCOMP/MULT_INST/COMP_2/RCA_INST_1_2/FAI_10/AND_GATE_2/B (AND_GATE_1_217)
                                                          0.00       1.25 f
  DATAPATH_INST/INST_EXECUTE/ALUCOMP/MULT_INST/COMP_2/RCA_INST_1_2/FAI_10/AND_GATE_2/U1/ZN (INV_X4)
                                                          0.01       1.26 r
  DATAPATH_INST/INST_EXECUTE/ALUCOMP/MULT_INST/COMP_2/RCA_INST_1_2/FAI_10/AND_GATE_2/net831032/ZN (NOR2_X2)
                                                          0.01       1.27 f
  DATAPATH_INST/INST_EXECUTE/ALUCOMP/MULT_INST/COMP_2/RCA_INST_1_2/FAI_10/AND_GATE_2/Y (AND_GATE_1_217)
                                                          0.00       1.27 f
  DATAPATH_INST/INST_EXECUTE/ALUCOMP/MULT_INST/COMP_2/RCA_INST_1_2/FAI_10/OR_GATE_1/B (OR_GATE_108)
                                                          0.00       1.27 f
  DATAPATH_INST/INST_EXECUTE/ALUCOMP/MULT_INST/COMP_2/RCA_INST_1_2/FAI_10/OR_GATE_1/U2/ZN (INV_X2)
                                                          0.01       1.28 r
  DATAPATH_INST/INST_EXECUTE/ALUCOMP/MULT_INST/COMP_2/RCA_INST_1_2/FAI_10/OR_GATE_1/U1/ZN (NAND2_X2)
                                                          0.01       1.29 f
  DATAPATH_INST/INST_EXECUTE/ALUCOMP/MULT_INST/COMP_2/RCA_INST_1_2/FAI_10/OR_GATE_1/Y (OR_GATE_108)
                                                          0.00       1.29 f
  DATAPATH_INST/INST_EXECUTE/ALUCOMP/MULT_INST/COMP_2/RCA_INST_1_2/FAI_10/Co (FA_108)
                                                          0.00       1.29 f
  DATAPATH_INST/INST_EXECUTE/ALUCOMP/MULT_INST/COMP_2/RCA_INST_1_2/FAI_11/Ci (FA_107)
                                                          0.00       1.29 f
  DATAPATH_INST/INST_EXECUTE/ALUCOMP/MULT_INST/COMP_2/RCA_INST_1_2/FAI_11/AND_GATE_2/B (AND_GATE_1_215)
                                                          0.00       1.29 f
  DATAPATH_INST/INST_EXECUTE/ALUCOMP/MULT_INST/COMP_2/RCA_INST_1_2/FAI_11/AND_GATE_2/U1/ZN (INV_X2)
                                                          0.01       1.30 r
  DATAPATH_INST/INST_EXECUTE/ALUCOMP/MULT_INST/COMP_2/RCA_INST_1_2/FAI_11/AND_GATE_2/net826227/ZN (NOR2_X2)
                                                          0.01       1.31 f
  DATAPATH_INST/INST_EXECUTE/ALUCOMP/MULT_INST/COMP_2/RCA_INST_1_2/FAI_11/AND_GATE_2/Y (AND_GATE_1_215)
                                                          0.00       1.31 f
  DATAPATH_INST/INST_EXECUTE/ALUCOMP/MULT_INST/COMP_2/RCA_INST_1_2/FAI_11/OR_GATE_1/B (OR_GATE_107)
                                                          0.00       1.31 f
  DATAPATH_INST/INST_EXECUTE/ALUCOMP/MULT_INST/COMP_2/RCA_INST_1_2/FAI_11/OR_GATE_1/syn17/ZN (INV_X2)
                                                          0.01       1.32 r
  DATAPATH_INST/INST_EXECUTE/ALUCOMP/MULT_INST/COMP_2/RCA_INST_1_2/FAI_11/OR_GATE_1/U2/ZN (NAND2_X2)
                                                          0.01       1.33 f
  DATAPATH_INST/INST_EXECUTE/ALUCOMP/MULT_INST/COMP_2/RCA_INST_1_2/FAI_11/OR_GATE_1/Y (OR_GATE_107)
                                                          0.00       1.33 f
  DATAPATH_INST/INST_EXECUTE/ALUCOMP/MULT_INST/COMP_2/RCA_INST_1_2/FAI_11/Co (FA_107)
                                                          0.00       1.33 f
  DATAPATH_INST/INST_EXECUTE/ALUCOMP/MULT_INST/COMP_2/RCA_INST_1_2/FAI_12/Ci (FA_106)
                                                          0.00       1.33 f
  DATAPATH_INST/INST_EXECUTE/ALUCOMP/MULT_INST/COMP_2/RCA_INST_1_2/FAI_12/AND_GATE_2/B (AND_GATE_1_213)
                                                          0.00       1.33 f
  DATAPATH_INST/INST_EXECUTE/ALUCOMP/MULT_INST/COMP_2/RCA_INST_1_2/FAI_12/AND_GATE_2/U1/ZN (AND2_X4)
                                                          0.03       1.36 f
  DATAPATH_INST/INST_EXECUTE/ALUCOMP/MULT_INST/COMP_2/RCA_INST_1_2/FAI_12/AND_GATE_2/Y (AND_GATE_1_213)
                                                          0.00       1.36 f
  DATAPATH_INST/INST_EXECUTE/ALUCOMP/MULT_INST/COMP_2/RCA_INST_1_2/FAI_12/OR_GATE_1/B (OR_GATE_106)
                                                          0.00       1.36 f
  DATAPATH_INST/INST_EXECUTE/ALUCOMP/MULT_INST/COMP_2/RCA_INST_1_2/FAI_12/OR_GATE_1/U2/ZN (INV_X4)
                                                          0.01       1.37 r
  DATAPATH_INST/INST_EXECUTE/ALUCOMP/MULT_INST/COMP_2/RCA_INST_1_2/FAI_12/OR_GATE_1/U1/ZN (NAND2_X4)
                                                          0.01       1.38 f
  DATAPATH_INST/INST_EXECUTE/ALUCOMP/MULT_INST/COMP_2/RCA_INST_1_2/FAI_12/OR_GATE_1/Y (OR_GATE_106)
                                                          0.00       1.38 f
  DATAPATH_INST/INST_EXECUTE/ALUCOMP/MULT_INST/COMP_2/RCA_INST_1_2/FAI_12/Co (FA_106)
                                                          0.00       1.38 f
  DATAPATH_INST/INST_EXECUTE/ALUCOMP/MULT_INST/COMP_2/RCA_INST_1_2/FAI_13/Ci (FA_105)
                                                          0.00       1.38 f
  DATAPATH_INST/INST_EXECUTE/ALUCOMP/MULT_INST/COMP_2/RCA_INST_1_2/FAI_13/AND_GATE_2/B (AND_GATE_1_211)
                                                          0.00       1.38 f
  DATAPATH_INST/INST_EXECUTE/ALUCOMP/MULT_INST/COMP_2/RCA_INST_1_2/FAI_13/AND_GATE_2/U1/ZN (NAND2_X2)
                                                          0.01       1.39 r
  DATAPATH_INST/INST_EXECUTE/ALUCOMP/MULT_INST/COMP_2/RCA_INST_1_2/FAI_13/AND_GATE_2/U2/ZN (INV_X2)
                                                          0.01       1.40 f
  DATAPATH_INST/INST_EXECUTE/ALUCOMP/MULT_INST/COMP_2/RCA_INST_1_2/FAI_13/AND_GATE_2/Y (AND_GATE_1_211)
                                                          0.00       1.40 f
  DATAPATH_INST/INST_EXECUTE/ALUCOMP/MULT_INST/COMP_2/RCA_INST_1_2/FAI_13/OR_GATE_1/B (OR_GATE_105)
                                                          0.00       1.40 f
  DATAPATH_INST/INST_EXECUTE/ALUCOMP/MULT_INST/COMP_2/RCA_INST_1_2/FAI_13/OR_GATE_1/U1/ZN (OR2_X4)
                                                          0.04       1.43 f
  DATAPATH_INST/INST_EXECUTE/ALUCOMP/MULT_INST/COMP_2/RCA_INST_1_2/FAI_13/OR_GATE_1/Y (OR_GATE_105)
                                                          0.00       1.43 f
  DATAPATH_INST/INST_EXECUTE/ALUCOMP/MULT_INST/COMP_2/RCA_INST_1_2/FAI_13/Co (FA_105)
                                                          0.00       1.43 f
  DATAPATH_INST/INST_EXECUTE/ALUCOMP/MULT_INST/COMP_2/RCA_INST_1_2/FAI_14/Ci (FA_104)
                                                          0.00       1.43 f
  DATAPATH_INST/INST_EXECUTE/ALUCOMP/MULT_INST/COMP_2/RCA_INST_1_2/FAI_14/AND_GATE_2/B (AND_GATE_1_209)
                                                          0.00       1.43 f
  DATAPATH_INST/INST_EXECUTE/ALUCOMP/MULT_INST/COMP_2/RCA_INST_1_2/FAI_14/AND_GATE_2/U1/ZN (AND2_X4)
                                                          0.03       1.46 f
  DATAPATH_INST/INST_EXECUTE/ALUCOMP/MULT_INST/COMP_2/RCA_INST_1_2/FAI_14/AND_GATE_2/Y (AND_GATE_1_209)
                                                          0.00       1.46 f
  DATAPATH_INST/INST_EXECUTE/ALUCOMP/MULT_INST/COMP_2/RCA_INST_1_2/FAI_14/OR_GATE_1/B (OR_GATE_104)
                                                          0.00       1.46 f
  DATAPATH_INST/INST_EXECUTE/ALUCOMP/MULT_INST/COMP_2/RCA_INST_1_2/FAI_14/OR_GATE_1/U1/ZN (INV_X4)
                                                          0.01       1.47 r
  DATAPATH_INST/INST_EXECUTE/ALUCOMP/MULT_INST/COMP_2/RCA_INST_1_2/FAI_14/OR_GATE_1/U2/ZN (NAND2_X4)
                                                          0.01       1.48 f
  DATAPATH_INST/INST_EXECUTE/ALUCOMP/MULT_INST/COMP_2/RCA_INST_1_2/FAI_14/OR_GATE_1/Y (OR_GATE_104)
                                                          0.00       1.48 f
  DATAPATH_INST/INST_EXECUTE/ALUCOMP/MULT_INST/COMP_2/RCA_INST_1_2/FAI_14/Co (FA_104)
                                                          0.00       1.48 f
  DATAPATH_INST/INST_EXECUTE/ALUCOMP/MULT_INST/COMP_2/RCA_INST_1_2/FAI_15/Ci (FA_103)
                                                          0.00       1.48 f
  DATAPATH_INST/INST_EXECUTE/ALUCOMP/MULT_INST/COMP_2/RCA_INST_1_2/FAI_15/AND_GATE_2/B (AND_GATE_1_207)
                                                          0.00       1.48 f
  DATAPATH_INST/INST_EXECUTE/ALUCOMP/MULT_INST/COMP_2/RCA_INST_1_2/FAI_15/AND_GATE_2/U2/ZN (NAND2_X4)
                                                          0.01       1.50 r
  DATAPATH_INST/INST_EXECUTE/ALUCOMP/MULT_INST/COMP_2/RCA_INST_1_2/FAI_15/AND_GATE_2/U1/ZN (INV_X4)
                                                          0.01       1.50 f
  DATAPATH_INST/INST_EXECUTE/ALUCOMP/MULT_INST/COMP_2/RCA_INST_1_2/FAI_15/AND_GATE_2/Y (AND_GATE_1_207)
                                                          0.00       1.50 f
  DATAPATH_INST/INST_EXECUTE/ALUCOMP/MULT_INST/COMP_2/RCA_INST_1_2/FAI_15/OR_GATE_1/B (OR_GATE_103)
                                                          0.00       1.50 f
  DATAPATH_INST/INST_EXECUTE/ALUCOMP/MULT_INST/COMP_2/RCA_INST_1_2/FAI_15/OR_GATE_1/U2/ZN (INV_X4)
                                                          0.01       1.51 r
  DATAPATH_INST/INST_EXECUTE/ALUCOMP/MULT_INST/COMP_2/RCA_INST_1_2/FAI_15/OR_GATE_1/U1/ZN (NAND2_X4)
                                                          0.01       1.53 f
  DATAPATH_INST/INST_EXECUTE/ALUCOMP/MULT_INST/COMP_2/RCA_INST_1_2/FAI_15/OR_GATE_1/Y (OR_GATE_103)
                                                          0.00       1.53 f
  DATAPATH_INST/INST_EXECUTE/ALUCOMP/MULT_INST/COMP_2/RCA_INST_1_2/FAI_15/Co (FA_103)
                                                          0.00       1.53 f
  DATAPATH_INST/INST_EXECUTE/ALUCOMP/MULT_INST/COMP_2/RCA_INST_1_2/FAI_16/Ci (FA_102)
                                                          0.00       1.53 f
  DATAPATH_INST/INST_EXECUTE/ALUCOMP/MULT_INST/COMP_2/RCA_INST_1_2/FAI_16/AND_GATE_2/B (AND_GATE_1_205)
                                                          0.00       1.53 f
  DATAPATH_INST/INST_EXECUTE/ALUCOMP/MULT_INST/COMP_2/RCA_INST_1_2/FAI_16/AND_GATE_2/U1/ZN (AND2_X4)
                                                          0.02       1.55 f
  DATAPATH_INST/INST_EXECUTE/ALUCOMP/MULT_INST/COMP_2/RCA_INST_1_2/FAI_16/AND_GATE_2/Y (AND_GATE_1_205)
                                                          0.00       1.55 f
  DATAPATH_INST/INST_EXECUTE/ALUCOMP/MULT_INST/COMP_2/RCA_INST_1_2/FAI_16/OR_GATE_1/B (OR_GATE_102)
                                                          0.00       1.55 f
  DATAPATH_INST/INST_EXECUTE/ALUCOMP/MULT_INST/COMP_2/RCA_INST_1_2/FAI_16/OR_GATE_1/U1/ZN (OR2_X4)
                                                          0.04       1.59 f
  DATAPATH_INST/INST_EXECUTE/ALUCOMP/MULT_INST/COMP_2/RCA_INST_1_2/FAI_16/OR_GATE_1/Y (OR_GATE_102)
                                                          0.00       1.59 f
  DATAPATH_INST/INST_EXECUTE/ALUCOMP/MULT_INST/COMP_2/RCA_INST_1_2/FAI_16/Co (FA_102)
                                                          0.00       1.59 f
  DATAPATH_INST/INST_EXECUTE/ALUCOMP/MULT_INST/COMP_2/RCA_INST_1_2/FAI_17/Ci (FA_101)
                                                          0.00       1.59 f
  DATAPATH_INST/INST_EXECUTE/ALUCOMP/MULT_INST/COMP_2/RCA_INST_1_2/FAI_17/XOR_GATE_2/B (XOR_GATE_1_203)
                                                          0.00       1.59 f
  DATAPATH_INST/INST_EXECUTE/ALUCOMP/MULT_INST/COMP_2/RCA_INST_1_2/FAI_17/XOR_GATE_2/U3/ZN (INV_X1)
                                                          0.01       1.60 r
  DATAPATH_INST/INST_EXECUTE/ALUCOMP/MULT_INST/COMP_2/RCA_INST_1_2/FAI_17/XOR_GATE_2/U1/ZN (NAND2_X1)
                                                          0.01       1.61 f
  DATAPATH_INST/INST_EXECUTE/ALUCOMP/MULT_INST/COMP_2/RCA_INST_1_2/FAI_17/XOR_GATE_2/U2/ZN (NAND2_X1)
                                                          0.01       1.62 r
  DATAPATH_INST/INST_EXECUTE/ALUCOMP/MULT_INST/COMP_2/RCA_INST_1_2/FAI_17/XOR_GATE_2/Y (XOR_GATE_1_203)
                                                          0.00       1.62 r
  DATAPATH_INST/INST_EXECUTE/ALUCOMP/MULT_INST/COMP_2/RCA_INST_1_2/FAI_17/S (FA_101)
                                                          0.00       1.62 r
  DATAPATH_INST/INST_EXECUTE/ALUCOMP/MULT_INST/COMP_2/RCA_INST_1_2/S[18] (RCA_GEN_NO_C_N19_3)
                                                          0.00       1.62 r
  DATAPATH_INST/INST_EXECUTE/ALUCOMP/MULT_INST/COMP_2/P[22] (BOOTHMUL_COMP_2)
                                                          0.00       1.62 r
  DATAPATH_INST/INST_EXECUTE/ALUCOMP/MULT_INST/PIPE_2_1/D[16] (REG_N17_1)
                                                          0.00       1.62 r
  DATAPATH_INST/INST_EXECUTE/ALUCOMP/MULT_INST/PIPE_2_1/FF_16/D (FD_49)
                                                          0.00       1.62 r
  DATAPATH_INST/INST_EXECUTE/ALUCOMP/MULT_INST/PIPE_2_1/FF_16/U3/ZN (NAND2_X1)
                                                          0.01       1.64 f
  DATAPATH_INST/INST_EXECUTE/ALUCOMP/MULT_INST/PIPE_2_1/FF_16/U4/ZN (NAND2_X1)
                                                          0.01       1.65 r
  DATAPATH_INST/INST_EXECUTE/ALUCOMP/MULT_INST/PIPE_2_1/FF_16/Q_reg/D (DFFS_X1)
                                                          0.00       1.65 r
  data arrival time                                                  1.65

  clock CLK (rise edge)                                   1.60       1.60
  clock network delay (ideal)                             0.00       1.60
  DATAPATH_INST/INST_EXECUTE/ALUCOMP/MULT_INST/PIPE_2_1/FF_16/Q_reg/CK (DFFS_X1)
                                                          0.00       1.60 r
  library setup time                                     -0.03       1.57
  data required time                                                 1.57
  --------------------------------------------------------------------------
  data required time                                                 1.57
  data arrival time                                                 -1.65
  --------------------------------------------------------------------------
  slack (VIOLATED)                                                  -0.08


1
