 
****************************************
Report : timing
        -path full
        -delay max
        -max_paths 1
Design : DLX
Version: Z-2007.03-SP1
Date   : Mon Oct 26 02:07:09 2015
****************************************

 # A fanout number of 1000 was used for high fanout net computations.

Operating Conditions: typical   Library: NangateOpenCellLibrary
Wire Load Model Mode: top

  Startpoint: DATAPATH_INST/INST_EXECUTE/ALUCOMP/MULT_INST/PIPE_1_3/FF_5/Q_reg
              (rising edge-triggered flip-flop clocked by CLK)
  Endpoint: DATAPATH_INST/INST_EXECUTE/ALUCOMP/MULT_INST/PIPE_2_1/FF_16/Q_reg
            (rising edge-triggered flip-flop clocked by CLK)
  Path Group: CLK
  Path Type: max

  Des/Clust/Port     Wire Load Model       Library
  ------------------------------------------------
  DLX                0K_hvratio_1_4        NangateOpenCellLibrary

  Point                                                   Incr       Path
  --------------------------------------------------------------------------
  clock CLK (rise edge)                                   0.00       0.00
  clock network delay (ideal)                             0.00       0.00
  DATAPATH_INST/INST_EXECUTE/ALUCOMP/MULT_INST/PIPE_1_3/FF_5/Q_reg/CK (DFF_X1)
                                                          0.00 #     0.00 r
  DATAPATH_INST/INST_EXECUTE/ALUCOMP/MULT_INST/PIPE_1_3/FF_5/Q_reg/Q (DFF_X1)
                                                          0.10       0.10 r
  DATAPATH_INST/INST_EXECUTE/ALUCOMP/MULT_INST/PIPE_1_3/FF_5/Q (FD_102)
                                                          0.00       0.10 r
  DATAPATH_INST/INST_EXECUTE/ALUCOMP/MULT_INST/PIPE_1_3/Q[5] (REG_N16_5)
                                                          0.00       0.10 r
  DATAPATH_INST/INST_EXECUTE/ALUCOMP/MULT_INST/COMP_2/B[5] (BOOTHMUL_COMP_2)
                                                          0.00       0.10 r
  DATAPATH_INST/INST_EXECUTE/ALUCOMP/MULT_INST/COMP_2/ENCODERS_3/TO_ENC[0] (BOOTH_ENCODER_5)
                                                          0.00       0.10 r
  DATAPATH_INST/INST_EXECUTE/ALUCOMP/MULT_INST/COMP_2/ENCODERS_3/U2/ZN (NAND2_X1)
                                                          0.02       0.12 f
  DATAPATH_INST/INST_EXECUTE/ALUCOMP/MULT_INST/COMP_2/ENCODERS_3/U6/ZN (INV_X1)
                                                          0.01       0.13 r
  DATAPATH_INST/INST_EXECUTE/ALUCOMP/MULT_INST/COMP_2/ENCODERS_3/U4/ZN (NAND2_X1)
                                                          0.01       0.14 f
  DATAPATH_INST/INST_EXECUTE/ALUCOMP/MULT_INST/COMP_2/ENCODERS_3/U5/ZN (NAND2_X1)
                                                          0.02       0.16 r
  DATAPATH_INST/INST_EXECUTE/ALUCOMP/MULT_INST/COMP_2/ENCODERS_3/ENC[1] (BOOTH_ENCODER_5)
                                                          0.00       0.16 r
  DATAPATH_INST/INST_EXECUTE/ALUCOMP/MULT_INST/COMP_2/MUX_INST_0/SEL[1] (MUX51_GEN_N19_5)
                                                          0.00       0.16 r
  DATAPATH_INST/INST_EXECUTE/ALUCOMP/MULT_INST/COMP_2/MUX_INST_0/U11/ZN (AND2_X1)
                                                          0.04       0.20 r
  DATAPATH_INST/INST_EXECUTE/ALUCOMP/MULT_INST/COMP_2/MUX_INST_0/U9/ZN (NAND2_X2)
                                                          0.02       0.22 f
  DATAPATH_INST/INST_EXECUTE/ALUCOMP/MULT_INST/COMP_2/MUX_INST_0/U13/ZN (NAND2_X2)
                                                          0.02       0.24 r
  DATAPATH_INST/INST_EXECUTE/ALUCOMP/MULT_INST/COMP_2/MUX_INST_0/U10/ZN (NOR2_X2)
                                                          0.01       0.26 f
  DATAPATH_INST/INST_EXECUTE/ALUCOMP/MULT_INST/COMP_2/MUX_INST_0/U5/ZN (AOI22_X2)
                                                          0.03       0.29 r
  DATAPATH_INST/INST_EXECUTE/ALUCOMP/MULT_INST/COMP_2/MUX_INST_0/U16/ZN (NAND3_X2)
                                                          0.03       0.31 f
  DATAPATH_INST/INST_EXECUTE/ALUCOMP/MULT_INST/COMP_2/MUX_INST_0/Y[1] (MUX51_GEN_N19_5)
                                                          0.00       0.31 f
  DATAPATH_INST/INST_EXECUTE/ALUCOMP/MULT_INST/COMP_2/RCA_INST_1_0/B[1] (RCA_GEN_NO_C_N19_5)
                                                          0.00       0.31 f
  DATAPATH_INST/INST_EXECUTE/ALUCOMP/MULT_INST/COMP_2/RCA_INST_1_0/FAI_0/B (FA_154)
                                                          0.00       0.31 f
  DATAPATH_INST/INST_EXECUTE/ALUCOMP/MULT_INST/COMP_2/RCA_INST_1_0/FAI_0/XOR_GATE_1/B (XOR_GATE_1_312)
                                                          0.00       0.31 f
  DATAPATH_INST/INST_EXECUTE/ALUCOMP/MULT_INST/COMP_2/RCA_INST_1_0/FAI_0/XOR_GATE_1/U1/ZN (XNOR2_X2)
                                                          0.04       0.36 f
  DATAPATH_INST/INST_EXECUTE/ALUCOMP/MULT_INST/COMP_2/RCA_INST_1_0/FAI_0/XOR_GATE_1/Y (XOR_GATE_1_312)
                                                          0.00       0.36 f
  DATAPATH_INST/INST_EXECUTE/ALUCOMP/MULT_INST/COMP_2/RCA_INST_1_0/FAI_0/AND_GATE_2/A (AND_GATE_1_311)
                                                          0.00       0.36 f
  DATAPATH_INST/INST_EXECUTE/ALUCOMP/MULT_INST/COMP_2/RCA_INST_1_0/FAI_0/AND_GATE_2/U1/ZN (AND2_X4)
                                                          0.03       0.38 f
  DATAPATH_INST/INST_EXECUTE/ALUCOMP/MULT_INST/COMP_2/RCA_INST_1_0/FAI_0/AND_GATE_2/Y (AND_GATE_1_311)
                                                          0.00       0.38 f
  DATAPATH_INST/INST_EXECUTE/ALUCOMP/MULT_INST/COMP_2/RCA_INST_1_0/FAI_0/OR_GATE_1/B (OR_GATE_154)
                                                          0.00       0.38 f
  DATAPATH_INST/INST_EXECUTE/ALUCOMP/MULT_INST/COMP_2/RCA_INST_1_0/FAI_0/OR_GATE_1/U1/ZN (OR2_X4)
                                                          0.04       0.42 f
  DATAPATH_INST/INST_EXECUTE/ALUCOMP/MULT_INST/COMP_2/RCA_INST_1_0/FAI_0/OR_GATE_1/Y (OR_GATE_154)
                                                          0.00       0.42 f
  DATAPATH_INST/INST_EXECUTE/ALUCOMP/MULT_INST/COMP_2/RCA_INST_1_0/FAI_0/Co (FA_154)
                                                          0.00       0.42 f
  DATAPATH_INST/INST_EXECUTE/ALUCOMP/MULT_INST/COMP_2/RCA_INST_1_0/FAI_1/Ci (FA_153)
                                                          0.00       0.42 f
  DATAPATH_INST/INST_EXECUTE/ALUCOMP/MULT_INST/COMP_2/RCA_INST_1_0/FAI_1/AND_GATE_2/B (AND_GATE_1_309)
                                                          0.00       0.42 f
  DATAPATH_INST/INST_EXECUTE/ALUCOMP/MULT_INST/COMP_2/RCA_INST_1_0/FAI_1/AND_GATE_2/U1/ZN (AND2_X4)
                                                          0.03       0.45 f
  DATAPATH_INST/INST_EXECUTE/ALUCOMP/MULT_INST/COMP_2/RCA_INST_1_0/FAI_1/AND_GATE_2/Y (AND_GATE_1_309)
                                                          0.00       0.45 f
  DATAPATH_INST/INST_EXECUTE/ALUCOMP/MULT_INST/COMP_2/RCA_INST_1_0/FAI_1/OR_GATE_1/B (OR_GATE_153)
                                                          0.00       0.45 f
  DATAPATH_INST/INST_EXECUTE/ALUCOMP/MULT_INST/COMP_2/RCA_INST_1_0/FAI_1/OR_GATE_1/U1/ZN (INV_X4)
                                                          0.01       0.46 r
  DATAPATH_INST/INST_EXECUTE/ALUCOMP/MULT_INST/COMP_2/RCA_INST_1_0/FAI_1/OR_GATE_1/U2/ZN (NAND2_X4)
                                                          0.01       0.47 f
  DATAPATH_INST/INST_EXECUTE/ALUCOMP/MULT_INST/COMP_2/RCA_INST_1_0/FAI_1/OR_GATE_1/Y (OR_GATE_153)
                                                          0.00       0.47 f
  DATAPATH_INST/INST_EXECUTE/ALUCOMP/MULT_INST/COMP_2/RCA_INST_1_0/FAI_1/Co (FA_153)
                                                          0.00       0.47 f
  DATAPATH_INST/INST_EXECUTE/ALUCOMP/MULT_INST/COMP_2/RCA_INST_1_0/FAI_2/Ci (FA_152)
                                                          0.00       0.47 f
  DATAPATH_INST/INST_EXECUTE/ALUCOMP/MULT_INST/COMP_2/RCA_INST_1_0/FAI_2/AND_GATE_2/B (AND_GATE_1_307)
                                                          0.00       0.47 f
  DATAPATH_INST/INST_EXECUTE/ALUCOMP/MULT_INST/COMP_2/RCA_INST_1_0/FAI_2/AND_GATE_2/U1/ZN (AND2_X4)
                                                          0.03       0.50 f
  DATAPATH_INST/INST_EXECUTE/ALUCOMP/MULT_INST/COMP_2/RCA_INST_1_0/FAI_2/AND_GATE_2/Y (AND_GATE_1_307)
                                                          0.00       0.50 f
  DATAPATH_INST/INST_EXECUTE/ALUCOMP/MULT_INST/COMP_2/RCA_INST_1_0/FAI_2/OR_GATE_1/B (OR_GATE_152)
                                                          0.00       0.50 f
  DATAPATH_INST/INST_EXECUTE/ALUCOMP/MULT_INST/COMP_2/RCA_INST_1_0/FAI_2/OR_GATE_1/U1/ZN (OR2_X4)
                                                          0.04       0.53 f
  DATAPATH_INST/INST_EXECUTE/ALUCOMP/MULT_INST/COMP_2/RCA_INST_1_0/FAI_2/OR_GATE_1/Y (OR_GATE_152)
                                                          0.00       0.53 f
  DATAPATH_INST/INST_EXECUTE/ALUCOMP/MULT_INST/COMP_2/RCA_INST_1_0/FAI_2/Co (FA_152)
                                                          0.00       0.53 f
  DATAPATH_INST/INST_EXECUTE/ALUCOMP/MULT_INST/COMP_2/RCA_INST_1_0/FAI_3/Ci (FA_151)
                                                          0.00       0.53 f
  DATAPATH_INST/INST_EXECUTE/ALUCOMP/MULT_INST/COMP_2/RCA_INST_1_0/FAI_3/AND_GATE_2/B (AND_GATE_1_305)
                                                          0.00       0.53 f
  DATAPATH_INST/INST_EXECUTE/ALUCOMP/MULT_INST/COMP_2/RCA_INST_1_0/FAI_3/AND_GATE_2/U1/ZN (AND2_X1)
                                                          0.03       0.56 f
  DATAPATH_INST/INST_EXECUTE/ALUCOMP/MULT_INST/COMP_2/RCA_INST_1_0/FAI_3/AND_GATE_2/Y (AND_GATE_1_305)
                                                          0.00       0.56 f
  DATAPATH_INST/INST_EXECUTE/ALUCOMP/MULT_INST/COMP_2/RCA_INST_1_0/FAI_3/OR_GATE_1/B (OR_GATE_151)
                                                          0.00       0.56 f
  DATAPATH_INST/INST_EXECUTE/ALUCOMP/MULT_INST/COMP_2/RCA_INST_1_0/FAI_3/OR_GATE_1/U3/ZN (INV_X1)
                                                          0.01       0.58 r
  DATAPATH_INST/INST_EXECUTE/ALUCOMP/MULT_INST/COMP_2/RCA_INST_1_0/FAI_3/OR_GATE_1/U1/ZN (NAND2_X2)
                                                          0.02       0.59 f
  DATAPATH_INST/INST_EXECUTE/ALUCOMP/MULT_INST/COMP_2/RCA_INST_1_0/FAI_3/OR_GATE_1/Y (OR_GATE_151)
                                                          0.00       0.59 f
  DATAPATH_INST/INST_EXECUTE/ALUCOMP/MULT_INST/COMP_2/RCA_INST_1_0/FAI_3/Co (FA_151)
                                                          0.00       0.59 f
  DATAPATH_INST/INST_EXECUTE/ALUCOMP/MULT_INST/COMP_2/RCA_INST_1_0/FAI_4/Ci (FA_150)
                                                          0.00       0.59 f
  DATAPATH_INST/INST_EXECUTE/ALUCOMP/MULT_INST/COMP_2/RCA_INST_1_0/FAI_4/AND_GATE_2/B (AND_GATE_1_303)
                                                          0.00       0.59 f
  DATAPATH_INST/INST_EXECUTE/ALUCOMP/MULT_INST/COMP_2/RCA_INST_1_0/FAI_4/AND_GATE_2/U1/ZN (AND2_X4)
                                                          0.03       0.62 f
  DATAPATH_INST/INST_EXECUTE/ALUCOMP/MULT_INST/COMP_2/RCA_INST_1_0/FAI_4/AND_GATE_2/Y (AND_GATE_1_303)
                                                          0.00       0.62 f
  DATAPATH_INST/INST_EXECUTE/ALUCOMP/MULT_INST/COMP_2/RCA_INST_1_0/FAI_4/OR_GATE_1/B (OR_GATE_150)
                                                          0.00       0.62 f
  DATAPATH_INST/INST_EXECUTE/ALUCOMP/MULT_INST/COMP_2/RCA_INST_1_0/FAI_4/OR_GATE_1/U1/ZN (INV_X4)
                                                          0.01       0.63 r
  DATAPATH_INST/INST_EXECUTE/ALUCOMP/MULT_INST/COMP_2/RCA_INST_1_0/FAI_4/OR_GATE_1/U2/ZN (NAND2_X4)
                                                          0.01       0.64 f
  DATAPATH_INST/INST_EXECUTE/ALUCOMP/MULT_INST/COMP_2/RCA_INST_1_0/FAI_4/OR_GATE_1/Y (OR_GATE_150)
                                                          0.00       0.64 f
  DATAPATH_INST/INST_EXECUTE/ALUCOMP/MULT_INST/COMP_2/RCA_INST_1_0/FAI_4/Co (FA_150)
                                                          0.00       0.64 f
  DATAPATH_INST/INST_EXECUTE/ALUCOMP/MULT_INST/COMP_2/RCA_INST_1_0/FAI_5/Ci (FA_149)
                                                          0.00       0.64 f
  DATAPATH_INST/INST_EXECUTE/ALUCOMP/MULT_INST/COMP_2/RCA_INST_1_0/FAI_5/AND_GATE_2/B (AND_GATE_1_301)
                                                          0.00       0.64 f
  DATAPATH_INST/INST_EXECUTE/ALUCOMP/MULT_INST/COMP_2/RCA_INST_1_0/FAI_5/AND_GATE_2/U1/ZN (AND2_X2)
                                                          0.02       0.67 f
  DATAPATH_INST/INST_EXECUTE/ALUCOMP/MULT_INST/COMP_2/RCA_INST_1_0/FAI_5/AND_GATE_2/Y (AND_GATE_1_301)
                                                          0.00       0.67 f
  DATAPATH_INST/INST_EXECUTE/ALUCOMP/MULT_INST/COMP_2/RCA_INST_1_0/FAI_5/OR_GATE_1/B (OR_GATE_149)
                                                          0.00       0.67 f
  DATAPATH_INST/INST_EXECUTE/ALUCOMP/MULT_INST/COMP_2/RCA_INST_1_0/FAI_5/OR_GATE_1/U1/ZN (OR2_X2)
                                                          0.04       0.71 f
  DATAPATH_INST/INST_EXECUTE/ALUCOMP/MULT_INST/COMP_2/RCA_INST_1_0/FAI_5/OR_GATE_1/Y (OR_GATE_149)
                                                          0.00       0.71 f
  DATAPATH_INST/INST_EXECUTE/ALUCOMP/MULT_INST/COMP_2/RCA_INST_1_0/FAI_5/Co (FA_149)
                                                          0.00       0.71 f
  DATAPATH_INST/INST_EXECUTE/ALUCOMP/MULT_INST/COMP_2/RCA_INST_1_0/FAI_6/Ci (FA_148)
                                                          0.00       0.71 f
  DATAPATH_INST/INST_EXECUTE/ALUCOMP/MULT_INST/COMP_2/RCA_INST_1_0/FAI_6/AND_GATE_2/B (AND_GATE_1_299)
                                                          0.00       0.71 f
  DATAPATH_INST/INST_EXECUTE/ALUCOMP/MULT_INST/COMP_2/RCA_INST_1_0/FAI_6/AND_GATE_2/U1/ZN (AND2_X2)
                                                          0.03       0.74 f
  DATAPATH_INST/INST_EXECUTE/ALUCOMP/MULT_INST/COMP_2/RCA_INST_1_0/FAI_6/AND_GATE_2/Y (AND_GATE_1_299)
                                                          0.00       0.74 f
  DATAPATH_INST/INST_EXECUTE/ALUCOMP/MULT_INST/COMP_2/RCA_INST_1_0/FAI_6/OR_GATE_1/B (OR_GATE_148)
                                                          0.00       0.74 f
  DATAPATH_INST/INST_EXECUTE/ALUCOMP/MULT_INST/COMP_2/RCA_INST_1_0/FAI_6/OR_GATE_1/U1/ZN (INV_X4)
                                                          0.01       0.75 r
  DATAPATH_INST/INST_EXECUTE/ALUCOMP/MULT_INST/COMP_2/RCA_INST_1_0/FAI_6/OR_GATE_1/U2/ZN (NAND2_X4)
                                                          0.01       0.76 f
  DATAPATH_INST/INST_EXECUTE/ALUCOMP/MULT_INST/COMP_2/RCA_INST_1_0/FAI_6/OR_GATE_1/Y (OR_GATE_148)
                                                          0.00       0.76 f
  DATAPATH_INST/INST_EXECUTE/ALUCOMP/MULT_INST/COMP_2/RCA_INST_1_0/FAI_6/Co (FA_148)
                                                          0.00       0.76 f
  DATAPATH_INST/INST_EXECUTE/ALUCOMP/MULT_INST/COMP_2/RCA_INST_1_0/FAI_7/Ci (FA_147)
                                                          0.00       0.76 f
  DATAPATH_INST/INST_EXECUTE/ALUCOMP/MULT_INST/COMP_2/RCA_INST_1_0/FAI_7/AND_GATE_2/B (AND_GATE_1_297)
                                                          0.00       0.76 f
  DATAPATH_INST/INST_EXECUTE/ALUCOMP/MULT_INST/COMP_2/RCA_INST_1_0/FAI_7/AND_GATE_2/U1/ZN (AND2_X4)
                                                          0.03       0.79 f
  DATAPATH_INST/INST_EXECUTE/ALUCOMP/MULT_INST/COMP_2/RCA_INST_1_0/FAI_7/AND_GATE_2/Y (AND_GATE_1_297)
                                                          0.00       0.79 f
  DATAPATH_INST/INST_EXECUTE/ALUCOMP/MULT_INST/COMP_2/RCA_INST_1_0/FAI_7/OR_GATE_1/B (OR_GATE_147)
                                                          0.00       0.79 f
  DATAPATH_INST/INST_EXECUTE/ALUCOMP/MULT_INST/COMP_2/RCA_INST_1_0/FAI_7/OR_GATE_1/U1/ZN (OR2_X4)
                                                          0.04       0.83 f
  DATAPATH_INST/INST_EXECUTE/ALUCOMP/MULT_INST/COMP_2/RCA_INST_1_0/FAI_7/OR_GATE_1/Y (OR_GATE_147)
                                                          0.00       0.83 f
  DATAPATH_INST/INST_EXECUTE/ALUCOMP/MULT_INST/COMP_2/RCA_INST_1_0/FAI_7/Co (FA_147)
                                                          0.00       0.83 f
  DATAPATH_INST/INST_EXECUTE/ALUCOMP/MULT_INST/COMP_2/RCA_INST_1_0/FAI_8/Ci (FA_146)
                                                          0.00       0.83 f
  DATAPATH_INST/INST_EXECUTE/ALUCOMP/MULT_INST/COMP_2/RCA_INST_1_0/FAI_8/AND_GATE_2/B (AND_GATE_1_295)
                                                          0.00       0.83 f
  DATAPATH_INST/INST_EXECUTE/ALUCOMP/MULT_INST/COMP_2/RCA_INST_1_0/FAI_8/AND_GATE_2/U1/ZN (AND2_X4)
                                                          0.03       0.86 f
  DATAPATH_INST/INST_EXECUTE/ALUCOMP/MULT_INST/COMP_2/RCA_INST_1_0/FAI_8/AND_GATE_2/Y (AND_GATE_1_295)
                                                          0.00       0.86 f
  DATAPATH_INST/INST_EXECUTE/ALUCOMP/MULT_INST/COMP_2/RCA_INST_1_0/FAI_8/OR_GATE_1/B (OR_GATE_146)
                                                          0.00       0.86 f
  DATAPATH_INST/INST_EXECUTE/ALUCOMP/MULT_INST/COMP_2/RCA_INST_1_0/FAI_8/OR_GATE_1/U1/ZN (OR2_X4)
                                                          0.04       0.89 f
  DATAPATH_INST/INST_EXECUTE/ALUCOMP/MULT_INST/COMP_2/RCA_INST_1_0/FAI_8/OR_GATE_1/Y (OR_GATE_146)
                                                          0.00       0.89 f
  DATAPATH_INST/INST_EXECUTE/ALUCOMP/MULT_INST/COMP_2/RCA_INST_1_0/FAI_8/Co (FA_146)
                                                          0.00       0.89 f
  DATAPATH_INST/INST_EXECUTE/ALUCOMP/MULT_INST/COMP_2/RCA_INST_1_0/FAI_9/Ci (FA_145)
                                                          0.00       0.89 f
  DATAPATH_INST/INST_EXECUTE/ALUCOMP/MULT_INST/COMP_2/RCA_INST_1_0/FAI_9/AND_GATE_2/B (AND_GATE_1_293)
                                                          0.00       0.89 f
  DATAPATH_INST/INST_EXECUTE/ALUCOMP/MULT_INST/COMP_2/RCA_INST_1_0/FAI_9/AND_GATE_2/U1/ZN (AND2_X4)
                                                          0.03       0.92 f
  DATAPATH_INST/INST_EXECUTE/ALUCOMP/MULT_INST/COMP_2/RCA_INST_1_0/FAI_9/AND_GATE_2/Y (AND_GATE_1_293)
                                                          0.00       0.92 f
  DATAPATH_INST/INST_EXECUTE/ALUCOMP/MULT_INST/COMP_2/RCA_INST_1_0/FAI_9/OR_GATE_1/B (OR_GATE_145)
                                                          0.00       0.92 f
  DATAPATH_INST/INST_EXECUTE/ALUCOMP/MULT_INST/COMP_2/RCA_INST_1_0/FAI_9/OR_GATE_1/U1/ZN (OR2_X4)
                                                          0.04       0.96 f
  DATAPATH_INST/INST_EXECUTE/ALUCOMP/MULT_INST/COMP_2/RCA_INST_1_0/FAI_9/OR_GATE_1/Y (OR_GATE_145)
                                                          0.00       0.96 f
  DATAPATH_INST/INST_EXECUTE/ALUCOMP/MULT_INST/COMP_2/RCA_INST_1_0/FAI_9/Co (FA_145)
                                                          0.00       0.96 f
  DATAPATH_INST/INST_EXECUTE/ALUCOMP/MULT_INST/COMP_2/RCA_INST_1_0/FAI_10/Ci (FA_144)
                                                          0.00       0.96 f
  DATAPATH_INST/INST_EXECUTE/ALUCOMP/MULT_INST/COMP_2/RCA_INST_1_0/FAI_10/AND_GATE_2/B (AND_GATE_1_291)
                                                          0.00       0.96 f
  DATAPATH_INST/INST_EXECUTE/ALUCOMP/MULT_INST/COMP_2/RCA_INST_1_0/FAI_10/AND_GATE_2/U1/ZN (AND2_X4)
                                                          0.03       0.99 f
  DATAPATH_INST/INST_EXECUTE/ALUCOMP/MULT_INST/COMP_2/RCA_INST_1_0/FAI_10/AND_GATE_2/Y (AND_GATE_1_291)
                                                          0.00       0.99 f
  DATAPATH_INST/INST_EXECUTE/ALUCOMP/MULT_INST/COMP_2/RCA_INST_1_0/FAI_10/OR_GATE_1/B (OR_GATE_144)
                                                          0.00       0.99 f
  DATAPATH_INST/INST_EXECUTE/ALUCOMP/MULT_INST/COMP_2/RCA_INST_1_0/FAI_10/OR_GATE_1/U1/ZN (OR2_X4)
                                                          0.04       1.03 f
  DATAPATH_INST/INST_EXECUTE/ALUCOMP/MULT_INST/COMP_2/RCA_INST_1_0/FAI_10/OR_GATE_1/Y (OR_GATE_144)
                                                          0.00       1.03 f
  DATAPATH_INST/INST_EXECUTE/ALUCOMP/MULT_INST/COMP_2/RCA_INST_1_0/FAI_10/Co (FA_144)
                                                          0.00       1.03 f
  DATAPATH_INST/INST_EXECUTE/ALUCOMP/MULT_INST/COMP_2/RCA_INST_1_0/FAI_11/Ci (FA_143)
                                                          0.00       1.03 f
  DATAPATH_INST/INST_EXECUTE/ALUCOMP/MULT_INST/COMP_2/RCA_INST_1_0/FAI_11/AND_GATE_2/B (AND_GATE_1_289)
                                                          0.00       1.03 f
  DATAPATH_INST/INST_EXECUTE/ALUCOMP/MULT_INST/COMP_2/RCA_INST_1_0/FAI_11/AND_GATE_2/U1/ZN (AND2_X4)
                                                          0.03       1.05 f
  DATAPATH_INST/INST_EXECUTE/ALUCOMP/MULT_INST/COMP_2/RCA_INST_1_0/FAI_11/AND_GATE_2/Y (AND_GATE_1_289)
                                                          0.00       1.05 f
  DATAPATH_INST/INST_EXECUTE/ALUCOMP/MULT_INST/COMP_2/RCA_INST_1_0/FAI_11/OR_GATE_1/B (OR_GATE_143)
                                                          0.00       1.05 f
  DATAPATH_INST/INST_EXECUTE/ALUCOMP/MULT_INST/COMP_2/RCA_INST_1_0/FAI_11/OR_GATE_1/U1/ZN (OR2_X4)
                                                          0.04       1.09 f
  DATAPATH_INST/INST_EXECUTE/ALUCOMP/MULT_INST/COMP_2/RCA_INST_1_0/FAI_11/OR_GATE_1/Y (OR_GATE_143)
                                                          0.00       1.09 f
  DATAPATH_INST/INST_EXECUTE/ALUCOMP/MULT_INST/COMP_2/RCA_INST_1_0/FAI_11/Co (FA_143)
                                                          0.00       1.09 f
  DATAPATH_INST/INST_EXECUTE/ALUCOMP/MULT_INST/COMP_2/RCA_INST_1_0/FAI_12/Ci (FA_142)
                                                          0.00       1.09 f
  DATAPATH_INST/INST_EXECUTE/ALUCOMP/MULT_INST/COMP_2/RCA_INST_1_0/FAI_12/AND_GATE_2/B (AND_GATE_1_287)
                                                          0.00       1.09 f
  DATAPATH_INST/INST_EXECUTE/ALUCOMP/MULT_INST/COMP_2/RCA_INST_1_0/FAI_12/AND_GATE_2/U1/ZN (AND2_X4)
                                                          0.03       1.12 f
  DATAPATH_INST/INST_EXECUTE/ALUCOMP/MULT_INST/COMP_2/RCA_INST_1_0/FAI_12/AND_GATE_2/Y (AND_GATE_1_287)
                                                          0.00       1.12 f
  DATAPATH_INST/INST_EXECUTE/ALUCOMP/MULT_INST/COMP_2/RCA_INST_1_0/FAI_12/OR_GATE_1/B (OR_GATE_142)
                                                          0.00       1.12 f
  DATAPATH_INST/INST_EXECUTE/ALUCOMP/MULT_INST/COMP_2/RCA_INST_1_0/FAI_12/OR_GATE_1/U1/ZN (OR2_X4)
                                                          0.04       1.16 f
  DATAPATH_INST/INST_EXECUTE/ALUCOMP/MULT_INST/COMP_2/RCA_INST_1_0/FAI_12/OR_GATE_1/Y (OR_GATE_142)
                                                          0.00       1.16 f
  DATAPATH_INST/INST_EXECUTE/ALUCOMP/MULT_INST/COMP_2/RCA_INST_1_0/FAI_12/Co (FA_142)
                                                          0.00       1.16 f
  DATAPATH_INST/INST_EXECUTE/ALUCOMP/MULT_INST/COMP_2/RCA_INST_1_0/FAI_13/Ci (FA_141)
                                                          0.00       1.16 f
  DATAPATH_INST/INST_EXECUTE/ALUCOMP/MULT_INST/COMP_2/RCA_INST_1_0/FAI_13/AND_GATE_2/B (AND_GATE_1_285)
                                                          0.00       1.16 f
  DATAPATH_INST/INST_EXECUTE/ALUCOMP/MULT_INST/COMP_2/RCA_INST_1_0/FAI_13/AND_GATE_2/U1/ZN (AND2_X1)
                                                          0.03       1.19 f
  DATAPATH_INST/INST_EXECUTE/ALUCOMP/MULT_INST/COMP_2/RCA_INST_1_0/FAI_13/AND_GATE_2/Y (AND_GATE_1_285)
                                                          0.00       1.19 f
  DATAPATH_INST/INST_EXECUTE/ALUCOMP/MULT_INST/COMP_2/RCA_INST_1_0/FAI_13/OR_GATE_1/B (OR_GATE_141)
                                                          0.00       1.19 f
  DATAPATH_INST/INST_EXECUTE/ALUCOMP/MULT_INST/COMP_2/RCA_INST_1_0/FAI_13/OR_GATE_1/U1/ZN (OR2_X4)
                                                          0.04       1.23 f
  DATAPATH_INST/INST_EXECUTE/ALUCOMP/MULT_INST/COMP_2/RCA_INST_1_0/FAI_13/OR_GATE_1/Y (OR_GATE_141)
                                                          0.00       1.23 f
  DATAPATH_INST/INST_EXECUTE/ALUCOMP/MULT_INST/COMP_2/RCA_INST_1_0/FAI_13/Co (FA_141)
                                                          0.00       1.23 f
  DATAPATH_INST/INST_EXECUTE/ALUCOMP/MULT_INST/COMP_2/RCA_INST_1_0/FAI_14/Ci (FA_140)
                                                          0.00       1.23 f
  DATAPATH_INST/INST_EXECUTE/ALUCOMP/MULT_INST/COMP_2/RCA_INST_1_0/FAI_14/XOR_GATE_2/B (XOR_GATE_1_283)
                                                          0.00       1.23 f
  DATAPATH_INST/INST_EXECUTE/ALUCOMP/MULT_INST/COMP_2/RCA_INST_1_0/FAI_14/XOR_GATE_2/U1/Z (XOR2_X2)
                                                          0.05       1.28 f
  DATAPATH_INST/INST_EXECUTE/ALUCOMP/MULT_INST/COMP_2/RCA_INST_1_0/FAI_14/XOR_GATE_2/Y (XOR_GATE_1_283)
                                                          0.00       1.28 f
  DATAPATH_INST/INST_EXECUTE/ALUCOMP/MULT_INST/COMP_2/RCA_INST_1_0/FAI_14/S (FA_140)
                                                          0.00       1.28 f
  DATAPATH_INST/INST_EXECUTE/ALUCOMP/MULT_INST/COMP_2/RCA_INST_1_0/S[15] (RCA_GEN_NO_C_N19_5)
                                                          0.00       1.28 f
  DATAPATH_INST/INST_EXECUTE/ALUCOMP/MULT_INST/COMP_2/RCA_INST_1_1/A[13] (RCA_GEN_NO_C_N19_4)
                                                          0.00       1.28 f
  DATAPATH_INST/INST_EXECUTE/ALUCOMP/MULT_INST/COMP_2/RCA_INST_1_1/FAI_12/A (FA_124)
                                                          0.00       1.28 f
  DATAPATH_INST/INST_EXECUTE/ALUCOMP/MULT_INST/COMP_2/RCA_INST_1_1/FAI_12/XOR_GATE_1/A (XOR_GATE_1_251)
                                                          0.00       1.28 f
  DATAPATH_INST/INST_EXECUTE/ALUCOMP/MULT_INST/COMP_2/RCA_INST_1_1/FAI_12/XOR_GATE_1/U1/ZN (XNOR2_X2)
                                                          0.04       1.32 f
  DATAPATH_INST/INST_EXECUTE/ALUCOMP/MULT_INST/COMP_2/RCA_INST_1_1/FAI_12/XOR_GATE_1/Y (XOR_GATE_1_251)
                                                          0.00       1.32 f
  DATAPATH_INST/INST_EXECUTE/ALUCOMP/MULT_INST/COMP_2/RCA_INST_1_1/FAI_12/AND_GATE_2/A (AND_GATE_1_250)
                                                          0.00       1.32 f
  DATAPATH_INST/INST_EXECUTE/ALUCOMP/MULT_INST/COMP_2/RCA_INST_1_1/FAI_12/AND_GATE_2/U1/ZN (AND2_X1)
                                                          0.03       1.36 f
  DATAPATH_INST/INST_EXECUTE/ALUCOMP/MULT_INST/COMP_2/RCA_INST_1_1/FAI_12/AND_GATE_2/Y (AND_GATE_1_250)
                                                          0.00       1.36 f
  DATAPATH_INST/INST_EXECUTE/ALUCOMP/MULT_INST/COMP_2/RCA_INST_1_1/FAI_12/OR_GATE_1/B (OR_GATE_124)
                                                          0.00       1.36 f
  DATAPATH_INST/INST_EXECUTE/ALUCOMP/MULT_INST/COMP_2/RCA_INST_1_1/FAI_12/OR_GATE_1/U1/ZN (OR2_X4)
                                                          0.04       1.39 f
  DATAPATH_INST/INST_EXECUTE/ALUCOMP/MULT_INST/COMP_2/RCA_INST_1_1/FAI_12/OR_GATE_1/Y (OR_GATE_124)
                                                          0.00       1.39 f
  DATAPATH_INST/INST_EXECUTE/ALUCOMP/MULT_INST/COMP_2/RCA_INST_1_1/FAI_12/Co (FA_124)
                                                          0.00       1.39 f
  DATAPATH_INST/INST_EXECUTE/ALUCOMP/MULT_INST/COMP_2/RCA_INST_1_1/FAI_13/Ci (FA_123)
                                                          0.00       1.39 f
  DATAPATH_INST/INST_EXECUTE/ALUCOMP/MULT_INST/COMP_2/RCA_INST_1_1/FAI_13/AND_GATE_2/B (AND_GATE_1_248)
                                                          0.00       1.39 f
  DATAPATH_INST/INST_EXECUTE/ALUCOMP/MULT_INST/COMP_2/RCA_INST_1_1/FAI_13/AND_GATE_2/U1/ZN (AND2_X1)
                                                          0.03       1.42 f
  DATAPATH_INST/INST_EXECUTE/ALUCOMP/MULT_INST/COMP_2/RCA_INST_1_1/FAI_13/AND_GATE_2/Y (AND_GATE_1_248)
                                                          0.00       1.42 f
  DATAPATH_INST/INST_EXECUTE/ALUCOMP/MULT_INST/COMP_2/RCA_INST_1_1/FAI_13/OR_GATE_1/B (OR_GATE_123)
                                                          0.00       1.42 f
  DATAPATH_INST/INST_EXECUTE/ALUCOMP/MULT_INST/COMP_2/RCA_INST_1_1/FAI_13/OR_GATE_1/U1/ZN (OR2_X1)
                                                          0.05       1.47 f
  DATAPATH_INST/INST_EXECUTE/ALUCOMP/MULT_INST/COMP_2/RCA_INST_1_1/FAI_13/OR_GATE_1/Y (OR_GATE_123)
                                                          0.00       1.47 f
  DATAPATH_INST/INST_EXECUTE/ALUCOMP/MULT_INST/COMP_2/RCA_INST_1_1/FAI_13/Co (FA_123)
                                                          0.00       1.47 f
  DATAPATH_INST/INST_EXECUTE/ALUCOMP/MULT_INST/COMP_2/RCA_INST_1_1/FAI_14/Ci (FA_122)
                                                          0.00       1.47 f
  DATAPATH_INST/INST_EXECUTE/ALUCOMP/MULT_INST/COMP_2/RCA_INST_1_1/FAI_14/AND_GATE_2/B (AND_GATE_1_246)
                                                          0.00       1.47 f
  DATAPATH_INST/INST_EXECUTE/ALUCOMP/MULT_INST/COMP_2/RCA_INST_1_1/FAI_14/AND_GATE_2/U1/ZN (AND2_X1)
                                                          0.03       1.50 f
  DATAPATH_INST/INST_EXECUTE/ALUCOMP/MULT_INST/COMP_2/RCA_INST_1_1/FAI_14/AND_GATE_2/Y (AND_GATE_1_246)
                                                          0.00       1.50 f
  DATAPATH_INST/INST_EXECUTE/ALUCOMP/MULT_INST/COMP_2/RCA_INST_1_1/FAI_14/OR_GATE_1/B (OR_GATE_122)
                                                          0.00       1.50 f
  DATAPATH_INST/INST_EXECUTE/ALUCOMP/MULT_INST/COMP_2/RCA_INST_1_1/FAI_14/OR_GATE_1/U1/ZN (INV_X2)
                                                          0.01       1.52 r
  DATAPATH_INST/INST_EXECUTE/ALUCOMP/MULT_INST/COMP_2/RCA_INST_1_1/FAI_14/OR_GATE_1/U2/ZN (NAND2_X2)
                                                          0.01       1.53 f
  DATAPATH_INST/INST_EXECUTE/ALUCOMP/MULT_INST/COMP_2/RCA_INST_1_1/FAI_14/OR_GATE_1/Y (OR_GATE_122)
                                                          0.00       1.53 f
  DATAPATH_INST/INST_EXECUTE/ALUCOMP/MULT_INST/COMP_2/RCA_INST_1_1/FAI_14/Co (FA_122)
                                                          0.00       1.53 f
  DATAPATH_INST/INST_EXECUTE/ALUCOMP/MULT_INST/COMP_2/RCA_INST_1_1/FAI_15/Ci (FA_121)
                                                          0.00       1.53 f
  DATAPATH_INST/INST_EXECUTE/ALUCOMP/MULT_INST/COMP_2/RCA_INST_1_1/FAI_15/AND_GATE_2/B (AND_GATE_1_244)
                                                          0.00       1.53 f
  DATAPATH_INST/INST_EXECUTE/ALUCOMP/MULT_INST/COMP_2/RCA_INST_1_1/FAI_15/AND_GATE_2/U1/ZN (AND2_X2)
                                                          0.03       1.56 f
  DATAPATH_INST/INST_EXECUTE/ALUCOMP/MULT_INST/COMP_2/RCA_INST_1_1/FAI_15/AND_GATE_2/Y (AND_GATE_1_244)
                                                          0.00       1.56 f
  DATAPATH_INST/INST_EXECUTE/ALUCOMP/MULT_INST/COMP_2/RCA_INST_1_1/FAI_15/OR_GATE_1/B (OR_GATE_121)
                                                          0.00       1.56 f
  DATAPATH_INST/INST_EXECUTE/ALUCOMP/MULT_INST/COMP_2/RCA_INST_1_1/FAI_15/OR_GATE_1/U1/ZN (OR2_X4)
                                                          0.04       1.60 f
  DATAPATH_INST/INST_EXECUTE/ALUCOMP/MULT_INST/COMP_2/RCA_INST_1_1/FAI_15/OR_GATE_1/Y (OR_GATE_121)
                                                          0.00       1.60 f
  DATAPATH_INST/INST_EXECUTE/ALUCOMP/MULT_INST/COMP_2/RCA_INST_1_1/FAI_15/Co (FA_121)
                                                          0.00       1.60 f
  DATAPATH_INST/INST_EXECUTE/ALUCOMP/MULT_INST/COMP_2/RCA_INST_1_1/FAI_16/Ci (FA_120)
                                                          0.00       1.60 f
  DATAPATH_INST/INST_EXECUTE/ALUCOMP/MULT_INST/COMP_2/RCA_INST_1_1/FAI_16/AND_GATE_2/B (AND_GATE_1_242)
                                                          0.00       1.60 f
  DATAPATH_INST/INST_EXECUTE/ALUCOMP/MULT_INST/COMP_2/RCA_INST_1_1/FAI_16/AND_GATE_2/U1/ZN (AND2_X2)
                                                          0.03       1.62 f
  DATAPATH_INST/INST_EXECUTE/ALUCOMP/MULT_INST/COMP_2/RCA_INST_1_1/FAI_16/AND_GATE_2/Y (AND_GATE_1_242)
                                                          0.00       1.62 f
  DATAPATH_INST/INST_EXECUTE/ALUCOMP/MULT_INST/COMP_2/RCA_INST_1_1/FAI_16/OR_GATE_1/B (OR_GATE_120)
                                                          0.00       1.62 f
  DATAPATH_INST/INST_EXECUTE/ALUCOMP/MULT_INST/COMP_2/RCA_INST_1_1/FAI_16/OR_GATE_1/U1/ZN (OR2_X2)
                                                          0.04       1.67 f
  DATAPATH_INST/INST_EXECUTE/ALUCOMP/MULT_INST/COMP_2/RCA_INST_1_1/FAI_16/OR_GATE_1/Y (OR_GATE_120)
                                                          0.00       1.67 f
  DATAPATH_INST/INST_EXECUTE/ALUCOMP/MULT_INST/COMP_2/RCA_INST_1_1/FAI_16/Co (FA_120)
                                                          0.00       1.67 f
  DATAPATH_INST/INST_EXECUTE/ALUCOMP/MULT_INST/COMP_2/RCA_INST_1_1/FAI_17/Ci (FA_119)
                                                          0.00       1.67 f
  DATAPATH_INST/INST_EXECUTE/ALUCOMP/MULT_INST/COMP_2/RCA_INST_1_1/FAI_17/XOR_GATE_2/B (XOR_GATE_1_240)
                                                          0.00       1.67 f
  DATAPATH_INST/INST_EXECUTE/ALUCOMP/MULT_INST/COMP_2/RCA_INST_1_1/FAI_17/XOR_GATE_2/U4/ZN (NAND2_X2)
                                                          0.02       1.69 r
  DATAPATH_INST/INST_EXECUTE/ALUCOMP/MULT_INST/COMP_2/RCA_INST_1_1/FAI_17/XOR_GATE_2/U1/ZN (NAND2_X4)
                                                          0.02       1.70 f
  DATAPATH_INST/INST_EXECUTE/ALUCOMP/MULT_INST/COMP_2/RCA_INST_1_1/FAI_17/XOR_GATE_2/Y (XOR_GATE_1_240)
                                                          0.00       1.70 f
  DATAPATH_INST/INST_EXECUTE/ALUCOMP/MULT_INST/COMP_2/RCA_INST_1_1/FAI_17/S (FA_119)
                                                          0.00       1.70 f
  DATAPATH_INST/INST_EXECUTE/ALUCOMP/MULT_INST/COMP_2/RCA_INST_1_1/S[18] (RCA_GEN_NO_C_N19_4)
                                                          0.00       1.70 f
  DATAPATH_INST/INST_EXECUTE/ALUCOMP/MULT_INST/COMP_2/RCA_INST_1_2/A[16] (RCA_GEN_NO_C_N19_3)
                                                          0.00       1.70 f
  DATAPATH_INST/INST_EXECUTE/ALUCOMP/MULT_INST/COMP_2/RCA_INST_1_2/FAI_15/A (FA_103)
                                                          0.00       1.70 f
  DATAPATH_INST/INST_EXECUTE/ALUCOMP/MULT_INST/COMP_2/RCA_INST_1_2/FAI_15/XOR_GATE_1/A (XOR_GATE_1_208)
                                                          0.00       1.70 f
  DATAPATH_INST/INST_EXECUTE/ALUCOMP/MULT_INST/COMP_2/RCA_INST_1_2/FAI_15/XOR_GATE_1/U1/Z (XOR2_X2)
                                                          0.05       1.76 f
  DATAPATH_INST/INST_EXECUTE/ALUCOMP/MULT_INST/COMP_2/RCA_INST_1_2/FAI_15/XOR_GATE_1/Y (XOR_GATE_1_208)
                                                          0.00       1.76 f
  DATAPATH_INST/INST_EXECUTE/ALUCOMP/MULT_INST/COMP_2/RCA_INST_1_2/FAI_15/AND_GATE_2/A (AND_GATE_1_207)
                                                          0.00       1.76 f
  DATAPATH_INST/INST_EXECUTE/ALUCOMP/MULT_INST/COMP_2/RCA_INST_1_2/FAI_15/AND_GATE_2/U1/ZN (AND2_X4)
                                                          0.03       1.78 f
  DATAPATH_INST/INST_EXECUTE/ALUCOMP/MULT_INST/COMP_2/RCA_INST_1_2/FAI_15/AND_GATE_2/Y (AND_GATE_1_207)
                                                          0.00       1.78 f
  DATAPATH_INST/INST_EXECUTE/ALUCOMP/MULT_INST/COMP_2/RCA_INST_1_2/FAI_15/OR_GATE_1/B (OR_GATE_103)
                                                          0.00       1.78 f
  DATAPATH_INST/INST_EXECUTE/ALUCOMP/MULT_INST/COMP_2/RCA_INST_1_2/FAI_15/OR_GATE_1/U1/ZN (OR2_X4)
                                                          0.04       1.82 f
  DATAPATH_INST/INST_EXECUTE/ALUCOMP/MULT_INST/COMP_2/RCA_INST_1_2/FAI_15/OR_GATE_1/Y (OR_GATE_103)
                                                          0.00       1.82 f
  DATAPATH_INST/INST_EXECUTE/ALUCOMP/MULT_INST/COMP_2/RCA_INST_1_2/FAI_15/Co (FA_103)
                                                          0.00       1.82 f
  DATAPATH_INST/INST_EXECUTE/ALUCOMP/MULT_INST/COMP_2/RCA_INST_1_2/FAI_16/Ci (FA_102)
                                                          0.00       1.82 f
  DATAPATH_INST/INST_EXECUTE/ALUCOMP/MULT_INST/COMP_2/RCA_INST_1_2/FAI_16/AND_GATE_2/B (AND_GATE_1_205)
                                                          0.00       1.82 f
  DATAPATH_INST/INST_EXECUTE/ALUCOMP/MULT_INST/COMP_2/RCA_INST_1_2/FAI_16/AND_GATE_2/U1/ZN (AND2_X4)
                                                          0.03       1.85 f
  DATAPATH_INST/INST_EXECUTE/ALUCOMP/MULT_INST/COMP_2/RCA_INST_1_2/FAI_16/AND_GATE_2/Y (AND_GATE_1_205)
                                                          0.00       1.85 f
  DATAPATH_INST/INST_EXECUTE/ALUCOMP/MULT_INST/COMP_2/RCA_INST_1_2/FAI_16/OR_GATE_1/B (OR_GATE_102)
                                                          0.00       1.85 f
  DATAPATH_INST/INST_EXECUTE/ALUCOMP/MULT_INST/COMP_2/RCA_INST_1_2/FAI_16/OR_GATE_1/U1/ZN (OR2_X4)
                                                          0.04       1.89 f
  DATAPATH_INST/INST_EXECUTE/ALUCOMP/MULT_INST/COMP_2/RCA_INST_1_2/FAI_16/OR_GATE_1/Y (OR_GATE_102)
                                                          0.00       1.89 f
  DATAPATH_INST/INST_EXECUTE/ALUCOMP/MULT_INST/COMP_2/RCA_INST_1_2/FAI_16/Co (FA_102)
                                                          0.00       1.89 f
  DATAPATH_INST/INST_EXECUTE/ALUCOMP/MULT_INST/COMP_2/RCA_INST_1_2/FAI_17/Ci (FA_101)
                                                          0.00       1.89 f
  DATAPATH_INST/INST_EXECUTE/ALUCOMP/MULT_INST/COMP_2/RCA_INST_1_2/FAI_17/XOR_GATE_2/B (XOR_GATE_1_203)
                                                          0.00       1.89 f
  DATAPATH_INST/INST_EXECUTE/ALUCOMP/MULT_INST/COMP_2/RCA_INST_1_2/FAI_17/XOR_GATE_2/U1/Z (XOR2_X1)
                                                          0.05       1.93 f
  DATAPATH_INST/INST_EXECUTE/ALUCOMP/MULT_INST/COMP_2/RCA_INST_1_2/FAI_17/XOR_GATE_2/Y (XOR_GATE_1_203)
                                                          0.00       1.93 f
  DATAPATH_INST/INST_EXECUTE/ALUCOMP/MULT_INST/COMP_2/RCA_INST_1_2/FAI_17/S (FA_101)
                                                          0.00       1.93 f
  DATAPATH_INST/INST_EXECUTE/ALUCOMP/MULT_INST/COMP_2/RCA_INST_1_2/S[18] (RCA_GEN_NO_C_N19_3)
                                                          0.00       1.93 f
  DATAPATH_INST/INST_EXECUTE/ALUCOMP/MULT_INST/COMP_2/P[22] (BOOTHMUL_COMP_2)
                                                          0.00       1.93 f
  DATAPATH_INST/INST_EXECUTE/ALUCOMP/MULT_INST/PIPE_2_1/D[16] (REG_N17_1)
                                                          0.00       1.93 f
  DATAPATH_INST/INST_EXECUTE/ALUCOMP/MULT_INST/PIPE_2_1/FF_16/D (FD_49)
                                                          0.00       1.93 f
  DATAPATH_INST/INST_EXECUTE/ALUCOMP/MULT_INST/PIPE_2_1/FF_16/U3/ZN (NAND2_X1)
                                                          0.02       1.95 r
  DATAPATH_INST/INST_EXECUTE/ALUCOMP/MULT_INST/PIPE_2_1/FF_16/U4/ZN (NAND2_X1)
                                                          0.01       1.96 f
  DATAPATH_INST/INST_EXECUTE/ALUCOMP/MULT_INST/PIPE_2_1/FF_16/Q_reg/D (DFF_X1)
                                                          0.00       1.96 f
  data arrival time                                                  1.96

  clock CLK (rise edge)                                   2.00       2.00
  clock network delay (ideal)                             0.00       2.00
  DATAPATH_INST/INST_EXECUTE/ALUCOMP/MULT_INST/PIPE_2_1/FF_16/Q_reg/CK (DFF_X1)
                                                          0.00       2.00 r
  library setup time                                     -0.04       1.96
  data required time                                                 1.96
  --------------------------------------------------------------------------
  data required time                                                 1.96
  data arrival time                                                 -1.96
  --------------------------------------------------------------------------
  slack (MET)                                                        0.00


1
